;  LST file generated by mikroListExporter - v.2.0 
; Date/Time: 07/03/2015 06:56:04 ã
;----------------------------------------------

;Address Opcode 	ASM
0x0000	0xF000EFD4  	GOTO        424
0x0004	0x0000      	NOP
0x0006	0x0000      	NOP
0x0008	0xF000EF00  	GOTO        0
0x000C	0x0000      	NOP
0x000E	0x0000      	NOP
0x0010	0x0000      	NOP
0x0012	0x0000      	NOP
0x0014	0x0000      	NOP
0x0016	0x0000      	NOP
0x0018	0xD7F3      	BRA         0
_digitalwrite:
;arabduino.c,50 :: 		void digitalwrite( uint8_t  pin , uint8_t  state)                //set pin level
;arabduino.c,57 :: 		vport=((pin>>4)+4)|0XF80;
0x001C	0x0E04      	MOVLW       4
0x001E	0x6E00      	MOVWF       R0 
0x0020	0xF002C015  	MOVFF       FARG_digitalwrite_pin, R2
0x0024	0x0E00      	MOVLW       0
0x0026	0x6E03      	MOVWF       R3 
0x0028	0x5000      	MOVF        R0, 0 
L__digitalwrite28:
0x002A	0xE004      	BZ          L__digitalwrite29
0x002C	0x3202      	RRCF        R2, 1 
0x002E	0x9E02      	BCF         R2, 7 
0x0030	0x0FFF      	ADDLW       255
0x0032	0xD7FB      	BRA         L__digitalwrite28
L__digitalwrite29:
0x0034	0x0E04      	MOVLW       4
0x0036	0x2602      	ADDWF       R2, 1 
0x0038	0x6A03      	CLRF        R3 
0x003A	0x0E00      	MOVLW       0
0x003C	0x2203      	ADDWFC      R3, 1 
0x003E	0x0E80      	MOVLW       128
0x0040	0x1202      	IORWF       R2, 1 
0x0042	0x0E0F      	MOVLW       15
0x0044	0x1203      	IORWF       R3, 1 
;arabduino.c,59 :: 		if(state == 1)
0x0046	0x5016      	MOVF        FARG_digitalwrite_state, 0 
0x0048	0x0A01      	XORLW       1
0x004A	0xE119      	BNZ         L_digitalwrite3
;arabduino.c,61 :: 		*(vport)|=1<<(pin&0x0f);
0x004C	0x0E0F      	MOVLW       15
0x004E	0x1415      	ANDWF       FARG_digitalwrite_pin, 0 
0x0050	0x6E00      	MOVWF       R0 
0x0052	0x0E01      	MOVLW       1
0x0054	0x6E01      	MOVWF       R1 
0x0056	0x5000      	MOVF        R0, 0 
L__digitalwrite30:
0x0058	0xE004      	BZ          L__digitalwrite31
0x005A	0x3601      	RLCF        R1, 1 
0x005C	0x9001      	BCF         R1, 0 
0x005E	0x0FFF      	ADDLW       255
0x0060	0xD7FB      	BRA         L__digitalwrite30
L__digitalwrite31:
0x0062	0xFFE9C002  	MOVFF       R2, FSR0L
0x0066	0xFFEAC003  	MOVFF       R3, FSR0H
0x006A	0xF000CFEE  	MOVFF       POSTINC0, R0
0x006E	0xFFE1C002  	MOVFF       R2, FSR1L
0x0072	0xFFE2C003  	MOVFF       R3, FSR1H
0x0076	0x5001      	MOVF        R1, 0 
0x0078	0x1000      	IORWF       R0, 0 
0x007A	0x6EE6      	MOVWF       POSTINC1 
;arabduino.c,62 :: 		return;
0x007C	0x0012      	RETURN      0
;arabduino.c,63 :: 		}
L_digitalwrite3:
;arabduino.c,64 :: 		else if (state == 0)
0x007E	0x5016      	MOVF        FARG_digitalwrite_state, 0 
0x0080	0x0A00      	XORLW       0
0x0082	0xE11D      	BNZ         L_digitalwrite5
;arabduino.c,66 :: 		*(vport)&=~(1<<(pin&0x0f));
0x0084	0x0E0F      	MOVLW       15
0x0086	0x1415      	ANDWF       FARG_digitalwrite_pin, 0 
0x0088	0x6E00      	MOVWF       R0 
0x008A	0xF001C000  	MOVFF       R0, R1
0x008E	0x0E01      	MOVLW       1
0x0090	0x6E00      	MOVWF       R0 
0x0092	0x5001      	MOVF        R1, 0 
L__digitalwrite32:
0x0094	0xE004      	BZ          L__digitalwrite33
0x0096	0x3600      	RLCF        R0, 1 
0x0098	0x9000      	BCF         R0, 0 
0x009A	0x0FFF      	ADDLW       255
0x009C	0xD7FB      	BRA         L__digitalwrite32
L__digitalwrite33:
0x009E	0x1C00      	COMF        R0, 0 
0x00A0	0x6E01      	MOVWF       R1 
0x00A2	0xFFE9C002  	MOVFF       R2, FSR0L
0x00A6	0xFFEAC003  	MOVFF       R3, FSR0H
0x00AA	0xF000CFEE  	MOVFF       POSTINC0, R0
0x00AE	0xFFE1C002  	MOVFF       R2, FSR1L
0x00B2	0xFFE2C003  	MOVFF       R3, FSR1H
0x00B6	0x5001      	MOVF        R1, 0 
0x00B8	0x1400      	ANDWF       R0, 0 
0x00BA	0x6EE6      	MOVWF       POSTINC1 
;arabduino.c,67 :: 		return;
0x00BC	0x0012      	RETURN      0
;arabduino.c,68 :: 		}
L_digitalwrite5:
;arabduino.c,69 :: 		else if (state == 2)
0x00BE	0x5016      	MOVF        FARG_digitalwrite_state, 0 
0x00C0	0x0A02      	XORLW       2
0x00C2	0xE118      	BNZ         L_digitalwrite7
;arabduino.c,71 :: 		*(vport)^=1<<(pin&0x0f);
0x00C4	0x0E0F      	MOVLW       15
0x00C6	0x1415      	ANDWF       FARG_digitalwrite_pin, 0 
0x00C8	0x6E00      	MOVWF       R0 
0x00CA	0x0E01      	MOVLW       1
0x00CC	0x6E01      	MOVWF       R1 
0x00CE	0x5000      	MOVF        R0, 0 
L__digitalwrite34:
0x00D0	0xE004      	BZ          L__digitalwrite35
0x00D2	0x3601      	RLCF        R1, 1 
0x00D4	0x9001      	BCF         R1, 0 
0x00D6	0x0FFF      	ADDLW       255
0x00D8	0xD7FB      	BRA         L__digitalwrite34
L__digitalwrite35:
0x00DA	0xFFE9C002  	MOVFF       R2, FSR0L
0x00DE	0xFFEAC003  	MOVFF       R3, FSR0H
0x00E2	0xF000CFEE  	MOVFF       POSTINC0, R0
0x00E6	0xFFE1C002  	MOVFF       R2, FSR1L
0x00EA	0xFFE2C003  	MOVFF       R3, FSR1H
0x00EE	0x5001      	MOVF        R1, 0 
0x00F0	0x1800      	XORWF       R0, 0 
0x00F2	0x6EE6      	MOVWF       POSTINC1 
;arabduino.c,72 :: 		}
L_digitalwrite7:
;arabduino.c,74 :: 		}
0x00F4	0x0012      	RETURN      0
; end of _digitalwrite
___CC2DW:
;__Lib_System.c,21 :: 		
;__Lib_System.c,23 :: 		
_CC2DL_Loop1:
;__Lib_System.c,24 :: 		
0x00F6	0x0009      	TBLRD*+
;__Lib_System.c,25 :: 		
0x00F8	0xFFE6CFF5  	MOVFF       TABLAT, POSTINC1
;__Lib_System.c,26 :: 		
0x00FC	0x0600      	DECF        R0, 1, 0
;__Lib_System.c,27 :: 		
0x00FE	0xE1FB      	BNZ         _CC2DL_Loop1
;__Lib_System.c,28 :: 		
0x0100	0x0601      	DECF        R1, 1, 0
;__Lib_System.c,29 :: 		
0x0102	0xE1F9      	BNZ         _CC2DL_Loop1
;__Lib_System.c,31 :: 		
L_end___CC2DW:
0x0104	0x0012      	RETURN      0
; end of ___CC2DW
_pinmode:
;arabduino.c,31 :: 		void pinmode(uint8_t  pin , uint8_t   mode)  // set pin direction
;arabduino.c,38 :: 		vport=((pin>>4)-3)|0XF90;
0x0106	0x0E04      	MOVLW       4
0x0108	0x6E00      	MOVWF       R0 
0x010A	0xF002C015  	MOVFF       FARG_pinmode_pin, R2
0x010E	0x0E00      	MOVLW       0
0x0110	0x6E03      	MOVWF       R3 
0x0112	0x5000      	MOVF        R0, 0 
L__pinmode22:
0x0114	0xE004      	BZ          L__pinmode23
0x0116	0x3202      	RRCF        R2, 1 
0x0118	0x9E02      	BCF         R2, 7 
0x011A	0x0FFF      	ADDLW       255
0x011C	0xD7FB      	BRA         L__pinmode22
L__pinmode23:
0x011E	0x0E03      	MOVLW       3
0x0120	0x5E02      	SUBWF       R2, 1 
0x0122	0x6A03      	CLRF        R3 
0x0124	0x0E00      	MOVLW       0
0x0126	0x5A03      	SUBWFB      R3, 1 
0x0128	0x0E90      	MOVLW       144
0x012A	0x1202      	IORWF       R2, 1 
0x012C	0x0E0F      	MOVLW       15
0x012E	0x1203      	IORWF       R3, 1 
;arabduino.c,40 :: 		if(mode == 1)           //input
0x0130	0x5016      	MOVF        FARG_pinmode_mode, 0 
0x0132	0x0A01      	XORLW       1
0x0134	0xE119      	BNZ         L_pinmode0
;arabduino.c,42 :: 		*(vport)|=1<<(pin&0x0f);
0x0136	0x0E0F      	MOVLW       15
0x0138	0x1415      	ANDWF       FARG_pinmode_pin, 0 
0x013A	0x6E00      	MOVWF       R0 
0x013C	0x0E01      	MOVLW       1
0x013E	0x6E01      	MOVWF       R1 
0x0140	0x5000      	MOVF        R0, 0 
L__pinmode24:
0x0142	0xE004      	BZ          L__pinmode25
0x0144	0x3601      	RLCF        R1, 1 
0x0146	0x9001      	BCF         R1, 0 
0x0148	0x0FFF      	ADDLW       255
0x014A	0xD7FB      	BRA         L__pinmode24
L__pinmode25:
0x014C	0xFFE9C002  	MOVFF       R2, FSR0L
0x0150	0xFFEAC003  	MOVFF       R3, FSR0H
0x0154	0xF000CFEE  	MOVFF       POSTINC0, R0
0x0158	0xFFE1C002  	MOVFF       R2, FSR1L
0x015C	0xFFE2C003  	MOVFF       R3, FSR1H
0x0160	0x5001      	MOVF        R1, 0 
0x0162	0x1000      	IORWF       R0, 0 
0x0164	0x6EE6      	MOVWF       POSTINC1 
;arabduino.c,43 :: 		return;
0x0166	0x0012      	RETURN      0
;arabduino.c,44 :: 		}
L_pinmode0:
;arabduino.c,45 :: 		else if(mode == 0)
0x0168	0x5016      	MOVF        FARG_pinmode_mode, 0 
0x016A	0x0A00      	XORLW       0
0x016C	0xE11C      	BNZ         L_pinmode2
;arabduino.c,47 :: 		*vport&=~(1<<(pin&0x0f));
0x016E	0x0E0F      	MOVLW       15
0x0170	0x1415      	ANDWF       FARG_pinmode_pin, 0 
0x0172	0x6E00      	MOVWF       R0 
0x0174	0xF001C000  	MOVFF       R0, R1
0x0178	0x0E01      	MOVLW       1
0x017A	0x6E00      	MOVWF       R0 
0x017C	0x5001      	MOVF        R1, 0 
L__pinmode26:
0x017E	0xE004      	BZ          L__pinmode27
0x0180	0x3600      	RLCF        R0, 1 
0x0182	0x9000      	BCF         R0, 0 
0x0184	0x0FFF      	ADDLW       255
0x0186	0xD7FB      	BRA         L__pinmode26
L__pinmode27:
0x0188	0x1C00      	COMF        R0, 0 
0x018A	0x6E01      	MOVWF       R1 
0x018C	0xFFE9C002  	MOVFF       R2, FSR0L
0x0190	0xFFEAC003  	MOVFF       R3, FSR0H
0x0194	0xF000CFEE  	MOVFF       POSTINC0, R0
0x0198	0xFFE1C002  	MOVFF       R2, FSR1L
0x019C	0xFFE2C003  	MOVFF       R3, FSR1H
0x01A0	0x5001      	MOVF        R1, 0 
0x01A2	0x1400      	ANDWF       R0, 0 
0x01A4	0x6EE6      	MOVWF       POSTINC1 
;arabduino.c,48 :: 		}
L_pinmode2:
;arabduino.c,49 :: 		}
0x01A6	0x0012      	RETURN      0
; end of _pinmode
_main:
;MyProject.c,2 :: 		void main() {
;MyProject.c,5 :: 		pinmode(d0,output);
0x01A8	0x0E80      	MOVLW       128
0x01AA	0x6E15      	MOVWF       FARG_pinmode_pin 
0x01AC	0x6A16      	CLRF        FARG_pinmode_mode 
0x01AE	0xDFAB      	RCALL       _pinmode
;MyProject.c,6 :: 		trisc=0;
0x01B0	0x6A94      	CLRF        TRISC 
;MyProject.c,7 :: 		while(1)
L_main0:
;MyProject.c,9 :: 		digitalwrite(d0,high);
0x01B2	0x0E80      	MOVLW       128
0x01B4	0x6E15      	MOVWF       FARG_digitalwrite_pin 
0x01B6	0x0E01      	MOVLW       1
0x01B8	0x6E16      	MOVWF       FARG_digitalwrite_state 
0x01BA	0xDF30      	RCALL       _digitalwrite
;MyProject.c,10 :: 		delay_ms(1000);
0x01BC	0x0E15      	MOVLW       21
0x01BE	0x6E0B      	MOVWF       R11, 0
0x01C0	0x0E4B      	MOVLW       75
0x01C2	0x6E0C      	MOVWF       R12, 0
0x01C4	0x0EBE      	MOVLW       190
0x01C6	0x6E0D      	MOVWF       R13, 0
L_main2:
0x01C8	0x2E0D      	DECFSZ      R13, 1, 0
0x01CA	0xD7FE      	BRA         L_main2
0x01CC	0x2E0C      	DECFSZ      R12, 1, 0
0x01CE	0xD7FC      	BRA         L_main2
0x01D0	0x2E0B      	DECFSZ      R11, 1, 0
0x01D2	0xD7FA      	BRA         L_main2
0x01D4	0x0000      	NOP
;MyProject.c,11 :: 		digitalwrite(d0,low);
0x01D6	0x0E80      	MOVLW       128
0x01D8	0x6E15      	MOVWF       FARG_digitalwrite_pin 
0x01DA	0x6A16      	CLRF        FARG_digitalwrite_state 
0x01DC	0xDF1F      	RCALL       _digitalwrite
;MyProject.c,12 :: 		delay_ms(1000);
0x01DE	0x0E15      	MOVLW       21
0x01E0	0x6E0B      	MOVWF       R11, 0
0x01E2	0x0E4B      	MOVLW       75
0x01E4	0x6E0C      	MOVWF       R12, 0
0x01E6	0x0EBE      	MOVLW       190
0x01E8	0x6E0D      	MOVWF       R13, 0
L_main3:
0x01EA	0x2E0D      	DECFSZ      R13, 1, 0
0x01EC	0xD7FE      	BRA         L_main3
0x01EE	0x2E0C      	DECFSZ      R12, 1, 0
0x01F0	0xD7FC      	BRA         L_main3
0x01F2	0x2E0B      	DECFSZ      R11, 1, 0
0x01F4	0xD7FA      	BRA         L_main3
0x01F6	0x0000      	NOP
;MyProject.c,17 :: 		}
0x01F8	0xD7DC      	BRA         L_main0
;MyProject.c,19 :: 		}
0x01FA	0xD7FF      	BRA         $+0
; end of _main
Symbol List:
//** Routines locations **
//ADDRESS    SIZE    PROCEDURE
//----------------------------------------------
0x001C     [218]    _digitalwrite
0x00F6      [16]    ___CC2DW
0x0106     [162]    _pinmode
0x01A8      [84]    _main
//** Variables locations ** 
//ADDRESS    SIZE    VARIABLE
//----------------------------------------------
0x0000       [1]    EEPROM_Write_SaveINTCON_L0
0x0000       [1]    R0
0x0000       [1]    __Lib_SoftI2C_PutZerosToLATScl_temp_scl_L0
0x0000       [1]    UART1_Init_tmp_L0
0x0000       [1]    __Lib_SoftI2C_PutZerosToLATSda_temp_sda_L0
0x0000       [1]    SPI1_Write_tmp_L0
0x0000       [1]    FLASH_Erase_64_SaveINTCON_L0
0x0001       [1]    ispunct_rslt_L0
0x0001       [1]    __Lib_TFT_16bit_JPEG_FileRead_i_L0
0x0001       [1]    __Lib_TFT_16bit_JPEG_FileReadBytes_Result_L0
0x0001       [1]    R1
0x0001       [1]    FLASH_Write_8_i_L0
0x0001       [1]    __Lib_TFT_JPEG_FileRead_i_L0
0x0001       [2]    FLASH_Read_N_Bytes_i_L0
0x0001       [1]    FLASH_Erase_Write_64_i_L0
0x0001       [1]    I2C1_Rd_tmp_L0
0x0001       [1]    __Lib_PS2_Wait_Falling_nsample_L0
0x0001       [1]    sort_channels_i_L0
0x0001       [1]    deletechannel_maxindex_L0
0x0001       [1]    updatedata_loopc_L0
0x0001       [1]    UART1_Read___tmp_UART1_Read_L0
0x0001       [1]    __Lib_TFT_JPEG_FileReadBytes_Result_L0
0x0002       [2]    strlen_cp_L0
0x0002       [1]    FLASH_Write_8_SaveINTCON_L0
0x0002       [2]    memchr_s_L0
0x0002       [2]    digitalwrite_vport_L0
0x0002       [2]    memcpy_dd_L0
0x0002       [1]    sort_channels_j_L0
0x0002       [1]    FLASH_Erase_Write_64_j_L0
0x0002       [2]    memset_pp_L0
0x0002       [1]    R2
0x0002       [2]    pinmode_vport_L0
0x0003       [2]    Ltrim_original_L0
0x0003       [1]    sort_channels_minindex_L0
0x0003       [2]    memmove_tt_L0
0x0003       [1]    FLASH_Erase_Write_64_SaveINTCON_L0
0x0003       [1]    R3
0x0004       [2]    strncpy_cp_L0
0x0004       [2]    memcpy_ss_L0
0x0004       [1]    R4
0x0004       [2]    strcpy_cp_L0
0x0004       [2]    strncat_cp_L0
0x0004       [2]    frexp_pom_L0
0x0004       [1]    sort_channels_minvalue_L0
0x0004       [2]    strcat_cp_L0
0x0005       [2]    LongWordToHex_input_half_L0
0x0005       [2]    LongIntToHex_input_half_L0
0x0005       [2]    memmove_ff_L0
0x0005       [4]    micros__time_L0
0x0005       [2]    Ltrim_p_L0
0x0005       [1]    R5
0x0006       [2]    digitalread_vport_L0
0x0006       [1]    R6
0x0007       [1]    __Lib_TFT_JPEG_GenerateHuffmanTables_bLength_L0
0x0007       [1]    __Lib_TFT_16bit_JPEG_GenerateHuffmanTables_bLength_L0
0x0007       [1]    R7
0x0008       [1]    __Lib_TFT_JPEG_GenerateHuffmanTables_bTable_L0
0x0008       [1]    __Lib_TFT_16bit_JPEG_GenerateHuffmanTables_bTable_L0
0x0008       [1]    R8
0x0009       [1]    R9
0x0009       [1]    micros__reg_L0
0x000A       [1]    R10
0x000B       [1]    R11
0x000C       [1]    R12
0x000D       [1]    R13
0x000E       [1]    R14
0x000F       [1]    R15
0x0010       [1]    R16
0x0011       [1]    R17
0x0012       [1]    R18
0x0013       [1]    R19
0x0014       [1]    R20
0x0015       [1]    FARG_pinmode_pin
0x0015       [1]    FARG_digitalwrite_pin
0x0016       [1]    FARG_digitalwrite_state
0x0016       [1]    FARG_pinmode_mode
0x0F80       [1]    PORTA
0x0F80       [0]    RA0_bit
0x0F80       [0]    RA6_bit
0x0F80       [0]    AN2_bit
0x0F80       [0]    AN1_bit
0x0F80       [0]    AN0_bit
0x0F80       [0]    AN3_bit
0x0F80       [0]    VREFM_bit
0x0F80       [0]    OSC2_bit
0x0F80       [0]    AN4_bit
0x0F80       [0]    RA1_bit
0x0F80       [0]    LVDIN_bit
0x0F80       [0]    RA3_bit
0x0F80       [0]    RA4_bit
0x0F80       [0]    CLKO_bit
0x0F80       [0]    T0CKI_bit
0x0F80       [0]    SS_bit
0x0F80       [0]    VREFP_bit
0x0F80       [0]    RA2_bit
0x0F80       [0]    RA5_bit
0x0F81       [0]    PGC_bit
0x0F81       [0]    INT0_bit
0x0F81       [0]    INT1_bit
0x0F81       [0]    RB5_bit
0x0F81       [0]    CCP2A_bit
0x0F81       [0]    PGD_bit
0x0F81       [0]    INT2_bit
0x0F81       [0]    RB2_bit
0x0F81       [0]    CCP2_PORTB_bit
0x0F81       [0]    RB1_bit
0x0F81       [0]    RB4_bit
0x0F81       [0]    RB0_bit
0x0F81       [0]    PGM_bit
0x0F81       [0]    RB3_bit
0x0F81       [0]    RB6_bit
0x0F81       [0]    RB7_bit
0x0F81       [1]    PORTB
0x0F82       [1]    PORTC
0x0F82       [0]    CK_bit
0x0F82       [0]    SDO_bit
0x0F82       [0]    CCP1_bit
0x0F82       [0]    RC1_bit
0x0F82       [0]    TX_bit
0x0F82       [0]    RC5_bit
0x0F82       [0]    SDI_bit
0x0F82       [0]    RC6_bit
0x0F82       [0]    T1OSI_bit
0x0F82       [0]    SCK_bit
0x0F82       [0]    T1OSO_bit
0x0F82       [0]    RC7_bit
0x0F82       [0]    SCL_bit
0x0F82       [0]    SDA_bit
0x0F82       [0]    T1CKI_bit
0x0F82       [0]    CCP2_PORTC_bit
0x0F82       [0]    RC0_bit
0x0F82       [0]    RC3_bit
0x0F82       [0]    RC2_bit
0x0F82       [0]    RX__bit
0x0F82       [0]    RC4_bit
0x0F83       [0]    RD2_bit
0x0F83       [0]    RD3_bit
0x0F83       [0]    PSP1_bit
0x0F83       [0]    PSP3_bit
0x0F83       [0]    PSP6_bit
0x0F83       [0]    RD4_bit
0x0F83       [0]    RD5_bit
0x0F83       [0]    PSP7_bit
0x0F83       [0]    PSP0_bit
0x0F83       [0]    RD6_bit
0x0F83       [0]    PSP2_bit
0x0F83       [0]    PSP5_bit
0x0F83       [0]    RD1_bit
0x0F83       [0]    PSP4_bit
0x0F83       [1]    PORTD
0x0F83       [0]    RD7_bit
0x0F83       [0]    RD0_bit
0x0F84       [0]    RE0_bit
0x0F84       [0]    RE1_bit
0x0F84       [0]    RD_bit
0x0F84       [0]    WR_bit
0x0F84       [0]    CS_bit
0x0F84       [0]    AN5_bit
0x0F84       [1]    PORTE
0x0F84       [0]    AN6_bit
0x0F84       [0]    AN7_bit
0x0F84       [0]    RE2_bit
0x0F89       [0]    LATA2_bit
0x0F89       [0]    LATA0_bit
0x0F89       [0]    LATA1_bit
0x0F89       [0]    LATA3_bit
0x0F89       [1]    LATA
0x0F89       [0]    LATA6_bit
0x0F89       [0]    LATA5_bit
0x0F89       [0]    LATA4_bit
0x0F8A       [1]    LATB
0x0F8A       [0]    LATB5_bit
0x0F8A       [0]    LATB4_bit
0x0F8A       [0]    LATB7_bit
0x0F8A       [0]    LATB6_bit
0x0F8A       [0]    LATB1_bit
0x0F8A       [0]    LATB0_bit
0x0F8A       [0]    LATB3_bit
0x0F8A       [0]    LATB2_bit
0x0F8B       [0]    LATC3_bit
0x0F8B       [0]    LATC4_bit
0x0F8B       [0]    LATC5_bit
0x0F8B       [0]    LATC0_bit
0x0F8B       [0]    LATC1_bit
0x0F8B       [0]    LATC2_bit
0x0F8B       [0]    LATC6_bit
0x0F8B       [0]    LATC7_bit
0x0F8B       [1]    LATC
0x0F8C       [0]    LATD5_bit
0x0F8C       [0]    LATD0_bit
0x0F8C       [1]    LATD
0x0F8C       [0]    LATD3_bit
0x0F8C       [0]    LATD1_bit
0x0F8C       [0]    LATD2_bit
0x0F8C       [0]    LATD7_bit
0x0F8C       [0]    LATD4_bit
0x0F8C       [0]    LATD6_bit
0x0F8D       [1]    LATE
0x0F8D       [0]    LATE0_bit
0x0F8D       [0]    LATE1_bit
0x0F8D       [0]    LATE2_bit
0x0F92       [0]    TRISA3_bit
0x0F92       [0]    TRISA4_bit
0x0F92       [0]    TRISA6_bit
0x0F92       [0]    TRISA5_bit
0x0F92       [0]    TRISA1_bit
0x0F92       [0]    TRISA2_bit
0x0F92       [1]    TRISA
0x0F92       [0]    TRISA0_bit
0x0F93       [0]    TRISB2_bit
0x0F93       [0]    TRISB5_bit
0x0F93       [1]    TRISB
0x0F93       [0]    TRISB3_bit
0x0F93       [0]    TRISB4_bit
0x0F93       [0]    TRISB7_bit
0x0F93       [0]    TRISB1_bit
0x0F93       [0]    TRISB0_bit
0x0F93       [0]    TRISB6_bit
0x0F93       [0]    CCP2_TRISB_bit
0x0F94       [0]    TRISC3_bit
0x0F94       [0]    CCP2_TRISC_bit
0x0F94       [1]    TRISC
0x0F94       [0]    TRISC2_bit
0x0F94       [0]    TRISC7_bit
0x0F94       [0]    TRISC6_bit
0x0F94       [0]    TRISC1_bit
0x0F94       [0]    TRISC0_bit
0x0F94       [0]    TRISC5_bit
0x0F94       [0]    TRISC4_bit
0x0F95       [0]    TRISD2_bit
0x0F95       [0]    TRISD5_bit
0x0F95       [1]    TRISD
0x0F95       [0]    TRISD1_bit
0x0F95       [0]    TRISD6_bit
0x0F95       [0]    TRISD0_bit
0x0F95       [0]    TRISD3_bit
0x0F95       [0]    TRISD4_bit
0x0F95       [0]    TRISD7_bit
0x0F96       [0]    IBOV_TRISE_bit
0x0F96       [0]    PSPMODE_TRISE_bit
0x0F96       [0]    IBF_TRISE_bit
0x0F96       [0]    OBF_TRISE_bit
0x0F96       [0]    TRISE1_bit
0x0F96       [0]    TRISE2_bit
0x0F96       [1]    TRISE
0x0F96       [0]    TRISE0_bit
0x0F9D       [0]    RCIE_bit
0x0F9D       [0]    ADIE_bit
0x0F9D       [0]    PSPIE_bit
0x0F9D       [1]    PIE1
0x0F9D       [0]    CCP1IE_bit
0x0F9D       [0]    TMR2IE_bit
0x0F9D       [0]    TMR1IE_bit
0x0F9D       [0]    TXIE_bit
0x0F9D       [0]    SSPIE_bit
0x0F9E       [0]    TMR1IF_bit
0x0F9E       [1]    PIR1
0x0F9E       [0]    TXIF_bit
0x0F9E       [0]    SSPIF_bit
0x0F9E       [0]    RCIF_bit
0x0F9E       [0]    PSPIF_bit
0x0F9E       [0]    ADIF_bit
0x0F9E       [0]    CCP1IF_bit
0x0F9E       [0]    TMR2IF_bit
0x0F9F       [0]    CCP1IP_bit
0x0F9F       [0]    TMR1IP_bit
0x0F9F       [0]    PSPIP_bit
0x0F9F       [0]    TMR2IP_bit
0x0F9F       [0]    TXIP_bit
0x0F9F       [0]    RCIP_bit
0x0F9F       [1]    IPR1
0x0F9F       [0]    ADIP_bit
0x0F9F       [0]    SSPIP_bit
0x0FA0       [1]    PIE2
0x0FA0       [0]    LVDIE_bit
0x0FA0       [0]    TMR3IE_bit
0x0FA0       [0]    CCP2IE_bit
0x0FA0       [0]    EEIE_bit
0x0FA0       [0]    BCLIE_bit
0x0FA1       [1]    PIR2
0x0FA1       [0]    CCP2IF_bit
0x0FA1       [0]    BCLIF_bit
0x0FA1       [0]    EEIF_bit
0x0FA1       [0]    TMR3IF_bit
0x0FA1       [0]    LVDIF_bit
0x0FA2       [0]    CCP2IP_bit
0x0FA2       [0]    LVDIP_bit
0x0FA2       [0]    TMR3IP_bit
0x0FA2       [0]    BCLIP_bit
0x0FA2       [1]    IPR2
0x0FA2       [0]    EEIP_bit
0x0FA6       [1]    EECON1
0x0FA6       [0]    WREN_bit
0x0FA6       [0]    WRERR_bit
0x0FA6       [0]    RD_EECON1_bit
0x0FA6       [0]    WR_EECON1_bit
0x0FA6       [0]    EEPGD_bit
0x0FA6       [0]    CFGS_bit
0x0FA6       [0]    FREE_bit
0x0FA7       [1]    EECON2
0x0FA8       [1]    EEDATA
0x0FA9       [1]    EEADR
0x0FAB       [0]    NOT_RC8_bit
0x0FAB       [0]    RC9_bit
0x0FAB       [1]    RCSTA
0x0FAB       [0]    RC8_9_bit
0x0FAB       [0]    ADDEN_bit
0x0FAB       [0]    RX9D_bit
0x0FAB       [0]    FERR_bit
0x0FAB       [0]    OERR_bit
0x0FAB       [0]    CREN_bit
0x0FAB       [0]    SPEN_bit
0x0FAB       [0]    RCD8_bit
0x0FAB       [0]    SREN_bit
0x0FAB       [0]    RX9_bit
0x0FAC       [0]    TX8_9_bit
0x0FAC       [1]    TXSTA
0x0FAC       [0]    NOT_TX8_bit
0x0FAC       [0]    TXD8_bit
0x0FAC       [0]    BRGH_bit
0x0FAC       [0]    TX9D_bit
0x0FAC       [0]    TRMT_bit
0x0FAC       [0]    SYNC_bit
0x0FAC       [0]    CSRC_bit
0x0FAC       [0]    TX9_bit
0x0FAC       [0]    TXEN_bit
0x0FAD       [1]    TXREG
0x0FAE       [1]    RCREG
0x0FAF       [1]    SPBRG
0x0FB1       [0]    RD16_bit
0x0FB1       [0]    T3SYNC_bit
0x0FB1       [0]    T3INSYNC_bit
0x0FB1       [0]    T3CKPS1_bit
0x0FB1       [0]    T3CKPS0_bit
0x0FB1       [0]    TMR3ON_bit
0x0FB1       [0]    T3CCP1_bit
0x0FB1       [0]    TMR3CS_bit
0x0FB1       [0]    NOT_T3SYNC_bit
0x0FB1       [1]    T3CON
0x0FB1       [0]    T3CCP2_bit
0x0FB2       [1]    TMR3L
0x0FB3       [1]    TMR3H
0x0FBA       [0]    DC2B1_bit
0x0FBA       [0]    DC2B0_bit
0x0FBA       [0]    CCP2M3_bit
0x0FBA       [0]    DCCPX_bit
0x0FBA       [0]    CCP2X_bit
0x0FBA       [0]    CCP2Y_bit
0x0FBA       [1]    CCP2CON
0x0FBA       [0]    CCP2M0_bit
0x0FBA       [0]    CCP2M2_bit
0x0FBA       [0]    CCP2M1_bit
0x0FBB       [2]    CCPR2
0x0FBB       [1]    CCPR2L
0x0FBC       [1]    CCPR2H
0x0FBD       [0]    DC1B1_bit
0x0FBD       [0]    CCP1Y_bit
0x0FBD       [0]    CCP1X_bit
0x0FBD       [0]    DC1B0_bit
0x0FBD       [0]    CCP1M0_bit
0x0FBD       [1]    CCP1CON
0x0FBD       [0]    CCP1M1_bit
0x0FBD       [0]    CCP1M3_bit
0x0FBD       [0]    CCP1M2_bit
0x0FBE       [1]    CCPR1L
0x0FBE       [2]    CCPR1
0x0FBF       [1]    CCPR1H
0x0FC1       [0]    PCFG3_bit
0x0FC1       [0]    ADCS2_bit
0x0FC1       [1]    ADCON1
0x0FC1       [0]    PCFG2_bit
0x0FC1       [0]    ADFM_bit
0x0FC1       [0]    PCFG0_bit
0x0FC1       [0]    PCFG1_bit
0x0FC2       [0]    NOT_DONE_bit
0x0FC2       [0]    ADCS1_bit
0x0FC2       [0]    DONE_bit
0x0FC2       [1]    ADCON0
0x0FC2       [0]    GO_DONE_bit
0x0FC2       [0]    GO_NOT_DONE_bit
0x0FC2       [0]    ADON_bit
0x0FC2       [0]    GO_bit
0x0FC2       [0]    CHS0_bit
0x0FC2       [0]    ADCS0_bit
0x0FC2       [0]    CHS2_bit
0x0FC2       [0]    CHS1_bit
0x0FC3       [1]    ADRESL
0x0FC3       [2]    ADRES
0x0FC4       [1]    ADRESH
0x0FC5       [1]    SSPCON2
0x0FC5       [0]    GCEN_bit
0x0FC5       [0]    ACKEN_bit
0x0FC5       [0]    ACKDT_bit
0x0FC5       [0]    ACKSTAT_bit
0x0FC5       [0]    RCEN_bit
0x0FC5       [0]    SEN_bit
0x0FC5       [0]    RSEN_bit
0x0FC5       [0]    PEN_bit
0x0FC6       [0]    SSPEN_bit
0x0FC6       [0]    SSPOV_bit
0x0FC6       [0]    CKP_bit
0x0FC6       [1]    SSPCON1
0x0FC6       [0]    WCOL_bit
0x0FC6       [0]    SSPM2_bit
0x0FC6       [0]    SSPM3_bit
0x0FC6       [0]    SSPM0_bit
0x0FC6       [0]    SSPM1_bit
0x0FC7       [0]    NOT_W_bit
0x0FC7       [0]    NOT_A_bit
0x0FC7       [0]    NOT_WRITE_bit
0x0FC7       [0]    NOT_ADDRESS_bit
0x0FC7       [0]    I2C_DAT_bit
0x0FC7       [1]    SSPSTAT
0x0FC7       [0]    R_W_bit
0x0FC7       [0]    D_A_bit
0x0FC7       [0]    CKE_bit
0x0FC7       [0]    D_NOT_A_bit
0x0FC7       [0]    I2C_READ_bit
0x0FC7       [0]    SMP_bit
0x0FC7       [0]    P_bit
0x0FC7       [0]    UA_bit
0x0FC7       [0]    BF_bit
0x0FC7       [0]    S_bit
0x0FC7       [0]    R_NOT_W_bit
0x0FC7       [0]    I2C_DATA_bit
0x0FC7       [0]    I2C_STOP__bit
0x0FC7       [0]    I2C_START__bit
0x0FC7       [0]    R_bit
0x0FC7       [0]    DATA_ADDRESS_bit
0x0FC7       [0]    READ_WRITE_bit
0x0FC7       [0]    D_bit
0x0FC8       [1]    SSPADD
0x0FC9       [1]    SSPBUF
0x0FCA       [0]    TMR2ON_bit
0x0FCA       [0]    TOUTPS2_bit
0x0FCA       [0]    TOUTPS3_bit
0x0FCA       [0]    TOUTPS1_bit
0x0FCA       [0]    T2CKPS1_bit
0x0FCA       [0]    TOUTPS0_bit
0x0FCA       [1]    T2CON
0x0FCA       [0]    T2CKPS0_bit
0x0FCB       [1]    PR2
0x0FCC       [1]    TMR2
0x0FCD       [1]    T1CON
0x0FCD       [0]    T1SYNC_bit
0x0FCD       [0]    RD16_T1CON_bit
0x0FCD       [0]    T1CKPS0_bit
0x0FCD       [0]    T1INSYNC_bit
0x0FCD       [0]    T1CKPS1_bit
0x0FCD       [0]    NOT_T1SYNC_bit
0x0FCD       [0]    TMR1CS_bit
0x0FCD       [0]    TMR1ON_bit
0x0FCD       [0]    T1OSCEN_bit
0x0FCE       [1]    TMR1L
0x0FCF       [1]    TMR1H
0x0FD0       [0]    PD_bit
0x0FD0       [0]    POR_bit
0x0FD0       [0]    BOR_bit
0x0FD0       [0]    NOT_IPEN_bit
0x0FD0       [0]    RI_bit
0x0FD0       [0]    TO__bit
0x0FD0       [0]    IPEN_bit
0x0FD0       [0]    NOT_POR_bit
0x0FD0       [0]    NOT_BOR_bit
0x0FD0       [1]    RCON
0x0FD0       [0]    NOT_RI_bit
0x0FD0       [0]    NOT_TO_bit
0x0FD0       [0]    NOT_PD_bit
0x0FD1       [1]    WDTCON
0x0FD1       [0]    SWDTE_bit
0x0FD1       [0]    SWDTEN_bit
0x0FD2       [0]    LVDL1_bit
0x0FD2       [0]    LVDL2_bit
0x0FD2       [0]    LVDL3_bit
0x0FD2       [1]    LVDCON
0x0FD2       [0]    IRVST_bit
0x0FD2       [0]    LVDL0_bit
0x0FD2       [0]    LVDEN_bit
0x0FD3       [0]    SCS_bit
0x0FD3       [1]    OSCCON
0x0FD5       [0]    T0PS1_bit
0x0FD5       [1]    T0CON
0x0FD5       [0]    T0PS2_bit
0x0FD5       [0]    T0PS0_bit
0x0FD5       [0]    T0CS_bit
0x0FD5       [0]    T0SE_bit
0x0FD5       [0]    T08BIT_bit
0x0FD5       [0]    TMR0ON_bit
0x0FD5       [0]    PSA_bit
0x0FD6       [1]    TMR0L
0x0FD7       [1]    TMR0H
0x0FD8       [1]    STATUS
0x0FD8       [0]    DC_bit
0x0FD8       [0]    C_bit
0x0FD8       [0]    Z_bit
0x0FD8       [0]    N_bit
0x0FD8       [0]    OV_bit
0x0FD9       [2]    FSR2
0x0FD9       [2]    FSR2PTR
0x0FD9       [1]    FSR2L
0x0FDA       [1]    FSR2H
0x0FDB       [1]    PLUSW2
0x0FDC       [1]    PREINC2
0x0FDD       [1]    POSTDEC2
0x0FDE       [1]    POSTINC2
0x0FDF       [1]    INDF2
0x0FE0       [1]    BSR
0x0FE1       [2]    FSR1
0x0FE1       [2]    FSR1PTR
0x0FE1       [1]    FSR1L
0x0FE2       [1]    FSR1H
0x0FE3       [1]    PLUSW1
0x0FE4       [1]    PREINC1
0x0FE5       [1]    POSTDEC1
0x0FE6       [1]    POSTINC1
0x0FE7       [1]    INDF1
0x0FE8       [1]    WREG
0x0FE9       [2]    FSR0
0x0FE9       [2]    FSR0PTR
0x0FE9       [1]    FSR0L
0x0FEA       [1]    FSR0H
0x0FEB       [1]    PLUSW0
0x0FEC       [1]    PREINC0
0x0FED       [1]    POSTDEC0
0x0FEE       [1]    POSTINC0
0x0FEF       [1]    INDF0
0x0FF0       [0]    INT1IP_bit
0x0FF0       [0]    INT2IP_bit
0x0FF0       [0]    INT2IE_bit
0x0FF0       [0]    INT2IF_bit
0x0FF0       [0]    INT1IE_bit
0x0FF0       [0]    INT1F_bit
0x0FF0       [0]    INT1P_bit
0x0FF0       [0]    INT2P_bit
0x0FF0       [0]    INT2E_bit
0x0FF0       [0]    INT2F_bit
0x0FF0       [0]    INT1E_bit
0x0FF0       [0]    INT1IF_bit
0x0FF0       [1]    INTCON3
0x0FF1       [0]    INTEDG2_bit
0x0FF1       [0]    TMR0IP_bit
0x0FF1       [0]    RBIP_bit
0x0FF1       [0]    INTEDG1_bit
0x0FF1       [0]    T0IP_bit
0x0FF1       [0]    RBPU_bit
0x0FF1       [0]    INTEDG0_bit
0x0FF1       [0]    NOT_RBPU_bit
0x0FF1       [1]    INTCON2
0x0FF2       [0]    TMR0IF_bit
0x0FF2       [0]    RBIE_bit
0x0FF2       [0]    RBIF_bit
0x0FF2       [0]    INT0IF_bit
0x0FF2       [0]    INT0IE_bit
0x0FF2       [0]    GIE_GIEH_bit
0x0FF2       [0]    INT0F_bit
0x0FF2       [0]    TMR0IE_bit
0x0FF2       [0]    PEIE_GIEL_bit
0x0FF2       [0]    GIEH_bit
0x0FF2       [0]    GIEL_bit
0x0FF2       [1]    INTCON
0x0FF2       [1]    INTCON1
0x0FF2       [0]    GIE_bit
0x0FF2       [0]    INT0E_bit
0x0FF2       [0]    T0IF_bit
0x0FF2       [0]    PEIE_bit
0x0FF2       [0]    T0IE_bit
0x0FF3       [2]    PROD
0x0FF3       [1]    PRODL
0x0FF4       [1]    PRODH
0x0FF5       [1]    TABLAT
0x0FF6       [3]    TBLPTR
0x0FF6       [1]    TBLPTRL
0x0FF7       [1]    TBLPTRH
0x0FF8       [0]    TBLPTRU3_bit
0x0FF8       [0]    TBLPTRU4_bit
0x0FF8       [0]    TBLPTRU2_bit
0x0FF8       [0]    TBLPTRU0_bit
0x0FF8       [0]    TBLPTRU1_bit
0x0FF8       [1]    TBLPTRU
0x0FF8       [0]    ACSS_bit
0x0FF9       [1]    PC
0x0FF9       [1]    PCL
0x0FFA       [1]    PCLATH
0x0FFB       [0]    PCU1_bit
0x0FFB       [0]    PCU0_bit
0x0FFB       [1]    PCLATU
0x0FFB       [0]    PCU4_bit
0x0FFB       [0]    PCU3_bit
0x0FFB       [0]    PCU2_bit
0x0FFC       [0]    SP2_bit
0x0FFC       [0]    SP3_bit
0x0FFC       [0]    SP4_bit
0x0FFC       [0]    STKPTR0_bit
0x0FFC       [0]    STKPTR1_bit
0x0FFC       [0]    STKFUL_bit
0x0FFC       [1]    STKPTR
0x0FFC       [0]    STKUNF_bit
0x0FFC       [0]    STKPTR2_bit
0x0FFC       [0]    SP0_bit
0x0FFC       [0]    SP1_bit
0x0FFC       [0]    STKOVF_bit
0x0FFC       [0]    STKPTR3_bit
0x0FFC       [0]    STKPTR4_bit
0x0FFD       [1]    TOSL
0x0FFE       [1]    TOSH
0x0FFF       [1]    TOSU
//** Label List: ** 
//----------------------------------------------
  L_pinmode0
  L_pinmode1
  L_pinmode2
  L_digitalwrite3
  L_digitalwrite4
  L_digitalwrite5
  L_digitalwrite6
  L_digitalwrite7
  L_main_interrupt8
  L_main_interrupt9
  L_main_interrupt10
  L_main_interrupt11
  L_main_interrupt12
  L_pulsein13
  L_pulsein14
  L_pulsein15
  L_pulsein16
  L_pulsein17
  L_pulsein18
  _timedelay1_
  _jdelay_
  _timedelay3_
  _timedelay4_
  _timedelay5_
  _timedelay6_
  L__temp5
  _myasm2_
  _myasm_
  L__main_interrupt21
  _arabduino_init
  _pinmode
  L__pinmode22
  L__pinmode23
  L__pinmode24
  L__pinmode25
  L__pinmode26
  L__pinmode27
  _digitalwrite
  L__digitalwrite28
  L__digitalwrite29
  L__digitalwrite30
  L__digitalwrite31
  L__digitalwrite32
  L__digitalwrite33
  L__digitalwrite34
  L__digitalwrite35
  _digitalread
  L__digitalread36
  L__digitalread37
  L__digitalread38
  L__digitalread39
  _map
  _main_interrupt
  _millis
  _micros
  L__micros40
  L__micros41
  _pulsein
  L__pulsein42
  L__pulsein43
  _delaymicrosecond
  L_main0
  L_main1
  L_main2
  L_main3
  _main
  _CC2D_Loop1
  _CC2DL_Loop1
  L_loopCA2AWs
  L_loopCCA2AWs
  L_loopCS2Ss
  L_CS2Send
  L_loopCCS2Ss
  L_CCS2Send
  L_loopFZinSWs
  L_longjmp7
  L_end___CC2D
  ___CC2D
  L_end___CC2DW
  ___CC2DW
  L_end___CA2AW
  ___CA2AW
  L_end___CCA2AW
  ___CCA2AW
  L_end___CS2S
  ___CS2S
  L_end___CCS2S
  ___CCS2S
  L_end___FZinS
  ___FZinS
  L_end_____DoIFC
  _____DoIFC
  L_end_Swap
  _Swap
  L_end_setjmp
  _setjmp
  L_end_longjmp
  _longjmp
