;  LST file generated by mikroListExporter - v.2.0 
; Date/Time: 06/03/2015 09:59:00 ã
;----------------------------------------------

;Address Opcode 	ASM
0x0000	0xF002EF09  	GOTO        1042
0x0004	0x0000      	NOP
0x0006	0x0000      	NOP
0x0008	0xF000EF00  	GOTO        0
0x000C	0x0000      	NOP
0x000E	0x0000      	NOP
0x0010	0x0000      	NOP
0x0012	0x0000      	NOP
0x0014	0x0000      	NOP
0x0016	0x0000      	NOP
0x0018	0xD7F3      	BRA         0
_digitalwrite:
;arabduino.c,50 :: 		void digitalwrite( uint8_t  pin , uint8_t  state)                //set pin level
;arabduino.c,57 :: 		vport=((pin>>4)+4)|0XF80;
0x001C	0x0E04      	MOVLW       4
0x001E	0x6E00      	MOVWF       R0 
0x0020	0xF002C040  	MOVFF       FARG_digitalwrite_pin, R2
0x0024	0x0E00      	MOVLW       0
0x0026	0x6E03      	MOVWF       R3 
0x0028	0x5000      	MOVF        R0, 0 
L__digitalwrite28:
0x002A	0xE004      	BZ          L__digitalwrite29
0x002C	0x3202      	RRCF        R2, 1 
0x002E	0x9E02      	BCF         R2, 7 
0x0030	0x0FFF      	ADDLW       255
0x0032	0xD7FB      	BRA         L__digitalwrite28
L__digitalwrite29:
0x0034	0x0E04      	MOVLW       4
0x0036	0x2602      	ADDWF       R2, 1 
0x0038	0x6A03      	CLRF        R3 
0x003A	0x0E00      	MOVLW       0
0x003C	0x2203      	ADDWFC      R3, 1 
0x003E	0x0E80      	MOVLW       128
0x0040	0x1202      	IORWF       R2, 1 
0x0042	0x0E0F      	MOVLW       15
0x0044	0x1203      	IORWF       R3, 1 
;arabduino.c,59 :: 		if(state == 1)
0x0046	0x5041      	MOVF        FARG_digitalwrite_state, 0 
0x0048	0x0A01      	XORLW       1
0x004A	0xE119      	BNZ         L_digitalwrite3
;arabduino.c,61 :: 		*(vport)|=1<<(pin&0x0f);
0x004C	0x0E0F      	MOVLW       15
0x004E	0x1440      	ANDWF       FARG_digitalwrite_pin, 0 
0x0050	0x6E00      	MOVWF       R0 
0x0052	0x0E01      	MOVLW       1
0x0054	0x6E01      	MOVWF       R1 
0x0056	0x5000      	MOVF        R0, 0 
L__digitalwrite30:
0x0058	0xE004      	BZ          L__digitalwrite31
0x005A	0x3601      	RLCF        R1, 1 
0x005C	0x9001      	BCF         R1, 0 
0x005E	0x0FFF      	ADDLW       255
0x0060	0xD7FB      	BRA         L__digitalwrite30
L__digitalwrite31:
0x0062	0xFFE9C002  	MOVFF       R2, FSR0L
0x0066	0xFFEAC003  	MOVFF       R3, FSR0H
0x006A	0xF000CFEE  	MOVFF       POSTINC0, R0
0x006E	0xFFE1C002  	MOVFF       R2, FSR1L
0x0072	0xFFE2C003  	MOVFF       R3, FSR1H
0x0076	0x5001      	MOVF        R1, 0 
0x0078	0x1000      	IORWF       R0, 0 
0x007A	0x6EE6      	MOVWF       POSTINC1 
;arabduino.c,62 :: 		return;
0x007C	0x0012      	RETURN      0
;arabduino.c,63 :: 		}
L_digitalwrite3:
;arabduino.c,64 :: 		else if (state == 0)
0x007E	0x5041      	MOVF        FARG_digitalwrite_state, 0 
0x0080	0x0A00      	XORLW       0
0x0082	0xE11D      	BNZ         L_digitalwrite5
;arabduino.c,66 :: 		*(vport)&=~(1<<(pin&0x0f));
0x0084	0x0E0F      	MOVLW       15
0x0086	0x1440      	ANDWF       FARG_digitalwrite_pin, 0 
0x0088	0x6E00      	MOVWF       R0 
0x008A	0xF001C000  	MOVFF       R0, R1
0x008E	0x0E01      	MOVLW       1
0x0090	0x6E00      	MOVWF       R0 
0x0092	0x5001      	MOVF        R1, 0 
L__digitalwrite32:
0x0094	0xE004      	BZ          L__digitalwrite33
0x0096	0x3600      	RLCF        R0, 1 
0x0098	0x9000      	BCF         R0, 0 
0x009A	0x0FFF      	ADDLW       255
0x009C	0xD7FB      	BRA         L__digitalwrite32
L__digitalwrite33:
0x009E	0x1C00      	COMF        R0, 0 
0x00A0	0x6E01      	MOVWF       R1 
0x00A2	0xFFE9C002  	MOVFF       R2, FSR0L
0x00A6	0xFFEAC003  	MOVFF       R3, FSR0H
0x00AA	0xF000CFEE  	MOVFF       POSTINC0, R0
0x00AE	0xFFE1C002  	MOVFF       R2, FSR1L
0x00B2	0xFFE2C003  	MOVFF       R3, FSR1H
0x00B6	0x5001      	MOVF        R1, 0 
0x00B8	0x1400      	ANDWF       R0, 0 
0x00BA	0x6EE6      	MOVWF       POSTINC1 
;arabduino.c,67 :: 		return;
0x00BC	0x0012      	RETURN      0
;arabduino.c,68 :: 		}
L_digitalwrite5:
;arabduino.c,69 :: 		else if (state == 2)
0x00BE	0x5041      	MOVF        FARG_digitalwrite_state, 0 
0x00C0	0x0A02      	XORLW       2
0x00C2	0xE118      	BNZ         L_digitalwrite7
;arabduino.c,71 :: 		*(vport)^=1<<(pin&0x0f);
0x00C4	0x0E0F      	MOVLW       15
0x00C6	0x1440      	ANDWF       FARG_digitalwrite_pin, 0 
0x00C8	0x6E00      	MOVWF       R0 
0x00CA	0x0E01      	MOVLW       1
0x00CC	0x6E01      	MOVWF       R1 
0x00CE	0x5000      	MOVF        R0, 0 
L__digitalwrite34:
0x00D0	0xE004      	BZ          L__digitalwrite35
0x00D2	0x3601      	RLCF        R1, 1 
0x00D4	0x9001      	BCF         R1, 0 
0x00D6	0x0FFF      	ADDLW       255
0x00D8	0xD7FB      	BRA         L__digitalwrite34
L__digitalwrite35:
0x00DA	0xFFE9C002  	MOVFF       R2, FSR0L
0x00DE	0xFFEAC003  	MOVFF       R3, FSR0H
0x00E2	0xF000CFEE  	MOVFF       POSTINC0, R0
0x00E6	0xFFE1C002  	MOVFF       R2, FSR1L
0x00EA	0xFFE2C003  	MOVFF       R3, FSR1H
0x00EE	0x5001      	MOVF        R1, 0 
0x00F0	0x1800      	XORWF       R0, 0 
0x00F2	0x6EE6      	MOVWF       POSTINC1 
;arabduino.c,72 :: 		}
L_digitalwrite7:
;arabduino.c,74 :: 		}
0x00F4	0x0012      	RETURN      0
; end of _digitalwrite
_forward:
;robot1.c,34 :: 		void forward()
;robot1.c,37 :: 		digitalWrite(enable1,1);
0x00F6	0xF040C02B  	MOVFF       _enable1, FARG_digitalwrite_pin
0x00FA	0x0E01      	MOVLW       1
0x00FC	0x6E41      	MOVWF       FARG_digitalwrite_state 
0x00FE	0xDF8E      	RCALL       _digitalwrite
;robot1.c,38 :: 		digitalWrite(enable2,1);
0x0100	0xF040C01B  	MOVFF       _enable2, FARG_digitalwrite_pin
0x0104	0x0E01      	MOVLW       1
0x0106	0x6E41      	MOVWF       FARG_digitalwrite_state 
0x0108	0xDF89      	RCALL       _digitalwrite
;robot1.c,39 :: 		digitalWrite(enable3,1);
0x010A	0xF040C01D  	MOVFF       _enable3, FARG_digitalwrite_pin
0x010E	0x0E01      	MOVLW       1
0x0110	0x6E41      	MOVWF       FARG_digitalwrite_state 
0x0112	0xDF84      	RCALL       _digitalwrite
;robot1.c,40 :: 		digitalWrite(enable4,1);
0x0114	0xF040C01F  	MOVFF       _enable4, FARG_digitalwrite_pin
0x0118	0x0E01      	MOVLW       1
0x011A	0x6E41      	MOVWF       FARG_digitalwrite_state 
0x011C	0xDF7F      	RCALL       _digitalwrite
;robot1.c,42 :: 		digitalWrite(cw1,1);
0x011E	0xF040C015  	MOVFF       _cw1, FARG_digitalwrite_pin
0x0122	0x0E01      	MOVLW       1
0x0124	0x6E41      	MOVWF       FARG_digitalwrite_state 
0x0126	0xDF7A      	RCALL       _digitalwrite
;robot1.c,43 :: 		digitalWrite(cw2,1);
0x0128	0xF040C017  	MOVFF       _cw2, FARG_digitalwrite_pin
0x012C	0x0E01      	MOVLW       1
0x012E	0x6E41      	MOVWF       FARG_digitalwrite_state 
0x0130	0xDF75      	RCALL       _digitalwrite
;robot1.c,44 :: 		digitalWrite(cw3,1);
0x0132	0xF040C019  	MOVFF       _cw3, FARG_digitalwrite_pin
0x0136	0x0E01      	MOVLW       1
0x0138	0x6E41      	MOVWF       FARG_digitalwrite_state 
0x013A	0xDF70      	RCALL       _digitalwrite
;robot1.c,45 :: 		digitalWrite(cw4,1);
0x013C	0xF040C025  	MOVFF       _cw4, FARG_digitalwrite_pin
0x0140	0x0E01      	MOVLW       1
0x0142	0x6E41      	MOVWF       FARG_digitalwrite_state 
0x0144	0xDF6B      	RCALL       _digitalwrite
;robot1.c,47 :: 		digitalWrite(ccw1,0);
0x0146	0xF040C027  	MOVFF       _ccw1, FARG_digitalwrite_pin
0x014A	0x6A41      	CLRF        FARG_digitalwrite_state 
0x014C	0xDF67      	RCALL       _digitalwrite
;robot1.c,48 :: 		digitalWrite(ccw2,0);
0x014E	0xF040C029  	MOVFF       _ccw2, FARG_digitalwrite_pin
0x0152	0x6A41      	CLRF        FARG_digitalwrite_state 
0x0154	0xDF63      	RCALL       _digitalwrite
;robot1.c,49 :: 		digitalWrite(ccw3,0);
0x0156	0xF040C021  	MOVFF       _ccw3, FARG_digitalwrite_pin
0x015A	0x6A41      	CLRF        FARG_digitalwrite_state 
0x015C	0xDF5F      	RCALL       _digitalwrite
;robot1.c,50 :: 		digitalWrite(ccw4,0);
0x015E	0xF040C023  	MOVFF       _ccw4, FARG_digitalwrite_pin
0x0162	0x6A41      	CLRF        FARG_digitalwrite_state 
0x0164	0xDF5B      	RCALL       _digitalwrite
;robot1.c,53 :: 		}
0x0166	0x0012      	RETURN      0
; end of _forward
_UART1_Write:
;__Lib_UART_c67.c,58 :: 		
;__Lib_UART_c67.c,59 :: 		
L_UART1_Write3:
0x0168	0xB2AC      	BTFSC       TXSTA, 1 
0x016A	0xD002      	BRA         L_UART1_Write4
;__Lib_UART_c67.c,60 :: 		
0x016C	0x0000      	NOP
0x016E	0xD7FC      	BRA         L_UART1_Write3
L_UART1_Write4:
;__Lib_UART_c67.c,61 :: 		
0x0170	0xFFADC03E  	MOVFF       FARG_UART1_Write_data_, TXREG
;__Lib_UART_c67.c,62 :: 		
L_end_UART1_Write:
0x0174	0x0012      	RETURN      0
; end of _UART1_Write
_UART1_Read:
;__Lib_UART_c67.c,39 :: 		
;__Lib_UART_c67.c,42 :: 		
0x0176	0xF001CFAE  	MOVFF       RCREG, R1
;__Lib_UART_c67.c,43 :: 		
0x017A	0xA2AB      	BTFSS       RCSTA, 1 
0x017C	0xD002      	BRA         L_UART1_Read2
;__Lib_UART_c67.c,44 :: 		
0x017E	0x98AB      	BCF         RCSTA, 4 
;__Lib_UART_c67.c,45 :: 		
0x0180	0x88AB      	BSF         RCSTA, 4 
;__Lib_UART_c67.c,46 :: 		
L_UART1_Read2:
;__Lib_UART_c67.c,47 :: 		
0x0182	0xF000C001  	MOVFF       R1, R0
;__Lib_UART_c67.c,48 :: 		
L_end_UART1_Read:
0x0186	0x0012      	RETURN      0
; end of _UART1_Read
_left:
;robot1.c,77 :: 		void left()
;robot1.c,80 :: 		digitalWrite(enable1,1);
0x0188	0xF040C02B  	MOVFF       _enable1, FARG_digitalwrite_pin
0x018C	0x0E01      	MOVLW       1
0x018E	0x6E41      	MOVWF       FARG_digitalwrite_state 
0x0190	0xDF45      	RCALL       _digitalwrite
;robot1.c,81 :: 		digitalWrite(enable2,1);
0x0192	0xF040C01B  	MOVFF       _enable2, FARG_digitalwrite_pin
0x0196	0x0E01      	MOVLW       1
0x0198	0x6E41      	MOVWF       FARG_digitalwrite_state 
0x019A	0xDF40      	RCALL       _digitalwrite
;robot1.c,82 :: 		digitalWrite(enable3,1);
0x019C	0xF040C01D  	MOVFF       _enable3, FARG_digitalwrite_pin
0x01A0	0x0E01      	MOVLW       1
0x01A2	0x6E41      	MOVWF       FARG_digitalwrite_state 
0x01A4	0xDF3B      	RCALL       _digitalwrite
;robot1.c,83 :: 		digitalWrite(enable4,1);
0x01A6	0xF040C01F  	MOVFF       _enable4, FARG_digitalwrite_pin
0x01AA	0x0E01      	MOVLW       1
0x01AC	0x6E41      	MOVWF       FARG_digitalwrite_state 
0x01AE	0xDF36      	RCALL       _digitalwrite
;robot1.c,85 :: 		digitalWrite(cw1,1);
0x01B0	0xF040C015  	MOVFF       _cw1, FARG_digitalwrite_pin
0x01B4	0x0E01      	MOVLW       1
0x01B6	0x6E41      	MOVWF       FARG_digitalwrite_state 
0x01B8	0xDF31      	RCALL       _digitalwrite
;robot1.c,86 :: 		digitalWrite(cw2,0);
0x01BA	0xF040C017  	MOVFF       _cw2, FARG_digitalwrite_pin
0x01BE	0x6A41      	CLRF        FARG_digitalwrite_state 
0x01C0	0xDF2D      	RCALL       _digitalwrite
;robot1.c,87 :: 		digitalWrite(cw3,1);
0x01C2	0xF040C019  	MOVFF       _cw3, FARG_digitalwrite_pin
0x01C6	0x0E01      	MOVLW       1
0x01C8	0x6E41      	MOVWF       FARG_digitalwrite_state 
0x01CA	0xDF28      	RCALL       _digitalwrite
;robot1.c,88 :: 		digitalWrite(cw4,0);
0x01CC	0xF040C025  	MOVFF       _cw4, FARG_digitalwrite_pin
0x01D0	0x6A41      	CLRF        FARG_digitalwrite_state 
0x01D2	0xDF24      	RCALL       _digitalwrite
;robot1.c,90 :: 		digitalWrite(ccw1,0);
0x01D4	0xF040C027  	MOVFF       _ccw1, FARG_digitalwrite_pin
0x01D8	0x6A41      	CLRF        FARG_digitalwrite_state 
0x01DA	0xDF20      	RCALL       _digitalwrite
;robot1.c,91 :: 		digitalWrite(ccw2,1);
0x01DC	0xF040C029  	MOVFF       _ccw2, FARG_digitalwrite_pin
0x01E0	0x0E01      	MOVLW       1
0x01E2	0x6E41      	MOVWF       FARG_digitalwrite_state 
0x01E4	0xDF1B      	RCALL       _digitalwrite
;robot1.c,92 :: 		digitalWrite(ccw3,0);
0x01E6	0xF040C021  	MOVFF       _ccw3, FARG_digitalwrite_pin
0x01EA	0x6A41      	CLRF        FARG_digitalwrite_state 
0x01EC	0xDF17      	RCALL       _digitalwrite
;robot1.c,93 :: 		digitalWrite(ccw4,1);
0x01EE	0xF040C023  	MOVFF       _ccw4, FARG_digitalwrite_pin
0x01F2	0x0E01      	MOVLW       1
0x01F4	0x6E41      	MOVWF       FARG_digitalwrite_state 
0x01F6	0xDF12      	RCALL       _digitalwrite
;robot1.c,96 :: 		}
0x01F8	0x0012      	RETURN      0
; end of _left
_right:
;robot1.c,97 :: 		void right()
;robot1.c,100 :: 		digitalWrite(enable1,1);
0x01FA	0xF040C02B  	MOVFF       _enable1, FARG_digitalwrite_pin
0x01FE	0x0E01      	MOVLW       1
0x0200	0x6E41      	MOVWF       FARG_digitalwrite_state 
0x0202	0xDF0C      	RCALL       _digitalwrite
;robot1.c,101 :: 		digitalWrite(enable2,1);
0x0204	0xF040C01B  	MOVFF       _enable2, FARG_digitalwrite_pin
0x0208	0x0E01      	MOVLW       1
0x020A	0x6E41      	MOVWF       FARG_digitalwrite_state 
0x020C	0xDF07      	RCALL       _digitalwrite
;robot1.c,102 :: 		digitalWrite(enable3,1);
0x020E	0xF040C01D  	MOVFF       _enable3, FARG_digitalwrite_pin
0x0212	0x0E01      	MOVLW       1
0x0214	0x6E41      	MOVWF       FARG_digitalwrite_state 
0x0216	0xDF02      	RCALL       _digitalwrite
;robot1.c,103 :: 		digitalWrite(enable4,1);
0x0218	0xF040C01F  	MOVFF       _enable4, FARG_digitalwrite_pin
0x021C	0x0E01      	MOVLW       1
0x021E	0x6E41      	MOVWF       FARG_digitalwrite_state 
0x0220	0xDEFD      	RCALL       _digitalwrite
;robot1.c,105 :: 		digitalWrite(cw1,0);
0x0222	0xF040C015  	MOVFF       _cw1, FARG_digitalwrite_pin
0x0226	0x6A41      	CLRF        FARG_digitalwrite_state 
0x0228	0xDEF9      	RCALL       _digitalwrite
;robot1.c,106 :: 		digitalWrite(cw2,1);
0x022A	0xF040C017  	MOVFF       _cw2, FARG_digitalwrite_pin
0x022E	0x0E01      	MOVLW       1
0x0230	0x6E41      	MOVWF       FARG_digitalwrite_state 
0x0232	0xDEF4      	RCALL       _digitalwrite
;robot1.c,107 :: 		digitalWrite(cw3,0);
0x0234	0xF040C019  	MOVFF       _cw3, FARG_digitalwrite_pin
0x0238	0x6A41      	CLRF        FARG_digitalwrite_state 
0x023A	0xDEF0      	RCALL       _digitalwrite
;robot1.c,108 :: 		digitalWrite(cw4,1);
0x023C	0xF040C025  	MOVFF       _cw4, FARG_digitalwrite_pin
0x0240	0x0E01      	MOVLW       1
0x0242	0x6E41      	MOVWF       FARG_digitalwrite_state 
0x0244	0xDEEB      	RCALL       _digitalwrite
;robot1.c,110 :: 		digitalWrite(ccw1,1);
0x0246	0xF040C027  	MOVFF       _ccw1, FARG_digitalwrite_pin
0x024A	0x0E01      	MOVLW       1
0x024C	0x6E41      	MOVWF       FARG_digitalwrite_state 
0x024E	0xDEE6      	RCALL       _digitalwrite
;robot1.c,111 :: 		digitalWrite(ccw2,0);
0x0250	0xF040C029  	MOVFF       _ccw2, FARG_digitalwrite_pin
0x0254	0x6A41      	CLRF        FARG_digitalwrite_state 
0x0256	0xDEE2      	RCALL       _digitalwrite
;robot1.c,112 :: 		digitalWrite(ccw3,1);
0x0258	0xF040C021  	MOVFF       _ccw3, FARG_digitalwrite_pin
0x025C	0x0E01      	MOVLW       1
0x025E	0x6E41      	MOVWF       FARG_digitalwrite_state 
0x0260	0xDEDD      	RCALL       _digitalwrite
;robot1.c,113 :: 		digitalWrite(ccw4,0);
0x0262	0xF040C023  	MOVFF       _ccw4, FARG_digitalwrite_pin
0x0266	0x6A41      	CLRF        FARG_digitalwrite_state 
0x0268	0xDED9      	RCALL       _digitalwrite
;robot1.c,116 :: 		}
0x026A	0x0012      	RETURN      0
; end of _right
_backward:
;robot1.c,56 :: 		void backward()
;robot1.c,59 :: 		digitalWrite(enable1,1);
0x026C	0xF040C02B  	MOVFF       _enable1, FARG_digitalwrite_pin
0x0270	0x0E01      	MOVLW       1
0x0272	0x6E41      	MOVWF       FARG_digitalwrite_state 
0x0274	0xDED3      	RCALL       _digitalwrite
;robot1.c,60 :: 		digitalWrite(enable2,1);
0x0276	0xF040C01B  	MOVFF       _enable2, FARG_digitalwrite_pin
0x027A	0x0E01      	MOVLW       1
0x027C	0x6E41      	MOVWF       FARG_digitalwrite_state 
0x027E	0xDECE      	RCALL       _digitalwrite
;robot1.c,61 :: 		digitalWrite(enable3,1);
0x0280	0xF040C01D  	MOVFF       _enable3, FARG_digitalwrite_pin
0x0284	0x0E01      	MOVLW       1
0x0286	0x6E41      	MOVWF       FARG_digitalwrite_state 
0x0288	0xDEC9      	RCALL       _digitalwrite
;robot1.c,62 :: 		digitalWrite(enable4,1);
0x028A	0xF040C01F  	MOVFF       _enable4, FARG_digitalwrite_pin
0x028E	0x0E01      	MOVLW       1
0x0290	0x6E41      	MOVWF       FARG_digitalwrite_state 
0x0292	0xDEC4      	RCALL       _digitalwrite
;robot1.c,64 :: 		digitalWrite(cw1,0);
0x0294	0xF040C015  	MOVFF       _cw1, FARG_digitalwrite_pin
0x0298	0x6A41      	CLRF        FARG_digitalwrite_state 
0x029A	0xDEC0      	RCALL       _digitalwrite
;robot1.c,65 :: 		digitalWrite(cw2,0);
0x029C	0xF040C017  	MOVFF       _cw2, FARG_digitalwrite_pin
0x02A0	0x6A41      	CLRF        FARG_digitalwrite_state 
0x02A2	0xDEBC      	RCALL       _digitalwrite
;robot1.c,66 :: 		digitalWrite(cw3,0);
0x02A4	0xF040C019  	MOVFF       _cw3, FARG_digitalwrite_pin
0x02A8	0x6A41      	CLRF        FARG_digitalwrite_state 
0x02AA	0xDEB8      	RCALL       _digitalwrite
;robot1.c,67 :: 		digitalWrite(cw4,0);
0x02AC	0xF040C025  	MOVFF       _cw4, FARG_digitalwrite_pin
0x02B0	0x6A41      	CLRF        FARG_digitalwrite_state 
0x02B2	0xDEB4      	RCALL       _digitalwrite
;robot1.c,69 :: 		digitalWrite(ccw1,1);
0x02B4	0xF040C027  	MOVFF       _ccw1, FARG_digitalwrite_pin
0x02B8	0x0E01      	MOVLW       1
0x02BA	0x6E41      	MOVWF       FARG_digitalwrite_state 
0x02BC	0xDEAF      	RCALL       _digitalwrite
;robot1.c,70 :: 		digitalWrite(ccw2,1);
0x02BE	0xF040C029  	MOVFF       _ccw2, FARG_digitalwrite_pin
0x02C2	0x0E01      	MOVLW       1
0x02C4	0x6E41      	MOVWF       FARG_digitalwrite_state 
0x02C6	0xDEAA      	RCALL       _digitalwrite
;robot1.c,71 :: 		digitalWrite(ccw3,1);
0x02C8	0xF040C021  	MOVFF       _ccw3, FARG_digitalwrite_pin
0x02CC	0x0E01      	MOVLW       1
0x02CE	0x6E41      	MOVWF       FARG_digitalwrite_state 
0x02D0	0xDEA5      	RCALL       _digitalwrite
;robot1.c,72 :: 		digitalWrite(ccw4,1);
0x02D2	0xF040C023  	MOVFF       _ccw4, FARG_digitalwrite_pin
0x02D6	0x0E01      	MOVLW       1
0x02D8	0x6E41      	MOVWF       FARG_digitalwrite_state 
0x02DA	0xDEA0      	RCALL       _digitalwrite
;robot1.c,75 :: 		}
0x02DC	0x0012      	RETURN      0
; end of _backward
_UART1_Init:
;__Lib_UART_c67.c,15 :: 		
;__Lib_UART_c67.c,18 :: 		
0x02DE	0x0E68      	MOVLW       _UART1_Write
0x02E0	0x6E3A      	MOVWF       _UART_Wr_Ptr 
0x02E2	0x0E01      	MOVLW       hi_addr(_UART1_Write)
0x02E4	0x6E3B      	MOVWF       _UART_Wr_Ptr+1 
0x02E6	0x0E3E      	MOVLW       FARG_UART1_Write_data_
0x02E8	0x6E3C      	MOVWF       _UART_Wr_Ptr+2 
0x02EA	0x0E00      	MOVLW       hi_addr(FARG_UART1_Write_data_)
0x02EC	0x6E3D      	MOVWF       _UART_Wr_Ptr+3 
;__Lib_UART_c67.c,19 :: 		
0x02EE	0x0E76      	MOVLW       _UART1_Read
0x02F0	0x6E2E      	MOVWF       _UART_Rd_Ptr 
0x02F2	0x0E01      	MOVLW       hi_addr(_UART1_Read)
0x02F4	0x6E2F      	MOVWF       _UART_Rd_Ptr+1 
0x02F6	0x0E00      	MOVLW       0
0x02F8	0x6E30      	MOVWF       _UART_Rd_Ptr+2 
0x02FA	0x0E00      	MOVLW       0
0x02FC	0x6E31      	MOVWF       _UART_Rd_Ptr+3 
;__Lib_UART_c67.c,20 :: 		
0x02FE	0x0EE6      	MOVLW       _UART1_Data_Ready
0x0300	0x6E32      	MOVWF       _UART_Rdy_Ptr 
0x0302	0x0E03      	MOVLW       hi_addr(_UART1_Data_Ready)
0x0304	0x6E33      	MOVWF       _UART_Rdy_Ptr+1 
0x0306	0x0E00      	MOVLW       0
0x0308	0x6E34      	MOVWF       _UART_Rdy_Ptr+2 
0x030A	0x0E00      	MOVLW       0
0x030C	0x6E35      	MOVWF       _UART_Rdy_Ptr+3 
;__Lib_UART_c67.c,21 :: 		
0x030E	0x0EFF      	MOVLW       _UART1_Tx_Idle
0x0310	0x6E36      	MOVWF       _UART_Tx_Idle_Ptr 
0x0312	0x0EFF      	MOVLW       hi_addr(_UART1_Tx_Idle)
0x0314	0x6E37      	MOVWF       _UART_Tx_Idle_Ptr+1 
0x0316	0x0E00      	MOVLW       0
0x0318	0x6E38      	MOVWF       _UART_Tx_Idle_Ptr+2 
0x031A	0x0E00      	MOVLW       0
0x031C	0x6E39      	MOVWF       _UART_Tx_Idle_Ptr+3 
;__Lib_UART_c67.c,23 :: 		
0x031E	0x8AAC      	BSF         TXSTA, 5 
;__Lib_UART_c67.c,24 :: 		
0x0320	0x0E90      	MOVLW       144
0x0322	0x6EAB      	MOVWF       RCSTA 
;__Lib_UART_c67.c,25 :: 		
0x0324	0x8E94      	BSF         TRISC7_bit, BitPos(TRISC7_bit+0) 
;__Lib_UART_c67.c,26 :: 		
0x0326	0x9C94      	BCF         TRISC6_bit, BitPos(TRISC6_bit+0) 
;__Lib_UART_c67.c,28 :: 		
L_UART1_Init0:
0x0328	0xAA9E      	BTFSS       PIR1, 5 
0x032A	0xD003      	BRA         L_UART1_Init1
;__Lib_UART_c67.c,29 :: 		
0x032C	0xF000CFAE  	MOVFF       RCREG, R0
0x0330	0xD7FB      	BRA         L_UART1_Init0
L_UART1_Init1:
;__Lib_UART_c67.c,30 :: 		
L_end_UART1_Init:
0x0332	0x0012      	RETURN      0
; end of _UART1_Init
_pinmode:
;arabduino.c,31 :: 		void pinmode(uint8_t  pin , uint8_t   mode)  // set pin direction
;arabduino.c,38 :: 		vport=((pin>>4)-3)|0XF90;
0x0334	0x0E04      	MOVLW       4
0x0336	0x6E00      	MOVWF       R0 
0x0338	0xF002C03E  	MOVFF       FARG_pinmode_pin, R2
0x033C	0x0E00      	MOVLW       0
0x033E	0x6E03      	MOVWF       R3 
0x0340	0x5000      	MOVF        R0, 0 
L__pinmode22:
0x0342	0xE004      	BZ          L__pinmode23
0x0344	0x3202      	RRCF        R2, 1 
0x0346	0x9E02      	BCF         R2, 7 
0x0348	0x0FFF      	ADDLW       255
0x034A	0xD7FB      	BRA         L__pinmode22
L__pinmode23:
0x034C	0x0E03      	MOVLW       3
0x034E	0x5E02      	SUBWF       R2, 1 
0x0350	0x6A03      	CLRF        R3 
0x0352	0x0E00      	MOVLW       0
0x0354	0x5A03      	SUBWFB      R3, 1 
0x0356	0x0E90      	MOVLW       144
0x0358	0x1202      	IORWF       R2, 1 
0x035A	0x0E0F      	MOVLW       15
0x035C	0x1203      	IORWF       R3, 1 
;arabduino.c,40 :: 		if(mode == 1)           //input
0x035E	0x503F      	MOVF        FARG_pinmode_mode, 0 
0x0360	0x0A01      	XORLW       1
0x0362	0xE119      	BNZ         L_pinmode0
;arabduino.c,42 :: 		*(vport)|=1<<(pin&0x0f);
0x0364	0x0E0F      	MOVLW       15
0x0366	0x143E      	ANDWF       FARG_pinmode_pin, 0 
0x0368	0x6E00      	MOVWF       R0 
0x036A	0x0E01      	MOVLW       1
0x036C	0x6E01      	MOVWF       R1 
0x036E	0x5000      	MOVF        R0, 0 
L__pinmode24:
0x0370	0xE004      	BZ          L__pinmode25
0x0372	0x3601      	RLCF        R1, 1 
0x0374	0x9001      	BCF         R1, 0 
0x0376	0x0FFF      	ADDLW       255
0x0378	0xD7FB      	BRA         L__pinmode24
L__pinmode25:
0x037A	0xFFE9C002  	MOVFF       R2, FSR0L
0x037E	0xFFEAC003  	MOVFF       R3, FSR0H
0x0382	0xF000CFEE  	MOVFF       POSTINC0, R0
0x0386	0xFFE1C002  	MOVFF       R2, FSR1L
0x038A	0xFFE2C003  	MOVFF       R3, FSR1H
0x038E	0x5001      	MOVF        R1, 0 
0x0390	0x1000      	IORWF       R0, 0 
0x0392	0x6EE6      	MOVWF       POSTINC1 
;arabduino.c,43 :: 		return;
0x0394	0x0012      	RETURN      0
;arabduino.c,44 :: 		}
L_pinmode0:
;arabduino.c,45 :: 		else if(mode == 0)
0x0396	0x503F      	MOVF        FARG_pinmode_mode, 0 
0x0398	0x0A00      	XORLW       0
0x039A	0xE11C      	BNZ         L_pinmode2
;arabduino.c,47 :: 		*vport&=~(1<<(pin&0x0f));
0x039C	0x0E0F      	MOVLW       15
0x039E	0x143E      	ANDWF       FARG_pinmode_pin, 0 
0x03A0	0x6E00      	MOVWF       R0 
0x03A2	0xF001C000  	MOVFF       R0, R1
0x03A6	0x0E01      	MOVLW       1
0x03A8	0x6E00      	MOVWF       R0 
0x03AA	0x5001      	MOVF        R1, 0 
L__pinmode26:
0x03AC	0xE004      	BZ          L__pinmode27
0x03AE	0x3600      	RLCF        R0, 1 
0x03B0	0x9000      	BCF         R0, 0 
0x03B2	0x0FFF      	ADDLW       255
0x03B4	0xD7FB      	BRA         L__pinmode26
L__pinmode27:
0x03B6	0x1C00      	COMF        R0, 0 
0x03B8	0x6E01      	MOVWF       R1 
0x03BA	0xFFE9C002  	MOVFF       R2, FSR0L
0x03BE	0xFFEAC003  	MOVFF       R3, FSR0H
0x03C2	0xF000CFEE  	MOVFF       POSTINC0, R0
0x03C6	0xFFE1C002  	MOVFF       R2, FSR1L
0x03CA	0xFFE2C003  	MOVFF       R3, FSR1H
0x03CE	0x5001      	MOVF        R1, 0 
0x03D0	0x1400      	ANDWF       R0, 0 
0x03D2	0x6EE6      	MOVWF       POSTINC1 
;arabduino.c,48 :: 		}
L_pinmode2:
;arabduino.c,49 :: 		}
0x03D4	0x0012      	RETURN      0
; end of _pinmode
___CC2DW:
;__Lib_System.c,21 :: 		
;__Lib_System.c,23 :: 		
_CC2DL_Loop1:
;__Lib_System.c,24 :: 		
0x03D6	0x0009      	TBLRD*+
;__Lib_System.c,25 :: 		
0x03D8	0xFFE6CFF5  	MOVFF       TABLAT, POSTINC1
;__Lib_System.c,26 :: 		
0x03DC	0x0600      	DECF        R0, 1, 0
;__Lib_System.c,27 :: 		
0x03DE	0xE1FB      	BNZ         _CC2DL_Loop1
;__Lib_System.c,28 :: 		
0x03E0	0x0601      	DECF        R1, 1, 0
;__Lib_System.c,29 :: 		
0x03E2	0xE1F9      	BNZ         _CC2DL_Loop1
;__Lib_System.c,31 :: 		
L_end___CC2DW:
0x03E4	0x0012      	RETURN      0
; end of ___CC2DW
_UART1_Data_Ready:
;__Lib_UART_c67.c,34 :: 		
;__Lib_UART_c67.c,35 :: 		
0x03E6	0x0E00      	MOVLW       0
0x03E8	0xBA9E      	BTFSC       PIR1, 5 
0x03EA	0x0E01      	MOVLW       1
0x03EC	0x6E00      	MOVWF       R0 
;__Lib_UART_c67.c,36 :: 		
L_end_UART1_Data_Ready:
0x03EE	0x0012      	RETURN      0
; end of _UART1_Data_Ready
_neutral:
;robot1.c,24 :: 		void neutral ()
;robot1.c,26 :: 		digitalWrite(enable1,0);
0x03F0	0xF040C02B  	MOVFF       _enable1, FARG_digitalwrite_pin
0x03F4	0x6A41      	CLRF        FARG_digitalwrite_state 
0x03F6	0xDE12      	RCALL       _digitalwrite
;robot1.c,27 :: 		digitalWrite(enable2,0);
0x03F8	0xF040C01B  	MOVFF       _enable2, FARG_digitalwrite_pin
0x03FC	0x6A41      	CLRF        FARG_digitalwrite_state 
0x03FE	0xDE0E      	RCALL       _digitalwrite
;robot1.c,28 :: 		digitalWrite(enable3,0);
0x0400	0xF040C01D  	MOVFF       _enable3, FARG_digitalwrite_pin
0x0404	0x6A41      	CLRF        FARG_digitalwrite_state 
0x0406	0xDE0A      	RCALL       _digitalwrite
;robot1.c,29 :: 		digitalWrite(enable4,0);
0x0408	0xF040C01F  	MOVFF       _enable4, FARG_digitalwrite_pin
0x040C	0x6A41      	CLRF        FARG_digitalwrite_state 
0x040E	0xDE06      	RCALL       _digitalwrite
;robot1.c,30 :: 		}
0x0410	0x0012      	RETURN      0
; end of _neutral
_main:
0x0412	0xF002EC6B  	CALL        1238, 0
;robot1.c,251 :: 		void main() {
;robot1.c,252 :: 		pinMode(cw1 , OUTPUT);
0x0416	0xF03EC015  	MOVFF       _cw1, FARG_pinmode_pin
0x041A	0x6A3F      	CLRF        FARG_pinmode_mode 
0x041C	0xDF8B      	RCALL       _pinmode
;robot1.c,253 :: 		pinMode(ccw1 , OUTPUT);
0x041E	0xF03EC027  	MOVFF       _ccw1, FARG_pinmode_pin
0x0422	0x6A3F      	CLRF        FARG_pinmode_mode 
0x0424	0xDF87      	RCALL       _pinmode
;robot1.c,254 :: 		pinMode(enable1, OUTPUT);
0x0426	0xF03EC02B  	MOVFF       _enable1, FARG_pinmode_pin
0x042A	0x6A3F      	CLRF        FARG_pinmode_mode 
0x042C	0xDF83      	RCALL       _pinmode
;robot1.c,256 :: 		pinMode(cw2, OUTPUT);
0x042E	0xF03EC017  	MOVFF       _cw2, FARG_pinmode_pin
0x0432	0x6A3F      	CLRF        FARG_pinmode_mode 
0x0434	0xDF7F      	RCALL       _pinmode
;robot1.c,257 :: 		pinMode(ccw2, OUTPUT);
0x0436	0xF03EC029  	MOVFF       _ccw2, FARG_pinmode_pin
0x043A	0x6A3F      	CLRF        FARG_pinmode_mode 
0x043C	0xDF7B      	RCALL       _pinmode
;robot1.c,258 :: 		pinMode(enable2, OUTPUT);
0x043E	0xF03EC01B  	MOVFF       _enable2, FARG_pinmode_pin
0x0442	0x6A3F      	CLRF        FARG_pinmode_mode 
0x0444	0xDF77      	RCALL       _pinmode
;robot1.c,260 :: 		pinMode(cw3, OUTPUT);
0x0446	0xF03EC019  	MOVFF       _cw3, FARG_pinmode_pin
0x044A	0x6A3F      	CLRF        FARG_pinmode_mode 
0x044C	0xDF73      	RCALL       _pinmode
;robot1.c,261 :: 		pinMode(ccw3, OUTPUT);
0x044E	0xF03EC021  	MOVFF       _ccw3, FARG_pinmode_pin
0x0452	0x6A3F      	CLRF        FARG_pinmode_mode 
0x0454	0xDF6F      	RCALL       _pinmode
;robot1.c,262 :: 		pinMode(enable3, OUTPUT);
0x0456	0xF03EC01D  	MOVFF       _enable3, FARG_pinmode_pin
0x045A	0x6A3F      	CLRF        FARG_pinmode_mode 
0x045C	0xDF6B      	RCALL       _pinmode
;robot1.c,264 :: 		pinMode(cw4, OUTPUT);
0x045E	0xF03EC025  	MOVFF       _cw4, FARG_pinmode_pin
0x0462	0x6A3F      	CLRF        FARG_pinmode_mode 
0x0464	0xDF67      	RCALL       _pinmode
;robot1.c,265 :: 		pinMode(ccw4, OUTPUT);
0x0466	0xF03EC023  	MOVFF       _ccw4, FARG_pinmode_pin
0x046A	0x6A3F      	CLRF        FARG_pinmode_mode 
0x046C	0xDF63      	RCALL       _pinmode
;robot1.c,266 :: 		pinMode(enable4, OUTPUT);
0x046E	0xF03EC01F  	MOVFF       _enable4, FARG_pinmode_pin
0x0472	0x6A3F      	CLRF        FARG_pinmode_mode 
0x0474	0xDF5F      	RCALL       _pinmode
;robot1.c,268 :: 		uart1_init(9600);
0x0476	0x0E67      	MOVLW       103
0x0478	0x6EAF      	MOVWF       SPBRG 
0x047A	0x84AC      	BSF         TXSTA, 2, 0
0x047C	0xDF30      	RCALL       _UART1_Init
;robot1.c,269 :: 		neutral();
0x047E	0xDFB8      	RCALL       _neutral
;robot1.c,270 :: 		while(1)
L_main0:
;robot1.c,274 :: 		if(uart1_data_ready())
0x0480	0xDFB2      	RCALL       _UART1_Data_Ready
0x0482	0x5200      	MOVF        R0, 1 
0x0484	0xE01A      	BZ          L_main2
;robot1.c,276 :: 		x=uart1_read();
0x0486	0xDE77      	RCALL       _UART1_Read
0x0488	0xF02DC000  	MOVFF       R0, _x
;robot1.c,277 :: 		uart1_write(x);
0x048C	0xF03EC000  	MOVFF       R0, FARG_UART1_Write_data_
0x0490	0xDE6B      	RCALL       _UART1_Write
;robot1.c,278 :: 		if(x=='2')
0x0492	0x502D      	MOVF        _x, 0 
0x0494	0x0A32      	XORLW       50
0x0496	0xE101      	BNZ         L_main3
;robot1.c,280 :: 		forward();
0x0498	0xDE2E      	RCALL       _forward
;robot1.c,281 :: 		}
L_main3:
;robot1.c,282 :: 		if(x=='8')
0x049A	0x502D      	MOVF        _x, 0 
0x049C	0x0A38      	XORLW       56
0x049E	0xE101      	BNZ         L_main4
;robot1.c,284 :: 		backward();
0x04A0	0xDEE5      	RCALL       _backward
;robot1.c,285 :: 		}
L_main4:
;robot1.c,286 :: 		if(x=='4')
0x04A2	0x502D      	MOVF        _x, 0 
0x04A4	0x0A34      	XORLW       52
0x04A6	0xE101      	BNZ         L_main5
;robot1.c,288 :: 		right();
0x04A8	0xDEA8      	RCALL       _right
;robot1.c,289 :: 		}
L_main5:
;robot1.c,290 :: 		if(x=='6')
0x04AA	0x502D      	MOVF        _x, 0 
0x04AC	0x0A36      	XORLW       54
0x04AE	0xE101      	BNZ         L_main6
;robot1.c,292 :: 		left();
0x04B0	0xDE6B      	RCALL       _left
;robot1.c,293 :: 		}
L_main6:
;robot1.c,294 :: 		if(x=='5')
0x04B2	0x502D      	MOVF        _x, 0 
0x04B4	0x0A35      	XORLW       53
0x04B6	0xE101      	BNZ         L_main7
;robot1.c,296 :: 		neutral();
0x04B8	0xDF9B      	RCALL       _neutral
;robot1.c,297 :: 		}
L_main7:
;robot1.c,311 :: 		}
L_main2:
;robot1.c,319 :: 		}
0x04BA	0xD7E2      	BRA         L_main0
;robot1.c,321 :: 		}
0x04BC	0xD7FF      	BRA         $+0
; end of _main
0x04D6	0xF015EE10  	LFSR        1, 21
0x04DA	0x0E18      	MOVLW       24
0x04DC	0x6E00      	MOVWF       R0 
0x04DE	0x0E01      	MOVLW       1
0x04E0	0x6E01      	MOVWF       R1 
0x04E2	0x0EBE      	MOVLW       190
0x04E4	0x6EF6      	MOVWF       4086 
0x04E6	0x0E04      	MOVLW       4
0x04E8	0x6EF7      	MOVWF       TBLPTRH 
0x04EA	0x0E00      	MOVLW       0
0x04EC	0x6EF8      	MOVWF       TBLPTRU 
0x04EE	0xF001ECEB  	CALL        982, 0
0x04F2	0x0012      	RETURN      0
;robot1.c,0 :: ?ICS_cw1
0x04BE	0x0063 ;?ICS_cw1+0
; end of ?ICS_cw1
;robot1.c,0 :: ?ICS_cw2
0x04C0	0x0060 ;?ICS_cw2+0
; end of ?ICS_cw2
;robot1.c,0 :: ?ICS_cw3
0x04C2	0x0085 ;?ICS_cw3+0
; end of ?ICS_cw3
;robot1.c,0 :: ?ICS_enable2
0x04C4	0x0086 ;?ICS_enable2+0
; end of ?ICS_enable2
;robot1.c,0 :: ?ICS_enable3
0x04C6	0x0083 ;?ICS_enable3+0
; end of ?ICS_enable3
;robot1.c,0 :: ?ICS_enable4
0x04C8	0x0080 ;?ICS_enable4+0
; end of ?ICS_enable4
;robot1.c,0 :: ?ICS_ccw3
0x04CA	0x0084 ;?ICS_ccw3+0
; end of ?ICS_ccw3
;robot1.c,0 :: ?ICS_ccw4
0x04CC	0x0081 ;?ICS_ccw4+0
; end of ?ICS_ccw4
;robot1.c,0 :: ?ICS_cw4
0x04CE	0x0082 ;?ICS_cw4+0
; end of ?ICS_cw4
;robot1.c,0 :: ?ICS_ccw1
0x04D0	0x0062 ;?ICS_ccw1+0
; end of ?ICS_ccw1
;robot1.c,0 :: ?ICS_ccw2
0x04D2	0x0087 ;?ICS_ccw2+0
; end of ?ICS_ccw2
;robot1.c,0 :: ?ICS_enable1
0x04D4	0x0061 ;?ICS_enable1+0
; end of ?ICS_enable1
Symbol List:
//** Routines locations **
//ADDRESS    SIZE    PROCEDURE
//----------------------------------------------
0x001C     [218]    _digitalwrite
0x00F6     [114]    _forward
0x0168      [14]    _UART1_Write
0x0176      [18]    _UART1_Read
0x0188     [114]    _left
0x01FA     [114]    _right
0x026C     [114]    _backward
0x02DE      [86]    _UART1_Init
0x0334     [162]    _pinmode
0x03D6      [16]    ___CC2DW
0x03E6      [10]    _UART1_Data_Ready
0x03F0      [34]    _neutral
0x0412     [172]    _main
//** Variables locations ** 
//ADDRESS    SIZE    VARIABLE
//----------------------------------------------
0x0000       [1]    R0
0x0000       [1]    FLASH_Erase_64_SaveINTCON_L0
0x0000       [1]    UART1_Init_tmp_L0
0x0000       [1]    __Lib_SoftI2C_PutZerosToLATSda_temp_sda_L0
0x0000       [1]    __Lib_SoftI2C_PutZerosToLATScl_temp_scl_L0
0x0000       [1]    EEPROM_Write_SaveINTCON_L0
0x0000       [1]    SPI1_Write_tmp_L0
0x0001       [1]    __Lib_TFT_JPEG_FileReadBytes_Result_L0
0x0001       [1]    __Lib_PS2_Wait_Falling_nsample_L0
0x0001       [1]    FLASH_Write_8_i_L0
0x0001       [1]    __Lib_TFT_JPEG_FileRead_i_L0
0x0001       [1]    ispunct_rslt_L0
0x0001       [1]    sort_channels_i_L0
0x0001       [1]    R1
0x0001       [1]    FLASH_Erase_Write_64_i_L0
0x0001       [1]    deletechannel_maxindex_L0
0x0001       [1]    UART1_Read___tmp_UART1_Read_L0
0x0001       [1]    updatedata_loopc_L0
0x0001       [1]    __Lib_TFT_16bit_JPEG_FileReadBytes_Result_L0
0x0001       [2]    FLASH_Read_N_Bytes_i_L0
0x0001       [1]    I2C1_Rd_tmp_L0
0x0001       [1]    __Lib_TFT_16bit_JPEG_FileRead_i_L0
0x0002       [2]    memset_pp_L0
0x0002       [2]    strlen_cp_L0
0x0002       [1]    sort_channels_j_L0
0x0002       [2]    memchr_s_L0
0x0002       [2]    memcpy_dd_L0
0x0002       [1]    FLASH_Write_8_SaveINTCON_L0
0x0002       [2]    digitalwrite_vport_L0
0x0002       [2]    pinmode_vport_L0
0x0002       [1]    FLASH_Erase_Write_64_j_L0
0x0002       [1]    R2
0x0003       [1]    R3
0x0003       [2]    Ltrim_original_L0
0x0003       [1]    sort_channels_minindex_L0
0x0003       [1]    MM_Init_i_L0
0x0003       [2]    MM_TotalFreeMemSize_Tot_L0
0x0003       [2]    memmove_tt_L0
0x0003       [1]    FLASH_Erase_Write_64_SaveINTCON_L0
0x0004       [2]    strncpy_cp_L0
0x0004       [2]    strncat_cp_L0
0x0004       [2]    __Lib_MemManager_MM_GetMemAlign_P_L0
0x0004       [2]    frexp_pom_L0
0x0004       [2]    memcpy_ss_L0
0x0004       [1]    R4
0x0004       [2]    strcpy_cp_L0
0x0004       [2]    strcat_cp_L0
0x0004       [1]    sort_channels_minvalue_L0
0x0005       [4]    micros__time_L0
0x0005       [1]    R5
0x0005       [2]    memmove_ff_L0
0x0005       [2]    LongIntToHex_input_half_L0
0x0005       [2]    Ltrim_p_L0
0x0005       [1]    MM_TotalFreeMemSize_i_L0
0x0005       [2]    LongWordToHex_input_half_L0
0x0006       [1]    R6
0x0006       [2]    digitalread_vport_L0
0x0006       [1]    __Lib_MemManager_MM_GetMemAlign_i_L0
0x0007       [1]    __Lib_TFT_16bit_JPEG_GenerateHuffmanTables_bLength_L0
0x0007       [1]    R7
0x0007       [1]    __Lib_TFT_JPEG_GenerateHuffmanTables_bLength_L0
0x0008       [1]    R8
0x0008       [1]    __Lib_TFT_16bit_JPEG_GenerateHuffmanTables_bTable_L0
0x0008       [1]    __Lib_TFT_JPEG_GenerateHuffmanTables_bTable_L0
0x0009       [1]    micros__reg_L0
0x0009       [1]    R9
0x000A       [1]    R10
0x000B       [1]    R11
0x000C       [1]    R12
0x000D       [1]    R13
0x000E       [1]    R14
0x000F       [1]    R15
0x0010       [1]    R16
0x0011       [1]    R17
0x0012       [1]    R18
0x0013       [1]    R19
0x0014       [1]    R20
0x0015       [2]    _cw1
0x0017       [2]    _cw2
0x0019       [2]    _cw3
0x001B       [2]    _enable2
0x001D       [2]    _enable3
0x001F       [2]    _enable4
0x0021       [2]    _ccw3
0x0023       [2]    _ccw4
0x0025       [2]    _cw4
0x0027       [2]    _ccw1
0x0029       [2]    _ccw2
0x002B       [2]    _enable1
0x002D       [1]    _x
0x002E       [4]    _UART_Rd_Ptr
0x0032       [4]    _UART_Rdy_Ptr
0x0036       [4]    _UART_Tx_Idle_Ptr
0x003A       [4]    _UART_Wr_Ptr
0x003E       [1]    FARG_UART1_Write_data_
0x003E       [1]    FARG_pinmode_pin
0x003F       [1]    FARG_pinmode_mode
0x0040       [1]    FARG_digitalwrite_pin
0x0041       [1]    FARG_digitalwrite_state
0x0F80       [0]    VREFP_bit
0x0F80       [0]    T0CKI_bit
0x0F80       [0]    VREFM_bit
0x0F80       [0]    AN4_bit
0x0F80       [0]    OSC2_bit
0x0F80       [0]    RA0_bit
0x0F80       [0]    RA1_bit
0x0F80       [0]    LVDIN_bit
0x0F80       [0]    SS_bit
0x0F80       [0]    CLKO_bit
0x0F80       [0]    AN3_bit
0x0F80       [1]    PORTA
0x0F80       [0]    RA4_bit
0x0F80       [0]    RA6_bit
0x0F80       [0]    RA5_bit
0x0F80       [0]    RA3_bit
0x0F80       [0]    AN0_bit
0x0F80       [0]    AN2_bit
0x0F80       [0]    RA2_bit
0x0F80       [0]    AN1_bit
0x0F81       [0]    RB5_bit
0x0F81       [0]    RB6_bit
0x0F81       [0]    RB7_bit
0x0F81       [0]    RB1_bit
0x0F81       [0]    RB0_bit
0x0F81       [0]    RB2_bit
0x0F81       [0]    RB4_bit
0x0F81       [0]    RB3_bit
0x0F81       [0]    INT1_bit
0x0F81       [0]    INT2_bit
0x0F81       [1]    PORTB
0x0F81       [0]    INT0_bit
0x0F81       [0]    CCP2_PORTB_bit
0x0F81       [0]    PGD_bit
0x0F81       [0]    CCP2A_bit
0x0F81       [0]    PGM_bit
0x0F81       [0]    PGC_bit
0x0F82       [0]    RC2_bit
0x0F82       [0]    RC3_bit
0x0F82       [0]    RC0_bit
0x0F82       [0]    RC1_bit
0x0F82       [0]    RC6_bit
0x0F82       [0]    RC7_bit
0x0F82       [0]    RC4_bit
0x0F82       [0]    RC5_bit
0x0F82       [0]    CK_bit
0x0F82       [0]    SCK_bit
0x0F82       [0]    SDA_bit
0x0F82       [0]    T1OSI_bit
0x0F82       [0]    T1CKI_bit
0x0F82       [1]    PORTC
0x0F82       [0]    T1OSO_bit
0x0F82       [0]    TX_bit
0x0F82       [0]    CCP2_PORTC_bit
0x0F82       [0]    RX__bit
0x0F82       [0]    CCP1_bit
0x0F82       [0]    SDI_bit
0x0F82       [0]    SCL_bit
0x0F82       [0]    SDO_bit
0x0F83       [0]    PSP0_bit
0x0F83       [0]    RD2_bit
0x0F83       [0]    RD3_bit
0x0F83       [0]    PSP2_bit
0x0F83       [0]    PSP1_bit
0x0F83       [0]    RD1_bit
0x0F83       [0]    PSP5_bit
0x0F83       [0]    PSP4_bit
0x0F83       [0]    PSP6_bit
0x0F83       [0]    PSP7_bit
0x0F83       [0]    RD0_bit
0x0F83       [0]    RD4_bit
0x0F83       [0]    RD5_bit
0x0F83       [0]    RD6_bit
0x0F83       [0]    RD7_bit
0x0F83       [0]    PSP3_bit
0x0F83       [1]    PORTD
0x0F84       [0]    RD_bit
0x0F84       [0]    RE1_bit
0x0F84       [0]    RE2_bit
0x0F84       [0]    WR_bit
0x0F84       [0]    RE0_bit
0x0F84       [0]    AN7_bit
0x0F84       [1]    PORTE
0x0F84       [0]    CS_bit
0x0F84       [0]    AN5_bit
0x0F84       [0]    AN6_bit
0x0F89       [1]    LATA
0x0F89       [0]    LATA4_bit
0x0F89       [0]    LATA3_bit
0x0F89       [0]    LATA6_bit
0x0F89       [0]    LATA5_bit
0x0F89       [0]    LATA0_bit
0x0F89       [0]    LATA1_bit
0x0F89       [0]    LATA2_bit
0x0F8A       [1]    LATB
0x0F8A       [0]    LATB5_bit
0x0F8A       [0]    LATB2_bit
0x0F8A       [0]    LATB4_bit
0x0F8A       [0]    LATB3_bit
0x0F8A       [0]    LATB7_bit
0x0F8A       [0]    LATB0_bit
0x0F8A       [0]    LATB6_bit
0x0F8A       [0]    LATB1_bit
0x0F8B       [0]    LATC5_bit
0x0F8B       [0]    LATC4_bit
0x0F8B       [0]    LATC7_bit
0x0F8B       [0]    LATC6_bit
0x0F8B       [0]    LATC3_bit
0x0F8B       [0]    LATC1_bit
0x0F8B       [1]    LATC
0x0F8B       [0]    LATC2_bit
0x0F8B       [0]    LATC0_bit
0x0F8C       [0]    LATD1_bit
0x0F8C       [0]    LATD0_bit
0x0F8C       [0]    LATD2_bit
0x0F8C       [0]    LATD6_bit
0x0F8C       [0]    LATD7_bit
0x0F8C       [1]    LATD
0x0F8C       [0]    LATD3_bit
0x0F8C       [0]    LATD4_bit
0x0F8C       [0]    LATD5_bit
0x0F8D       [1]    LATE
0x0F8D       [0]    LATE2_bit
0x0F8D       [0]    LATE0_bit
0x0F8D       [0]    LATE1_bit
0x0F92       [0]    TRISA1_bit
0x0F92       [0]    TRISA2_bit
0x0F92       [1]    TRISA
0x0F92       [0]    TRISA0_bit
0x0F92       [0]    TRISA5_bit
0x0F92       [0]    TRISA6_bit
0x0F92       [0]    TRISA3_bit
0x0F92       [0]    TRISA4_bit
0x0F93       [0]    TRISB0_bit
0x0F93       [0]    TRISB1_bit
0x0F93       [0]    CCP2_TRISB_bit
0x0F93       [1]    TRISB
0x0F93       [0]    TRISB2_bit
0x0F93       [0]    TRISB6_bit
0x0F93       [0]    TRISB7_bit
0x0F93       [0]    TRISB5_bit
0x0F93       [0]    TRISB3_bit
0x0F93       [0]    TRISB4_bit
0x0F94       [0]    TRISC5_bit
0x0F94       [0]    TRISC4_bit
0x0F94       [0]    TRISC6_bit
0x0F94       [0]    CCP2_TRISC_bit
0x0F94       [0]    TRISC7_bit
0x0F94       [0]    TRISC0_bit
0x0F94       [1]    TRISC
0x0F94       [0]    TRISC1_bit
0x0F94       [0]    TRISC3_bit
0x0F94       [0]    TRISC2_bit
0x0F95       [0]    TRISD7_bit
0x0F95       [0]    TRISD6_bit
0x0F95       [0]    TRISD2_bit
0x0F95       [0]    TRISD0_bit
0x0F95       [0]    TRISD1_bit
0x0F95       [1]    TRISD
0x0F95       [0]    TRISD3_bit
0x0F95       [0]    TRISD5_bit
0x0F95       [0]    TRISD4_bit
0x0F96       [0]    TRISE0_bit
0x0F96       [0]    TRISE2_bit
0x0F96       [1]    TRISE
0x0F96       [0]    PSPMODE_TRISE_bit
0x0F96       [0]    IBF_TRISE_bit
0x0F96       [0]    OBF_TRISE_bit
0x0F96       [0]    TRISE1_bit
0x0F96       [0]    IBOV_TRISE_bit
0x0F9D       [0]    RCIE_bit
0x0F9D       [0]    PSPIE_bit
0x0F9D       [0]    ADIE_bit
0x0F9D       [0]    CCP1IE_bit
0x0F9D       [0]    TMR2IE_bit
0x0F9D       [0]    TMR1IE_bit
0x0F9D       [0]    TXIE_bit
0x0F9D       [0]    SSPIE_bit
0x0F9D       [1]    PIE1
0x0F9E       [0]    TXIF_bit
0x0F9E       [0]    SSPIF_bit
0x0F9E       [0]    RCIF_bit
0x0F9E       [0]    PSPIF_bit
0x0F9E       [0]    ADIF_bit
0x0F9E       [0]    CCP1IF_bit
0x0F9E       [0]    TMR1IF_bit
0x0F9E       [1]    PIR1
0x0F9E       [0]    TMR2IF_bit
0x0F9F       [0]    ADIP_bit
0x0F9F       [0]    TMR1IP_bit
0x0F9F       [0]    TMR2IP_bit
0x0F9F       [0]    RCIP_bit
0x0F9F       [1]    IPR1
0x0F9F       [0]    TXIP_bit
0x0F9F       [0]    CCP1IP_bit
0x0F9F       [0]    SSPIP_bit
0x0F9F       [0]    PSPIP_bit
0x0FA0       [1]    PIE2
0x0FA0       [0]    CCP2IE_bit
0x0FA0       [0]    EEIE_bit
0x0FA0       [0]    TMR3IE_bit
0x0FA0       [0]    BCLIE_bit
0x0FA0       [0]    LVDIE_bit
0x0FA1       [1]    PIR2
0x0FA1       [0]    BCLIF_bit
0x0FA1       [0]    CCP2IF_bit
0x0FA1       [0]    TMR3IF_bit
0x0FA1       [0]    LVDIF_bit
0x0FA1       [0]    EEIF_bit
0x0FA2       [0]    TMR3IP_bit
0x0FA2       [1]    IPR2
0x0FA2       [0]    LVDIP_bit
0x0FA2       [0]    CCP2IP_bit
0x0FA2       [0]    BCLIP_bit
0x0FA2       [0]    EEIP_bit
0x0FA6       [0]    WRERR_bit
0x0FA6       [0]    FREE_bit
0x0FA6       [0]    CFGS_bit
0x0FA6       [0]    WR_EECON1_bit
0x0FA6       [0]    RD_EECON1_bit
0x0FA6       [0]    WREN_bit
0x0FA6       [0]    EEPGD_bit
0x0FA6       [1]    EECON1
0x0FA7       [1]    EECON2
0x0FA8       [1]    EEDATA
0x0FA9       [1]    EEADR
0x0FAB       [0]    SREN_bit
0x0FAB       [1]    RCSTA
0x0FAB       [0]    RX9_bit
0x0FAB       [0]    SPEN_bit
0x0FAB       [0]    RC8_9_bit
0x0FAB       [0]    RCD8_bit
0x0FAB       [0]    RX9D_bit
0x0FAB       [0]    NOT_RC8_bit
0x0FAB       [0]    RC9_bit
0x0FAB       [0]    ADDEN_bit
0x0FAB       [0]    OERR_bit
0x0FAB       [0]    FERR_bit
0x0FAB       [0]    CREN_bit
0x0FAC       [0]    TX9D_bit
0x0FAC       [0]    TX8_9_bit
0x0FAC       [1]    TXSTA
0x0FAC       [0]    TXD8_bit
0x0FAC       [0]    CSRC_bit
0x0FAC       [0]    TXEN_bit
0x0FAC       [0]    TX9_bit
0x0FAC       [0]    SYNC_bit
0x0FAC       [0]    TRMT_bit
0x0FAC       [0]    BRGH_bit
0x0FAC       [0]    NOT_TX8_bit
0x0FAD       [1]    TXREG
0x0FAE       [1]    RCREG
0x0FAF       [1]    SPBRG
0x0FB1       [0]    T3SYNC_bit
0x0FB1       [0]    T3CKPS1_bit
0x0FB1       [0]    T3INSYNC_bit
0x0FB1       [1]    T3CON
0x0FB1       [0]    T3CKPS0_bit
0x0FB1       [0]    NOT_T3SYNC_bit
0x0FB1       [0]    TMR3CS_bit
0x0FB1       [0]    TMR3ON_bit
0x0FB1       [0]    T3CCP2_bit
0x0FB1       [0]    RD16_bit
0x0FB1       [0]    T3CCP1_bit
0x0FB2       [1]    TMR3L
0x0FB3       [1]    TMR3H
0x0FBA       [0]    CCP2M1_bit
0x0FBA       [0]    CCP2M2_bit
0x0FBA       [0]    DC2B0_bit
0x0FBA       [0]    DCCPX_bit
0x0FBA       [0]    CCP2X_bit
0x0FBA       [0]    CCP2Y_bit
0x0FBA       [0]    DC2B1_bit
0x0FBA       [1]    CCP2CON
0x0FBA       [0]    CCP2M3_bit
0x0FBA       [0]    CCP2M0_bit
0x0FBB       [2]    CCPR2
0x0FBB       [1]    CCPR2L
0x0FBC       [1]    CCPR2H
0x0FBD       [0]    CCP1Y_bit
0x0FBD       [0]    DC1B0_bit
0x0FBD       [0]    DC1B1_bit
0x0FBD       [0]    CCP1M2_bit
0x0FBD       [0]    CCP1M3_bit
0x0FBD       [0]    CCP1X_bit
0x0FBD       [1]    CCP1CON
0x0FBD       [0]    CCP1M1_bit
0x0FBD       [0]    CCP1M0_bit
0x0FBE       [1]    CCPR1L
0x0FBE       [2]    CCPR1
0x0FBF       [1]    CCPR1H
0x0FC1       [0]    ADFM_bit
0x0FC1       [0]    ADCS2_bit
0x0FC1       [0]    PCFG0_bit
0x0FC1       [0]    PCFG3_bit
0x0FC1       [1]    ADCON1
0x0FC1       [0]    PCFG2_bit
0x0FC1       [0]    PCFG1_bit
0x0FC2       [0]    NOT_DONE_bit
0x0FC2       [0]    DONE_bit
0x0FC2       [1]    ADCON0
0x0FC2       [0]    GO_NOT_DONE_bit
0x0FC2       [0]    GO_bit
0x0FC2       [0]    CHS0_bit
0x0FC2       [0]    CHS1_bit
0x0FC2       [0]    GO_DONE_bit
0x0FC2       [0]    ADON_bit
0x0FC2       [0]    ADCS1_bit
0x0FC2       [0]    ADCS0_bit
0x0FC2       [0]    CHS2_bit
0x0FC3       [2]    ADRES
0x0FC3       [1]    ADRESL
0x0FC4       [1]    ADRESH
0x0FC5       [0]    PEN_bit
0x0FC5       [0]    RCEN_bit
0x0FC5       [0]    SEN_bit
0x0FC5       [0]    GCEN_bit
0x0FC5       [0]    RSEN_bit
0x0FC5       [0]    ACKSTAT_bit
0x0FC5       [1]    SSPCON2
0x0FC5       [0]    ACKEN_bit
0x0FC5       [0]    ACKDT_bit
0x0FC6       [0]    WCOL_bit
0x0FC6       [0]    SSPM1_bit
0x0FC6       [0]    SSPM0_bit
0x0FC6       [0]    SSPEN_bit
0x0FC6       [0]    CKP_bit
0x0FC6       [0]    SSPOV_bit
0x0FC6       [1]    SSPCON1
0x0FC6       [0]    SSPM3_bit
0x0FC6       [0]    SSPM2_bit
0x0FC7       [0]    S_bit
0x0FC7       [0]    P_bit
0x0FC7       [0]    NOT_W_bit
0x0FC7       [0]    R_NOT_W_bit
0x0FC7       [0]    I2C_STOP__bit
0x0FC7       [0]    D_bit
0x0FC7       [0]    R_bit
0x0FC7       [1]    SSPSTAT
0x0FC7       [0]    READ_WRITE_bit
0x0FC7       [0]    UA_bit
0x0FC7       [0]    NOT_ADDRESS_bit
0x0FC7       [0]    DATA_ADDRESS_bit
0x0FC7       [0]    SMP_bit
0x0FC7       [0]    I2C_READ_bit
0x0FC7       [0]    NOT_WRITE_bit
0x0FC7       [0]    BF_bit
0x0FC7       [0]    I2C_DATA_bit
0x0FC7       [0]    D_NOT_A_bit
0x0FC7       [0]    I2C_START__bit
0x0FC7       [0]    CKE_bit
0x0FC7       [0]    D_A_bit
0x0FC7       [0]    I2C_DAT_bit
0x0FC7       [0]    NOT_A_bit
0x0FC7       [0]    R_W_bit
0x0FC8       [1]    SSPADD
0x0FC9       [1]    SSPBUF
0x0FCA       [0]    TOUTPS0_bit
0x0FCA       [0]    TOUTPS3_bit
0x0FCA       [0]    TOUTPS1_bit
0x0FCA       [0]    TOUTPS2_bit
0x0FCA       [0]    T2CKPS1_bit
0x0FCA       [1]    T2CON
0x0FCA       [0]    TMR2ON_bit
0x0FCA       [0]    T2CKPS0_bit
0x0FCB       [1]    PR2
0x0FCC       [1]    TMR2
0x0FCD       [0]    T1CKPS0_bit
0x0FCD       [0]    TMR1CS_bit
0x0FCD       [0]    TMR1ON_bit
0x0FCD       [0]    T1INSYNC_bit
0x0FCD       [0]    T1CKPS1_bit
0x0FCD       [0]    T1OSCEN_bit
0x0FCD       [0]    RD16_T1CON_bit
0x0FCD       [1]    T1CON
0x0FCD       [0]    T1SYNC_bit
0x0FCD       [0]    NOT_T1SYNC_bit
0x0FCE       [1]    TMR1L
0x0FCF       [1]    TMR1H
0x0FD0       [0]    TO__bit
0x0FD0       [0]    PD_bit
0x0FD0       [0]    RI_bit
0x0FD0       [1]    RCON
0x0FD0       [0]    NOT_IPEN_bit
0x0FD0       [0]    POR_bit
0x0FD0       [0]    NOT_PD_bit
0x0FD0       [0]    NOT_POR_bit
0x0FD0       [0]    NOT_BOR_bit
0x0FD0       [0]    NOT_TO_bit
0x0FD0       [0]    BOR_bit
0x0FD0       [0]    IPEN_bit
0x0FD0       [0]    NOT_RI_bit
0x0FD1       [1]    WDTCON
0x0FD1       [0]    SWDTEN_bit
0x0FD1       [0]    SWDTE_bit
0x0FD2       [0]    IRVST_bit
0x0FD2       [0]    LVDEN_bit
0x0FD2       [1]    LVDCON
0x0FD2       [0]    LVDL0_bit
0x0FD2       [0]    LVDL3_bit
0x0FD2       [0]    LVDL2_bit
0x0FD2       [0]    LVDL1_bit
0x0FD3       [0]    SCS_bit
0x0FD3       [1]    OSCCON
0x0FD5       [0]    T0CS_bit
0x0FD5       [0]    T0SE_bit
0x0FD5       [0]    TMR0ON_bit
0x0FD5       [1]    T0CON
0x0FD5       [0]    T08BIT_bit
0x0FD5       [0]    T0PS0_bit
0x0FD5       [0]    T0PS2_bit
0x0FD5       [0]    PSA_bit
0x0FD5       [0]    T0PS1_bit
0x0FD6       [1]    TMR0L
0x0FD7       [1]    TMR0H
0x0FD8       [1]    STATUS
0x0FD8       [0]    N_bit
0x0FD8       [0]    Z_bit
0x0FD8       [0]    DC_bit
0x0FD8       [0]    OV_bit
0x0FD8       [0]    C_bit
0x0FD9       [2]    FSR2
0x0FD9       [2]    FSR2PTR
0x0FD9       [1]    FSR2L
0x0FDA       [1]    FSR2H
0x0FDB       [1]    PLUSW2
0x0FDC       [1]    PREINC2
0x0FDD       [1]    POSTDEC2
0x0FDE       [1]    POSTINC2
0x0FDF       [1]    INDF2
0x0FE0       [1]    BSR
0x0FE1       [2]    FSR1
0x0FE1       [2]    FSR1PTR
0x0FE1       [1]    FSR1L
0x0FE2       [1]    FSR1H
0x0FE3       [1]    PLUSW1
0x0FE4       [1]    PREINC1
0x0FE5       [1]    POSTDEC1
0x0FE6       [1]    POSTINC1
0x0FE7       [1]    INDF1
0x0FE8       [1]    WREG
0x0FE9       [1]    FSR0L
0x0FE9       [2]    FSR0PTR
0x0FE9       [2]    FSR0
0x0FEA       [1]    FSR0H
0x0FEB       [1]    PLUSW0
0x0FEC       [1]    PREINC0
0x0FED       [1]    POSTDEC0
0x0FEE       [1]    POSTINC0
0x0FEF       [1]    INDF0
0x0FF0       [0]    INT1F_bit
0x0FF0       [0]    INT1IF_bit
0x0FF0       [0]    INT2IF_bit
0x0FF0       [0]    INT1E_bit
0x0FF0       [0]    INT2IP_bit
0x0FF0       [0]    INT2F_bit
0x0FF0       [0]    INT1IE_bit
0x0FF0       [0]    INT2IE_bit
0x0FF0       [0]    INT1IP_bit
0x0FF0       [1]    INTCON3
0x0FF0       [0]    INT2P_bit
0x0FF0       [0]    INT2E_bit
0x0FF0       [0]    INT1P_bit
0x0FF1       [1]    INTCON2
0x0FF1       [0]    RBPU_bit
0x0FF1       [0]    TMR0IP_bit
0x0FF1       [0]    INTEDG1_bit
0x0FF1       [0]    T0IP_bit
0x0FF1       [0]    INTEDG2_bit
0x0FF1       [0]    INTEDG0_bit
0x0FF1       [0]    RBIP_bit
0x0FF1       [0]    NOT_RBPU_bit
0x0FF2       [0]    T0IE_bit
0x0FF2       [0]    GIEL_bit
0x0FF2       [0]    PEIE_bit
0x0FF2       [0]    GIEH_bit
0x0FF2       [0]    GIE_bit
0x0FF2       [0]    RBIE_bit
0x0FF2       [0]    INT0IE_bit
0x0FF2       [0]    TMR0IE_bit
0x0FF2       [0]    INT0IF_bit
0x0FF2       [0]    TMR0IF_bit
0x0FF2       [0]    RBIF_bit
0x0FF2       [1]    INTCON
0x0FF2       [0]    INT0F_bit
0x0FF2       [0]    T0IF_bit
0x0FF2       [0]    INT0E_bit
0x0FF2       [1]    INTCON1
0x0FF2       [0]    PEIE_GIEL_bit
0x0FF2       [0]    GIE_GIEH_bit
0x0FF3       [1]    PRODL
0x0FF3       [2]    PROD
0x0FF4       [1]    PRODH
0x0FF5       [1]    TABLAT
0x0FF6       [1]    TBLPTRL
0x0FF6       [3]    TBLPTR
0x0FF7       [1]    TBLPTRH
0x0FF8       [0]    TBLPTRU3_bit
0x0FF8       [0]    TBLPTRU4_bit
0x0FF8       [0]    TBLPTRU2_bit
0x0FF8       [0]    ACSS_bit
0x0FF8       [1]    TBLPTRU
0x0FF8       [0]    TBLPTRU0_bit
0x0FF8       [0]    TBLPTRU1_bit
0x0FF9       [1]    PCL
0x0FF9       [1]    PC
0x0FFA       [1]    PCLATH
0x0FFB       [0]    PCU4_bit
0x0FFB       [1]    PCLATU
0x0FFB       [0]    PCU0_bit
0x0FFB       [0]    PCU1_bit
0x0FFB       [0]    PCU2_bit
0x0FFB       [0]    PCU3_bit
0x0FFC       [0]    STKPTR4_bit
0x0FFC       [0]    STKPTR0_bit
0x0FFC       [0]    STKPTR1_bit
0x0FFC       [0]    STKPTR2_bit
0x0FFC       [1]    STKPTR
0x0FFC       [0]    STKPTR3_bit
0x0FFC       [0]    STKUNF_bit
0x0FFC       [0]    STKOVF_bit
0x0FFC       [0]    SP2_bit
0x0FFC       [0]    SP4_bit
0x0FFC       [0]    SP3_bit
0x0FFC       [0]    SP1_bit
0x0FFC       [0]    STKFUL_bit
0x0FFC       [0]    SP0_bit
0x0FFD       [1]    TOSL
0x0FFE       [1]    TOSH
0x0FFF       [1]    TOSU
//** Constants locations ** 
//ADDRESS    SIZE    CONSTANT
//----------------------------------------------
0x04BE       [2]    ?ICS_cw1
0x04C0       [2]    ?ICS_cw2
0x04C2       [2]    ?ICS_cw3
0x04C4       [2]    ?ICS_enable2
0x04C6       [2]    ?ICS_enable3
0x04C8       [2]    ?ICS_enable4
0x04CA       [2]    ?ICS_ccw3
0x04CC       [2]    ?ICS_ccw4
0x04CE       [2]    ?ICS_cw4
0x04D0       [2]    ?ICS_ccw1
0x04D2       [2]    ?ICS_ccw2
0x04D4       [2]    ?ICS_enable1
//** Label List: ** 
//----------------------------------------------
  L_pinmode0
  L_pinmode1
  L_pinmode2
  L_digitalwrite3
  L_digitalwrite4
  L_digitalwrite5
  L_digitalwrite6
  L_digitalwrite7
  L_main_interrupt8
  L_main_interrupt9
  L_main_interrupt10
  L_main_interrupt11
  L_main_interrupt12
  L_pulsein13
  L_pulsein14
  L_pulsein15
  L_pulsein16
  L_pulsein17
  L_pulsein18
  _timedelay1_
  _jdelay_
  _timedelay3_
  _timedelay4_
  _timedelay5_
  _timedelay6_
  L__temp5
  _myasm2_
  _myasm_
  L__main_interrupt21
  _arabduino_init
  _pinmode
  L__pinmode22
  L__pinmode23
  L__pinmode24
  L__pinmode25
  L__pinmode26
  L__pinmode27
  _digitalwrite
  L__digitalwrite28
  L__digitalwrite29
  L__digitalwrite30
  L__digitalwrite31
  L__digitalwrite32
  L__digitalwrite33
  L__digitalwrite34
  L__digitalwrite35
  _digitalread
  L__digitalread36
  L__digitalread37
  L__digitalread38
  L__digitalread39
  _map
  _main_interrupt
  _millis
  _micros
  L__micros40
  L__micros41
  _pulsein
  L__pulsein42
  L__pulsein43
  _delaymicrosecond
  L_main0
  L_main1
  L_main2
  L_main3
  L_main4
  L_main5
  L_main6
  L_main7
  _neutral
  _forward
  _backward
  _left
  _right
  _rotateRight
  _rotateLeft
  _leftDiagonalForward
  _rightDiagonalForward
  _rightDiagonalBackward
  _leftDiagonalBackward
  _main
  _CC2D_Loop1
  _CC2DL_Loop1
  L_loopCA2AWs
  L_loopCCA2AWs
  L_loopCS2Ss
  L_CS2Send
  L_loopCCS2Ss
  L_CCS2Send
  L_loopFZinSWs
  L_longjmp7
  L_end___CC2D
  ___CC2D
  L_end___CC2DW
  ___CC2DW
  L_end___CA2AW
  ___CA2AW
  L_end___CCA2AW
  ___CCA2AW
  L_end___CS2S
  ___CS2S
  L_end___CCS2S
  ___CCS2S
  L_end___FZinS
  ___FZinS
  L_end_____DoIFC
  _____DoIFC
  L_end_Swap
  _Swap
  L_end_setjmp
  _setjmp
  L_end_longjmp
  _longjmp
  L_UART1_Init0
  L_UART1_Init1
  L_UART1_Read2
  L_UART1_Write3
  L_UART1_Write4
  L_UART1_Write_Text5
  L_UART1_Write_Text6
  L_UART1_Read_Text7
  L_UART1_Read_Text8
  L_UART1_Read_Text9
  L_UART1_Read_Text10
  L_UART1_Read_Text11
  L_UART1_Read_Text12
  L_UART1_Read_Text13
  L_UART1_Read_Text14
  L_UART1_Read_Text15
  L_UART_Write_Text16
  L_UART_Write_Text17
  L_UART_Read_Text18
  L_UART_Read_Text19
  L_UART_Read_Text20
  L_UART_Read_Text21
  L_UART_Read_Text22
  L_UART_Read_Text23
  L_UART_Read_Text24
  L_UART_Read_Text25
  L_UART_Read_Text26
  L_end_UART1_Init
  _UART1_Init
  L_end_UART1_Data_Ready
  _UART1_Data_Ready
  L_end_UART1_Read
  _UART1_Read
  L_end_UART1_Tx_Idle
  _UART1_Tx_Idle
  L_end_UART1_Write
  _UART1_Write
  L_end_UART1_Write_Text
  _UART1_Write_Text
  L_end_UART1_Read_Text
  _UART1_Read_Text
  L_end_UART_Set_Active
  _UART_Set_Active
  L_end_UART_Write
  _UART_Write
  L_end_UART_Write_Text
  _UART_Write_Text
  L_end_UART_Read
  _UART_Read
  L_end_UART_Data_Ready
  _UART_Data_Ready
  L_end_UART_Read_Text
  _UART_Read_Text
  L_end_UART_Tx_Idle
  _UART_Tx_Idle
