;  LST file generated by mikroListExporter - v.2.0 
; Date/Time: 03/03/2015 03:31:47 Õ
;----------------------------------------------

;Address Opcode 	ASM
0x0000	0xF000EFD9  	GOTO        434
0x0004	0x0000      	NOP
0x0006	0x0000      	NOP
0x0008	0xF000EF00  	GOTO        0
0x000C	0x0000      	NOP
0x000E	0x0000      	NOP
0x0010	0x0000      	NOP
0x0012	0x0000      	NOP
0x0014	0x0000      	NOP
0x0016	0x0000      	NOP
0x0018	0xD7F3      	BRA         0
_Delay_10us:
;__Lib_Delays.c,11 :: 		void Delay_10us() {
;__Lib_Delays.c,12 :: 		Delay_us(10);
0x001C	0x0E0D      	MOVLW       13
0x001E	0x6E0D      	MOVWF       R13, 0
L_Delay_10us0:
0x0020	0x2E0D      	DECFSZ      R13, 1, 0
0x0022	0xD7FE      	BRA         L_Delay_10us0
;__Lib_Delays.c,13 :: 		}
0x0024	0x0012      	RETURN      0
; end of _Delay_10us
__Lib_Glcd_Strobe:
;__Lib_Glcd.c,30 :: 		
;__Lib_Glcd.c,31 :: 		
0x0026	0xDFFA      	RCALL       _Delay_10us
;__Lib_Glcd.c,32 :: 		
0x0028	0x8883      	BSF         GLCD_EN, BitPos(GLCD_EN+0) 
;__Lib_Glcd.c,33 :: 		
0x002A	0xDFF8      	RCALL       _Delay_10us
;__Lib_Glcd.c,34 :: 		
0x002C	0x9883      	BCF         GLCD_EN, BitPos(GLCD_EN+0) 
;__Lib_Glcd.c,35 :: 		
L_end_Strobe:
0x002E	0x0012      	RETURN      0
; end of __Lib_Glcd_Strobe
_Glcd_Set_X:
;__Lib_Glcd.c,59 :: 		
;__Lib_Glcd.c,61 :: 		
0x0030	0x0E7F      	MOVLW       127
0x0032	0x141F      	ANDWF       FARG_Glcd_Set_X_x_pos, 0 
0x0034	0x6E00      	MOVWF       R0 
0x0036	0xF01FC000  	MOVFF       R0, FARG_Glcd_Set_X_x_pos
;__Lib_Glcd.c,62 :: 		
0x003A	0x9483      	BCF         GLCD_RS, BitPos(GLCD_RS+0) 
;__Lib_Glcd.c,63 :: 		
0x003C	0x9683      	BCF         GLCD_RW, BitPos(GLCD_RW+0) 
;__Lib_Glcd.c,65 :: 		
0x003E	0x0EBF      	MOVLW       191
0x0040	0x1600      	ANDWF       R0, 1 
0x0042	0xF01FC000  	MOVFF       R0, FARG_Glcd_Set_X_x_pos
;__Lib_Glcd.c,66 :: 		
0x0046	0x8C00      	BSF         R0, 6 
0x0048	0xF01FC000  	MOVFF       R0, FARG_Glcd_Set_X_x_pos
;__Lib_Glcd.c,68 :: 		
0x004C	0xFF81C000  	MOVFF       R0, GLCD_DataPort
;__Lib_Glcd.c,69 :: 		
0x0050	0xDFEA      	RCALL       __Lib_Glcd_Strobe
;__Lib_Glcd.c,70 :: 		
L_end_Glcd_Set_X:
0x0052	0x0012      	RETURN      0
; end of _Glcd_Set_X
_Glcd_Set_Side:
;__Lib_Glcd.c,47 :: 		
;__Lib_Glcd.c,48 :: 		
0x0054	0x0E7F      	MOVLW       127
0x0056	0x141F      	ANDWF       FARG_Glcd_Set_Side_x_pos, 0 
0x0058	0x6E01      	MOVWF       R1 
0x005A	0xF01FC001  	MOVFF       R1, FARG_Glcd_Set_Side_x_pos
;__Lib_Glcd.c,49 :: 		
0x005E	0xAC01      	BTFSS       R1, 6 
0x0060	0xD003      	BRA         L_Glcd_Set_Side0
;__Lib_Glcd.c,50 :: 		
0x0062	0x8283      	BSF         GLCD_CS1, BitPos(GLCD_CS1+0) 
;__Lib_Glcd.c,51 :: 		
0x0064	0x9083      	BCF         GLCD_CS2, BitPos(GLCD_CS2+0) 
;__Lib_Glcd.c,52 :: 		
0x0066	0xD002      	BRA         L_Glcd_Set_Side1
L_Glcd_Set_Side0:
;__Lib_Glcd.c,53 :: 		
0x0068	0x9283      	BCF         GLCD_CS1, BitPos(GLCD_CS1+0) 
;__Lib_Glcd.c,54 :: 		
0x006A	0x8083      	BSF         GLCD_CS2, BitPos(GLCD_CS2+0) 
;__Lib_Glcd.c,55 :: 		
L_Glcd_Set_Side1:
;__Lib_Glcd.c,56 :: 		
L_end_Glcd_Set_Side:
0x006C	0x0012      	RETURN      0
; end of _Glcd_Set_Side
_Glcd_Write_Data:
;__Lib_Glcd.c,112 :: 		
;__Lib_Glcd.c,114 :: 		
0x006E	0x9883      	BCF         GLCD_EN, BitPos(GLCD_EN+0) 
;__Lib_Glcd.c,115 :: 		
0x0070	0x8483      	BSF         GLCD_RS, BitPos(GLCD_RS+0) 
;__Lib_Glcd.c,116 :: 		
0x0072	0x9683      	BCF         GLCD_RW, BitPos(GLCD_RW+0) 
;__Lib_Glcd.c,118 :: 		
0x0074	0xFF81C01F  	MOVFF       FARG_Glcd_Write_Data_ddata, GLCD_DataPort
;__Lib_Glcd.c,119 :: 		
0x0078	0xDFD6      	RCALL       __Lib_Glcd_Strobe
;__Lib_Glcd.c,120 :: 		
L_end_Glcd_Write_Data:
0x007A	0x0012      	RETURN      0
; end of _Glcd_Write_Data
_Glcd_Set_Page:
;__Lib_Glcd.c,38 :: 		
;__Lib_Glcd.c,40 :: 		
0x007C	0x9483      	BCF         GLCD_RS, BitPos(GLCD_RS+0) 
;__Lib_Glcd.c,41 :: 		
0x007E	0x9683      	BCF         GLCD_RW, BitPos(GLCD_RW+0) 
;__Lib_Glcd.c,42 :: 		
0x0080	0x0EB8      	MOVLW       184
0x0082	0x101F      	IORWF       FARG_Glcd_Set_Page_page, 0 
0x0084	0x6E81      	MOVWF       GLCD_DataPort 
;__Lib_Glcd.c,43 :: 		
0x0086	0xDFCF      	RCALL       __Lib_Glcd_Strobe
;__Lib_Glcd.c,44 :: 		
L_end_Glcd_Set_Page:
0x0088	0x0012      	RETURN      0
; end of _Glcd_Set_Page
_Glcd_Fill:
;__Lib_Glcd.c,123 :: 		
;__Lib_Glcd.c,126 :: 		
0x008A	0x9283      	BCF         GLCD_CS1, BitPos(GLCD_CS1+0) 
0x008C	0x8083      	BSF         GLCD_CS2, BitPos(GLCD_CS2+0) 
;__Lib_Glcd.c,127 :: 		
0x008E	0x6A1A      	CLRF        Glcd_Fill_page_L0 
L_Glcd_Fill2:
0x0090	0x501A      	MOVF        Glcd_Fill_page_L0, 0 
0x0092	0x0807      	SUBLW       7
0x0094	0xE30E      	BNC         L_Glcd_Fill3
;__Lib_Glcd.c,128 :: 		
0x0096	0xF01FC01A  	MOVFF       Glcd_Fill_page_L0, FARG_Glcd_Set_Page_page
0x009A	0xDFF0      	RCALL       _Glcd_Set_Page
;__Lib_Glcd.c,130 :: 		
0x009C	0x6A19      	CLRF        Glcd_Fill_yy_L0 
L_Glcd_Fill5:
0x009E	0x5019      	MOVF        Glcd_Fill_yy_L0, 0 
0x00A0	0x083F      	SUBLW       63
0x00A2	0xE305      	BNC         L_Glcd_Fill6
;__Lib_Glcd.c,131 :: 		
0x00A4	0xF01FC018  	MOVFF       FARG_Glcd_Fill_pattern, FARG_Glcd_Write_Data_ddata
0x00A8	0xDFE2      	RCALL       _Glcd_Write_Data
;__Lib_Glcd.c,130 :: 		
0x00AA	0x2A19      	INCF        Glcd_Fill_yy_L0, 1 
;__Lib_Glcd.c,133 :: 		
0x00AC	0xD7F8      	BRA         L_Glcd_Fill5
L_Glcd_Fill6:
;__Lib_Glcd.c,127 :: 		
0x00AE	0x2A1A      	INCF        Glcd_Fill_page_L0, 1 
;__Lib_Glcd.c,134 :: 		
0x00B0	0xD7EF      	BRA         L_Glcd_Fill2
L_Glcd_Fill3:
;__Lib_Glcd.c,136 :: 		
0x00B2	0x9083      	BCF         GLCD_CS2, BitPos(GLCD_CS2+0) 
0x00B4	0x8283      	BSF         GLCD_CS1, BitPos(GLCD_CS1+0) 
;__Lib_Glcd.c,137 :: 		
0x00B6	0x6A1A      	CLRF        Glcd_Fill_page_L0 
L_Glcd_Fill8:
0x00B8	0x501A      	MOVF        Glcd_Fill_page_L0, 0 
0x00BA	0x0807      	SUBLW       7
0x00BC	0xE30E      	BNC         L_Glcd_Fill9
;__Lib_Glcd.c,138 :: 		
0x00BE	0xF01FC01A  	MOVFF       Glcd_Fill_page_L0, FARG_Glcd_Set_Page_page
0x00C2	0xDFDC      	RCALL       _Glcd_Set_Page
;__Lib_Glcd.c,139 :: 		
0x00C4	0x6A19      	CLRF        Glcd_Fill_yy_L0 
L_Glcd_Fill11:
0x00C6	0x5019      	MOVF        Glcd_Fill_yy_L0, 0 
0x00C8	0x083F      	SUBLW       63
0x00CA	0xE305      	BNC         L_Glcd_Fill12
;__Lib_Glcd.c,140 :: 		
0x00CC	0xF01FC018  	MOVFF       FARG_Glcd_Fill_pattern, FARG_Glcd_Write_Data_ddata
0x00D0	0xDFCE      	RCALL       _Glcd_Write_Data
;__Lib_Glcd.c,139 :: 		
0x00D2	0x2A19      	INCF        Glcd_Fill_yy_L0, 1 
;__Lib_Glcd.c,140 :: 		
0x00D4	0xD7F8      	BRA         L_Glcd_Fill11
L_Glcd_Fill12:
;__Lib_Glcd.c,137 :: 		
0x00D6	0x2A1A      	INCF        Glcd_Fill_page_L0, 1 
;__Lib_Glcd.c,141 :: 		
0x00D8	0xD7EF      	BRA         L_Glcd_Fill8
L_Glcd_Fill9:
;__Lib_Glcd.c,142 :: 		
L_end_Glcd_Fill:
0x00DA	0x0012      	RETURN      0
; end of _Glcd_Fill
_Glcd_Init:
;__Lib_Glcd.c,145 :: 		
;__Lib_Glcd.c,146 :: 		
0x00DC	0x6A15      	CLRF        __Lib_Glcd_FontInitialized 
;__Lib_Glcd.c,147 :: 		
0x00DE	0x6A16      	CLRF        __Lib_Glcd_ExternalFontSet 
0x00E0	0x6A17      	CLRF        __Lib_Glcd_ExternalFontSet+1 
;__Lib_Glcd.c,149 :: 		
0x00E2	0x9A95      	BCF         GLCD_RST_Direction, BitPos(GLCD_RST_Direction+0) 
;__Lib_Glcd.c,150 :: 		
0x00E4	0x9895      	BCF         GLCD_EN_Direction, BitPos(GLCD_EN_Direction+0) 
;__Lib_Glcd.c,151 :: 		
0x00E6	0x9495      	BCF         GLCD_RS_Direction, BitPos(GLCD_RS_Direction+0) 
;__Lib_Glcd.c,152 :: 		
0x00E8	0x9695      	BCF         GLCD_RW_Direction, BitPos(GLCD_RW_Direction+0) 
;__Lib_Glcd.c,153 :: 		
0x00EA	0x9095      	BCF         GLCD_CS1_Direction, BitPos(GLCD_CS1_Direction+0) 
;__Lib_Glcd.c,154 :: 		
0x00EC	0x9295      	BCF         GLCD_CS2_Direction, BitPos(GLCD_CS2_Direction+0) 
;__Lib_Glcd.c,156 :: 		
0x00EE	0x9A83      	BCF         GLCD_RST, BitPos(GLCD_RST+0) 
;__Lib_Glcd.c,161 :: 		
0x00F0	0x6A93      	CLRF        GLCD_DataPort+18 
;__Lib_Glcd.c,171 :: 		
0x00F2	0x9483      	BCF         GLCD_RS, BitPos(GLCD_RS+0) 
;__Lib_Glcd.c,172 :: 		
0x00F4	0x9683      	BCF         GLCD_RW, BitPos(GLCD_RW+0) 
;__Lib_Glcd.c,174 :: 		
0x00F6	0x9283      	BCF         GLCD_CS1, BitPos(GLCD_CS1+0) 
;__Lib_Glcd.c,175 :: 		
0x00F8	0x8083      	BSF         GLCD_CS2, BitPos(GLCD_CS2+0) 
;__Lib_Glcd.c,177 :: 		
0x00FA	0x8A83      	BSF         GLCD_RST, BitPos(GLCD_RST+0) 
;__Lib_Glcd.c,184 :: 		
0x00FC	0x0E3F      	MOVLW       63
0x00FE	0x6E81      	MOVWF       GLCD_DataPort 
;__Lib_Glcd.c,185 :: 		
0x0100	0xDF92      	RCALL       __Lib_Glcd_Strobe
;__Lib_Glcd.c,187 :: 		
0x0102	0x0EC0      	MOVLW       192
0x0104	0x6E81      	MOVWF       GLCD_DataPort 
;__Lib_Glcd.c,188 :: 		
0x0106	0xDF8F      	RCALL       __Lib_Glcd_Strobe
;__Lib_Glcd.c,190 :: 		
0x0108	0x8283      	BSF         GLCD_CS1, BitPos(GLCD_CS1+0) 
;__Lib_Glcd.c,191 :: 		
0x010A	0x9083      	BCF         GLCD_CS2, BitPos(GLCD_CS2+0) 
;__Lib_Glcd.c,193 :: 		
0x010C	0x0E3F      	MOVLW       63
0x010E	0x6E81      	MOVWF       GLCD_DataPort 
;__Lib_Glcd.c,194 :: 		
0x0110	0xDF8A      	RCALL       __Lib_Glcd_Strobe
;__Lib_Glcd.c,196 :: 		
0x0112	0x0EC0      	MOVLW       192
0x0114	0x6E81      	MOVWF       GLCD_DataPort 
;__Lib_Glcd.c,197 :: 		
0x0116	0xDF87      	RCALL       __Lib_Glcd_Strobe
;__Lib_Glcd.c,199 :: 		
L_end_Glcd_Init:
0x0118	0x0012      	RETURN      0
; end of _Glcd_Init
___CC2DW:
;__Lib_System.c,21 :: 		
;__Lib_System.c,23 :: 		
_CC2DL_Loop1:
;__Lib_System.c,24 :: 		
0x011A	0x0009      	TBLRD*+
;__Lib_System.c,25 :: 		
0x011C	0xFFE6CFF5  	MOVFF       TABLAT, POSTINC1
;__Lib_System.c,26 :: 		
0x0120	0x0600      	DECF        R0, 1, 0
;__Lib_System.c,27 :: 		
0x0122	0xE1FB      	BNZ         _CC2DL_Loop1
;__Lib_System.c,28 :: 		
0x0124	0x0601      	DECF        R1, 1, 0
;__Lib_System.c,29 :: 		
0x0126	0xE1F9      	BNZ         _CC2DL_Loop1
;__Lib_System.c,31 :: 		
L_end___CC2DW:
0x0128	0x0012      	RETURN      0
; end of ___CC2DW
_Glcd_Image:
;__Lib_Glcd.c,594 :: 		
;__Lib_Glcd.c,598 :: 		
0x012A	0x6A1C      	CLRF        Glcd_Image_pg_L0 
0x012C	0x6A1D      	CLRF        Glcd_Image_clan_niza_L0 
0x012E	0x6A1E      	CLRF        Glcd_Image_clan_niza_L0+1 
;__Lib_Glcd.c,600 :: 		
L_Glcd_Image100:
0x0130	0x501C      	MOVF        Glcd_Image_pg_L0, 0 
0x0132	0x0807      	SUBLW       7
0x0134	0xE33D      	BNC         L_Glcd_Image101
;__Lib_Glcd.c,601 :: 		
0x0136	0x6A1F      	CLRF        FARG_Glcd_Set_Side_x_pos 
0x0138	0xDF8D      	RCALL       _Glcd_Set_Side
;__Lib_Glcd.c,602 :: 		
0x013A	0xF01FC01C  	MOVFF       Glcd_Image_pg_L0, FARG_Glcd_Set_Page_page
0x013E	0xDF9E      	RCALL       _Glcd_Set_Page
;__Lib_Glcd.c,603 :: 		
0x0140	0x6A1F      	CLRF        FARG_Glcd_Set_X_x_pos 
0x0142	0xDF76      	RCALL       _Glcd_Set_X
;__Lib_Glcd.c,604 :: 		
0x0144	0x6A1B      	CLRF        Glcd_Image_col_L0 
L_Glcd_Image102:
0x0146	0x501B      	MOVF        Glcd_Image_col_L0, 0 
0x0148	0x083F      	SUBLW       63
0x014A	0xE311      	BNC         L_Glcd_Image103
;__Lib_Glcd.c,605 :: 		
0x014C	0x501D      	MOVF        Glcd_Image_clan_niza_L0, 0 
0x014E	0x2418      	ADDWF       FARG_Glcd_Image_image, 0 
0x0150	0x6EF6      	MOVWF       4086 
0x0152	0x501E      	MOVF        Glcd_Image_clan_niza_L0+1, 0 
0x0154	0x2019      	ADDWFC      FARG_Glcd_Image_image+1, 0 
0x0156	0x6EF7      	MOVWF       TBLPTRH 
0x0158	0x0E00      	MOVLW       0
0x015A	0x201A      	ADDWFC      FARG_Glcd_Image_image+2, 0 
0x015C	0x6EF8      	MOVWF       TBLPTRU 
0x015E	0x0009      	TBLRD*+
0x0160	0xF01FCFF5  	MOVFF       TABLAT, FARG_Glcd_Write_Data_ddata
0x0164	0xDF84      	RCALL       _Glcd_Write_Data
0x0166	0x4A1D      	INFSNZ      Glcd_Image_clan_niza_L0, 1 
0x0168	0x2A1E      	INCF        Glcd_Image_clan_niza_L0+1, 1 
;__Lib_Glcd.c,604 :: 		
0x016A	0x2A1B      	INCF        Glcd_Image_col_L0, 1 
;__Lib_Glcd.c,606 :: 		
0x016C	0xD7EC      	BRA         L_Glcd_Image102
L_Glcd_Image103:
;__Lib_Glcd.c,608 :: 		
0x016E	0x0E40      	MOVLW       64
0x0170	0x6E1F      	MOVWF       FARG_Glcd_Set_Side_x_pos 
0x0172	0xDF70      	RCALL       _Glcd_Set_Side
;__Lib_Glcd.c,609 :: 		
0x0174	0xF01FC01C  	MOVFF       Glcd_Image_pg_L0, FARG_Glcd_Set_Page_page
0x0178	0xDF81      	RCALL       _Glcd_Set_Page
;__Lib_Glcd.c,610 :: 		
0x017A	0x0E40      	MOVLW       64
0x017C	0x6E1F      	MOVWF       FARG_Glcd_Set_X_x_pos 
0x017E	0xDF58      	RCALL       _Glcd_Set_X
;__Lib_Glcd.c,611 :: 		
0x0180	0x0E40      	MOVLW       64
0x0182	0x6E1B      	MOVWF       Glcd_Image_col_L0 
L_Glcd_Image105:
0x0184	0x501B      	MOVF        Glcd_Image_col_L0, 0 
0x0186	0x087F      	SUBLW       127
0x0188	0xE311      	BNC         L_Glcd_Image106
;__Lib_Glcd.c,612 :: 		
0x018A	0x501D      	MOVF        Glcd_Image_clan_niza_L0, 0 
0x018C	0x2418      	ADDWF       FARG_Glcd_Image_image, 0 
0x018E	0x6EF6      	MOVWF       4086 
0x0190	0x501E      	MOVF        Glcd_Image_clan_niza_L0+1, 0 
0x0192	0x2019      	ADDWFC      FARG_Glcd_Image_image+1, 0 
0x0194	0x6EF7      	MOVWF       TBLPTRH 
0x0196	0x0E00      	MOVLW       0
0x0198	0x201A      	ADDWFC      FARG_Glcd_Image_image+2, 0 
0x019A	0x6EF8      	MOVWF       TBLPTRU 
0x019C	0x0009      	TBLRD*+
0x019E	0xF01FCFF5  	MOVFF       TABLAT, FARG_Glcd_Write_Data_ddata
0x01A2	0xDF65      	RCALL       _Glcd_Write_Data
0x01A4	0x4A1D      	INFSNZ      Glcd_Image_clan_niza_L0, 1 
0x01A6	0x2A1E      	INCF        Glcd_Image_clan_niza_L0+1, 1 
;__Lib_Glcd.c,611 :: 		
0x01A8	0x2A1B      	INCF        Glcd_Image_col_L0, 1 
;__Lib_Glcd.c,613 :: 		
0x01AA	0xD7EC      	BRA         L_Glcd_Image105
L_Glcd_Image106:
;__Lib_Glcd.c,615 :: 		
0x01AC	0x2A1C      	INCF        Glcd_Image_pg_L0, 1 
;__Lib_Glcd.c,616 :: 		
0x01AE	0xD7C0      	BRA         L_Glcd_Image100
L_Glcd_Image101:
;__Lib_Glcd.c,617 :: 		
L_end_Glcd_Image:
0x01B0	0x0012      	RETURN      0
; end of _Glcd_Image
_main:
;GLCD.c,91 :: 		void main() {
;GLCD.c,92 :: 		Glcd_Init();
0x01B2	0xDF94      	RCALL       _Glcd_Init
;GLCD.c,94 :: 		Glcd_Fill(0x00);
0x01B4	0x6A18      	CLRF        FARG_Glcd_Fill_pattern 
0x01B6	0xDF69      	RCALL       _Glcd_Fill
;GLCD.c,95 :: 		while(1)
L_main0:
;GLCD.c,97 :: 		Glcd_Image(ARABDUINO2);
0x01B8	0x0E0C      	MOVLW       _ARABDUINO2
0x01BA	0x6E18      	MOVWF       FARG_Glcd_Image_image 
0x01BC	0x0E06      	MOVLW       hi_addr(_ARABDUINO2)
0x01BE	0x6E19      	MOVWF       FARG_Glcd_Image_image+1 
0x01C0	0x0E00      	MOVLW       higher_addr(_ARABDUINO2)
0x01C2	0x6E1A      	MOVWF       FARG_Glcd_Image_image+2 
0x01C4	0xDFB2      	RCALL       _Glcd_Image
;GLCD.c,98 :: 		delay_ms(1500);
0x01C6	0x0E1F      	MOVLW       31
0x01C8	0x6E0B      	MOVWF       R11, 0
0x01CA	0x0E71      	MOVLW       113
0x01CC	0x6E0C      	MOVWF       R12, 0
0x01CE	0x0E1E      	MOVLW       30
0x01D0	0x6E0D      	MOVWF       R13, 0
L_main2:
0x01D2	0x2E0D      	DECFSZ      R13, 1, 0
0x01D4	0xD7FE      	BRA         L_main2
0x01D6	0x2E0C      	DECFSZ      R12, 1, 0
0x01D8	0xD7FC      	BRA         L_main2
0x01DA	0x2E0B      	DECFSZ      R11, 1, 0
0x01DC	0xD7FA      	BRA         L_main2
0x01DE	0x0000      	NOP
;GLCD.c,99 :: 		Glcd_Image(LIKE2);
0x01E0	0x0E0C      	MOVLW       _like2
0x01E2	0x6E18      	MOVWF       FARG_Glcd_Image_image 
0x01E4	0x0E02      	MOVLW       hi_addr(_like2)
0x01E6	0x6E19      	MOVWF       FARG_Glcd_Image_image+1 
0x01E8	0x0E00      	MOVLW       higher_addr(_like2)
0x01EA	0x6E1A      	MOVWF       FARG_Glcd_Image_image+2 
0x01EC	0xDF9E      	RCALL       _Glcd_Image
;GLCD.c,100 :: 		delay_ms(1500);
0x01EE	0x0E1F      	MOVLW       31
0x01F0	0x6E0B      	MOVWF       R11, 0
0x01F2	0x0E71      	MOVLW       113
0x01F4	0x6E0C      	MOVWF       R12, 0
0x01F6	0x0E1E      	MOVLW       30
0x01F8	0x6E0D      	MOVWF       R13, 0
L_main3:
0x01FA	0x2E0D      	DECFSZ      R13, 1, 0
0x01FC	0xD7FE      	BRA         L_main3
0x01FE	0x2E0C      	DECFSZ      R12, 1, 0
0x0200	0xD7FC      	BRA         L_main3
0x0202	0x2E0B      	DECFSZ      R11, 1, 0
0x0204	0xD7FA      	BRA         L_main3
0x0206	0x0000      	NOP
;GLCD.c,103 :: 		}
0x0208	0xD7D7      	BRA         L_main0
;GLCD.c,106 :: 		}
0x020A	0xD7FF      	BRA         $+0
; end of _main
;GLCD.c,71 :: _like2
0x020C	0x9F9F ;_like2+0
0x020E	0x1F9F ;_like2+2
0x0210	0x1F1F ;_like2+4
0x0212	0x9F9F ;_like2+6
0x0214	0x1F9F ;_like2+8
0x0216	0x1F1F ;_like2+10
0x0218	0xFFFF ;_like2+12
0x021A	0xFFFF ;_like2+14
0x021C	0xFFFF ;_like2+16
0x021E	0xFFFF ;_like2+18
0x0220	0xFFFF ;_like2+20
0x0222	0xFFFF ;_like2+22
0x0224	0xFFFF ;_like2+24
0x0226	0xFFFF ;_like2+26
0x0228	0xFFFF ;_like2+28
0x022A	0xFFFF ;_like2+30
0x022C	0xFFFF ;_like2+32
0x022E	0xFFFF ;_like2+34
0x0230	0x1F1F ;_like2+36
0x0232	0xFF1F ;_like2+38
0x0234	0xFFFF ;_like2+40
0x0236	0xFFFF ;_like2+42
0x0238	0xFFFF ;_like2+44
0x023A	0xFFFF ;_like2+46
0x023C	0xFFFF ;_like2+48
0x023E	0xFFFF ;_like2+50
0x0240	0xFFFF ;_like2+52
0x0242	0xFFFF ;_like2+54
0x0244	0x3FFF ;_like2+56
0x0246	0x1F1F ;_like2+58
0x0248	0xDFDF ;_like2+60
0x024A	0xFFFF ;_like2+62
0x024C	0xFFFF ;_like2+64
0x024E	0xFFFF ;_like2+66
0x0250	0xFFFF ;_like2+68
0x0252	0xFFFF ;_like2+70
0x0254	0xFFFF ;_like2+72
0x0256	0xFFFF ;_like2+74
0x0258	0xFFFF ;_like2+76
0x025A	0xFFFF ;_like2+78
0x025C	0xFFFF ;_like2+80
0x025E	0x3F3F ;_like2+82
0x0260	0xDF1F ;_like2+84
0x0262	0xDFDF ;_like2+86
0x0264	0x1F1F ;_like2+88
0x0266	0xDF1F ;_like2+90
0x0268	0x1FDF ;_like2+92
0x026A	0x3F3F ;_like2+94
0x026C	0x3F3F ;_like2+96
0x026E	0x3F3F ;_like2+98
0x0270	0x3F3F ;_like2+100
0x0272	0xFFFF ;_like2+102
0x0274	0xFFFF ;_like2+104
0x0276	0xFFFF ;_like2+106
0x0278	0xFFFF ;_like2+108
0x027A	0xFFFF ;_like2+110
0x027C	0xFFFF ;_like2+112
0x027E	0xFFFF ;_like2+114
0x0280	0xFFFF ;_like2+116
0x0282	0xFFFF ;_like2+118
0x0284	0xFFFF ;_like2+120
0x0286	0xFFFF ;_like2+122
0x0288	0xFFFF ;_like2+124
0x028A	0xFFFF ;_like2+126
0x028C	0xFFFF ;_like2+128
0x028E	0x80FF ;_like2+130
0x0290	0x8080 ;_like2+132
0x0292	0xFFFF ;_like2+134
0x0294	0x80FF ;_like2+136
0x0296	0x8080 ;_like2+138
0x0298	0xFCFD ;_like2+140
0x029A	0x8080 ;_like2+142
0x029C	0xFF81 ;_like2+144
0x029E	0x88C9 ;_like2+146
0x02A0	0x9488 ;_like2+148
0x02A2	0x80D4 ;_like2+150
0x02A4	0x8180 ;_like2+152
0x02A6	0x80FF ;_like2+154
0x02A8	0x8080 ;_like2+156
0x02AA	0xFCFD ;_like2+158
0x02AC	0x8080 ;_like2+160
0x02AE	0xFF81 ;_like2+162
0x02B0	0x8080 ;_like2+164
0x02B2	0xE380 ;_like2+166
0x02B4	0xC0E1 ;_like2+168
0x02B6	0x9E84 ;_like2+170
0x02B8	0xD9BF ;_like2+172
0x02BA	0xB090 ;_like2+174
0x02BC	0x86A2 ;_like2+176
0x02BE	0xCD84 ;_like2+178
0x02C0	0xFFFF ;_like2+180
0x02C2	0xFFFF ;_like2+182
0x02C4	0x80FC ;_like2+184
0x02C6	0x8080 ;_like2+186
0x02C8	0xFFFC ;_like2+188
0x02CA	0xC1E3 ;_like2+190
0x02CC	0x9C80 ;_like2+192
0x02CE	0x809C ;_like2+194
0x02D0	0xE3C1 ;_like2+196
0x02D2	0x80FF ;_like2+198
0x02D4	0x8080 ;_like2+200
0x02D6	0xFCFD ;_like2+202
0x02D8	0xFFFE ;_like2+204
0x02DA	0xFFFF ;_like2+206
0x02DC	0xFFFF ;_like2+208
0x02DE	0xFCFC ;_like2+210
0x02E0	0x80E0 ;_like2+212
0x02E2	0x0303 ;_like2+214
0x02E4	0x6060 ;_like2+216
0x02E6	0x81C0 ;_like2+218
0x02E8	0x8081 ;_like2+220
0x02EA	0xF0E0 ;_like2+222
0x02EC	0x7CF0 ;_like2+224
0x02EE	0x7C7C ;_like2+226
0x02F0	0xF080 ;_like2+228
0x02F2	0xFFFF ;_like2+230
0x02F4	0xFFFF ;_like2+232
0x02F6	0xFFFF ;_like2+234
0x02F8	0xFFFF ;_like2+236
0x02FA	0xFFFF ;_like2+238
0x02FC	0xFFFF ;_like2+240
0x02FE	0xFFFF ;_like2+242
0x0300	0xFFFF ;_like2+244
0x0302	0xFFFF ;_like2+246
0x0304	0xFFFF ;_like2+248
0x0306	0xFFFF ;_like2+250
0x0308	0xFFFF ;_like2+252
0x030A	0xFFFF ;_like2+254
0x030C	0xFFFF ;_like2+256
0x030E	0xFFFF ;_like2+258
0x0310	0xFFFF ;_like2+260
0x0312	0xFFFF ;_like2+262
0x0314	0xFFFF ;_like2+264
0x0316	0xFFFF ;_like2+266
0x0318	0xFFFF ;_like2+268
0x031A	0xFFFF ;_like2+270
0x031C	0xFFFF ;_like2+272
0x031E	0xFFFF ;_like2+274
0x0320	0xFFFF ;_like2+276
0x0322	0xFFFF ;_like2+278
0x0324	0xFFFF ;_like2+280
0x0326	0xFFFF ;_like2+282
0x0328	0xFFFF ;_like2+284
0x032A	0xFFFF ;_like2+286
0x032C	0xFFFF ;_like2+288
0x032E	0xFFFF ;_like2+290
0x0330	0xFFFF ;_like2+292
0x0332	0xFFFF ;_like2+294
0x0334	0xFFFF ;_like2+296
0x0336	0xFFFF ;_like2+298
0x0338	0xFFFF ;_like2+300
0x033A	0xFFFF ;_like2+302
0x033C	0xFFFF ;_like2+304
0x033E	0xFFFF ;_like2+306
0x0340	0x7FFF ;_like2+308
0x0342	0xFFFF ;_like2+310
0x0344	0x7F7F ;_like2+312
0x0346	0xFF7F ;_like2+314
0x0348	0xFFFF ;_like2+316
0x034A	0xFFFF ;_like2+318
0x034C	0xFFFF ;_like2+320
0x034E	0xFFFF ;_like2+322
0x0350	0xFFFF ;_like2+324
0x0352	0xFFFF ;_like2+326
0x0354	0xFFFF ;_like2+328
0x0356	0xFFFF ;_like2+330
0x0358	0xFFFF ;_like2+332
0x035A	0xFFFF ;_like2+334
0x035C	0xFFFF ;_like2+336
0x035E	0x7FFF ;_like2+338
0x0360	0x7F7F ;_like2+340
0x0362	0xFEFF ;_like2+342
0x0364	0x7EFE ;_like2+344
0x0366	0x7C7C ;_like2+346
0x0368	0xFDFC ;_like2+348
0x036A	0xFEFF ;_like2+350
0x036C	0xFFFE ;_like2+352
0x036E	0xFFFF ;_like2+354
0x0370	0xFFFF ;_like2+356
0x0372	0xFFFF ;_like2+358
0x0374	0xFFFF ;_like2+360
0x0376	0xFFFF ;_like2+362
0x0378	0xFFFF ;_like2+364
0x037A	0xFFFF ;_like2+366
0x037C	0xFFFF ;_like2+368
0x037E	0xFFFF ;_like2+370
0x0380	0xFFFF ;_like2+372
0x0382	0xFFFF ;_like2+374
0x0384	0xFFFF ;_like2+376
0x0386	0xFFFF ;_like2+378
0x0388	0xFFFF ;_like2+380
0x038A	0xFFFF ;_like2+382
0x038C	0x4367 ;_like2+384
0x038E	0x8BC3 ;_like2+386
0x0390	0x131B ;_like2+388
0x0392	0xFF37 ;_like2+390
0x0394	0x0303 ;_like2+392
0x0396	0x7F03 ;_like2+394
0x0398	0x037F ;_like2+396
0x039A	0x0303 ;_like2+398
0x039C	0x03FF ;_like2+400
0x039E	0x0303 ;_like2+402
0x03A0	0x7377 ;_like2+404
0x03A2	0x0303 ;_like2+406
0x03A4	0xFF07 ;_like2+408
0x03A6	0x0303 ;_like2+410
0x03A8	0x7703 ;_like2+412
0x03AA	0x0373 ;_like2+414
0x03AC	0x0703 ;_like2+416
0x03AE	0x8FFF ;_like2+418
0x03B0	0x0307 ;_like2+420
0x03B2	0x7373 ;_like2+422
0x03B4	0x0703 ;_like2+424
0x03B6	0xFF8F ;_like2+426
0x03B8	0x0303 ;_like2+428
0x03BA	0xF703 ;_like2+430
0x03BC	0xFBF3 ;_like2+432
0x03BE	0x00F3 ;_like2+434
0x03C0	0x0000 ;_like2+436
0x03C2	0x7F73 ;_like2+438
0x03C4	0x0202 ;_like2+440
0x03C6	0xFF02 ;_like2+442
0x03C8	0x0303 ;_like2+444
0x03CA	0xF703 ;_like2+446
0x03CC	0x03F3 ;_like2+448
0x03CE	0x0703 ;_like2+450
0x03D0	0x07FF ;_like2+452
0x03D2	0x0303 ;_like2+454
0x03D4	0x7773 ;_like2+456
0x03D6	0x0303 ;_like2+458
0x03D8	0xFF03 ;_like2+460
0x03DA	0xFFFF ;_like2+462
0x03DC	0xFFFF ;_like2+464
0x03DE	0x80FF ;_like2+466
0x03E0	0x0000 ;_like2+468
0x03E2	0x7F7F ;_like2+470
0x03E4	0x007F ;_like2+472
0x03E6	0x8000 ;_like2+474
0x03E8	0x67FF ;_like2+476
0x03EA	0xC343 ;_like2+478
0x03EC	0x1B8B ;_like2+480
0x03EE	0x3713 ;_like2+482
0x03F0	0xFFFF ;_like2+484
0x03F2	0xFFFF ;_like2+486
0x03F4	0xFFFF ;_like2+488
0x03F6	0xFFFF ;_like2+490
0x03F8	0xFFFF ;_like2+492
0x03FA	0xFFFF ;_like2+494
0x03FC	0xFFFF ;_like2+496
0x03FE	0xFFFF ;_like2+498
0x0400	0xFFFF ;_like2+500
0x0402	0xFFFF ;_like2+502
0x0404	0xFFFF ;_like2+504
0x0406	0xFFFF ;_like2+506
0x0408	0xFFFF ;_like2+508
0x040A	0xFFFF ;_like2+510
0x040C	0xFEFF ;_like2+512
0x040E	0xFEFE ;_like2+514
0x0410	0xFEFE ;_like2+516
0x0412	0xFFFF ;_like2+518
0x0414	0xFEFF ;_like2+520
0x0416	0xFEFE ;_like2+522
0x0418	0xFEFF ;_like2+524
0x041A	0xFEFE ;_like2+526
0x041C	0xF0FF ;_like2+528
0x041E	0xF0F0 ;_like2+530
0x0420	0xFEFF ;_like2+532
0x0422	0xFEFE ;_like2+534
0x0424	0xFFFF ;_like2+536
0x0426	0xF0F0 ;_like2+538
0x0428	0xFFF0 ;_like2+540
0x042A	0xFEFE ;_like2+542
0x042C	0xFFFE ;_like2+544
0x042E	0xFFFF ;_like2+546
0x0430	0xFEFF ;_like2+548
0x0432	0xFEFE ;_like2+550
0x0434	0xFFFE ;_like2+552
0x0436	0xFFFF ;_like2+554
0x0438	0xFEFE ;_like2+556
0x043A	0xFFFE ;_like2+558
0x043C	0xFFFF ;_like2+560
0x043E	0xFFFF ;_like2+562
0x0440	0xFEFE ;_like2+564
0x0442	0xFEFE ;_like2+566
0x0444	0xFEFE ;_like2+568
0x0446	0xFFFE ;_like2+570
0x0448	0xFEFE ;_like2+572
0x044A	0xFFFE ;_like2+574
0x044C	0xFEFF ;_like2+576
0x044E	0xFEFE ;_like2+578
0x0450	0xFBFF ;_like2+580
0x0452	0xF2F2 ;_like2+582
0x0454	0xF3F2 ;_like2+584
0x0456	0xF0F0 ;_like2+586
0x0458	0xFFF8 ;_like2+588
0x045A	0xFFFF ;_like2+590
0x045C	0xFFFF ;_like2+592
0x045E	0xFFFF ;_like2+594
0x0460	0xFEFF ;_like2+596
0x0462	0xFEFE ;_like2+598
0x0464	0xFEFE ;_like2+600
0x0466	0xFFFF ;_like2+602
0x0468	0xFFFF ;_like2+604
0x046A	0xFEFE ;_like2+606
0x046C	0xFEFE ;_like2+608
0x046E	0xFFFE ;_like2+610
0x0470	0xFFFF ;_like2+612
0x0472	0xFFFF ;_like2+614
0x0474	0xFFFF ;_like2+616
0x0476	0x3FFF ;_like2+618
0x0478	0x070F ;_like2+620
0x047A	0xF7E7 ;_like2+622
0x047C	0x0707 ;_like2+624
0x047E	0xFFFF ;_like2+626
0x0480	0xFFFF ;_like2+628
0x0482	0xFFFF ;_like2+630
0x0484	0xFFFF ;_like2+632
0x0486	0xFFFF ;_like2+634
0x0488	0xFFFF ;_like2+636
0x048A	0xFFFF ;_like2+638
0x048C	0xFFFF ;_like2+640
0x048E	0xFFFF ;_like2+642
0x0490	0xFFFF ;_like2+644
0x0492	0xFFFF ;_like2+646
0x0494	0xFFFF ;_like2+648
0x0496	0xFFFF ;_like2+650
0x0498	0xFFFF ;_like2+652
0x049A	0xFFFF ;_like2+654
0x049C	0xFFFF ;_like2+656
0x049E	0xFFFF ;_like2+658
0x04A0	0xFFFF ;_like2+660
0x04A2	0xFFFF ;_like2+662
0x04A4	0xFFFF ;_like2+664
0x04A6	0xFFFF ;_like2+666
0x04A8	0xFFFF ;_like2+668
0x04AA	0xFFFF ;_like2+670
0x04AC	0xFFFF ;_like2+672
0x04AE	0xFFFF ;_like2+674
0x04B0	0xFFFF ;_like2+676
0x04B2	0xFFFF ;_like2+678
0x04B4	0xFFFF ;_like2+680
0x04B6	0xFFFF ;_like2+682
0x04B8	0xFFFF ;_like2+684
0x04BA	0xFFFF ;_like2+686
0x04BC	0xFFFF ;_like2+688
0x04BE	0xFFFF ;_like2+690
0x04C0	0xFFFF ;_like2+692
0x04C2	0xFFFF ;_like2+694
0x04C4	0xFFFF ;_like2+696
0x04C6	0xFFFF ;_like2+698
0x04C8	0xFFFF ;_like2+700
0x04CA	0xFFFF ;_like2+702
0x04CC	0xFFFF ;_like2+704
0x04CE	0xFFFF ;_like2+706
0x04D0	0xFFFF ;_like2+708
0x04D2	0xFFFF ;_like2+710
0x04D4	0xFFFF ;_like2+712
0x04D6	0xFFFF ;_like2+714
0x04D8	0xFFFF ;_like2+716
0x04DA	0xFFFF ;_like2+718
0x04DC	0xFFFF ;_like2+720
0x04DE	0xFFFF ;_like2+722
0x04E0	0xFFFF ;_like2+724
0x04E2	0xFFFF ;_like2+726
0x04E4	0xFFFF ;_like2+728
0x04E6	0x1FFF ;_like2+730
0x04E8	0x1F1F ;_like2+732
0x04EA	0x1F1F ;_like2+734
0x04EC	0x1F1F ;_like2+736
0x04EE	0x1F1F ;_like2+738
0x04F0	0x3F1F ;_like2+740
0x04F2	0x9FBF ;_like2+742
0x04F4	0xC3C7 ;_like2+744
0x04F6	0xFCE0 ;_like2+746
0x04F8	0xFFFE ;_like2+748
0x04FA	0xC0FF ;_like2+750
0x04FC	0xC0C0 ;_like2+752
0x04FE	0xCFCF ;_like2+754
0x0500	0xCFCF ;_like2+756
0x0502	0x1FDF ;_like2+758
0x0504	0xFF3F ;_like2+760
0x0506	0xFFFF ;_like2+762
0x0508	0xFFFF ;_like2+764
0x050A	0xFFFF ;_like2+766
0x050C	0xFFFF ;_like2+768
0x050E	0xFFFF ;_like2+770
0x0510	0xFFFF ;_like2+772
0x0512	0xFFFF ;_like2+774
0x0514	0xFFFF ;_like2+776
0x0516	0xFFFF ;_like2+778
0x0518	0xFFFF ;_like2+780
0x051A	0xFFFF ;_like2+782
0x051C	0xFFFF ;_like2+784
0x051E	0xFFFF ;_like2+786
0x0520	0xFFFF ;_like2+788
0x0522	0xFFFF ;_like2+790
0x0524	0xFFFF ;_like2+792
0x0526	0xFFFF ;_like2+794
0x0528	0xFFFF ;_like2+796
0x052A	0xFFFF ;_like2+798
0x052C	0xFFFF ;_like2+800
0x052E	0xFFFF ;_like2+802
0x0530	0xFFFF ;_like2+804
0x0532	0xFFFF ;_like2+806
0x0534	0xFFFF ;_like2+808
0x0536	0xFFFF ;_like2+810
0x0538	0xFFFF ;_like2+812
0x053A	0xFFFF ;_like2+814
0x053C	0xFFFF ;_like2+816
0x053E	0xFFFF ;_like2+818
0x0540	0xFFFF ;_like2+820
0x0542	0xFFFF ;_like2+822
0x0544	0x00FF ;_like2+824
0x0546	0x0000 ;_like2+826
0x0548	0x7F00 ;_like2+828
0x054A	0x00FF ;_like2+830
0x054C	0x0000 ;_like2+832
0x054E	0xFF00 ;_like2+834
0x0550	0x00FF ;_like2+836
0x0552	0x0000 ;_like2+838
0x0554	0x0300 ;_like2+840
0x0556	0x0000 ;_like2+842
0x0558	0xFC30 ;_like2+844
0x055A	0xFFFE ;_like2+846
0x055C	0x0001 ;_like2+848
0x055E	0x0000 ;_like2+850
0x0560	0x0808 ;_like2+852
0x0562	0xFF78 ;_like2+854
0x0564	0xFFFF ;_like2+856
0x0566	0x00FF ;_like2+858
0x0568	0x0000 ;_like2+860
0x056A	0x0000 ;_like2+862
0x056C	0x0000 ;_like2+864
0x056E	0x0000 ;_like2+866
0x0570	0xFE00 ;_like2+868
0x0572	0xFFFF ;_like2+870
0x0574	0xFFFF ;_like2+872
0x0576	0xFFFF ;_like2+874
0x0578	0xFFFF ;_like2+876
0x057A	0xFFFF ;_like2+878
0x057C	0xFFFF ;_like2+880
0x057E	0xFFFF ;_like2+882
0x0580	0xFFFF ;_like2+884
0x0582	0x00FF ;_like2+886
0x0584	0xFF00 ;_like2+888
0x0586	0xFFFF ;_like2+890
0x0588	0xFFFF ;_like2+892
0x058A	0xFFFF ;_like2+894
0x058C	0xFFFF ;_like2+896
0x058E	0xFFFF ;_like2+898
0x0590	0xFFFF ;_like2+900
0x0592	0xFFFF ;_like2+902
0x0594	0xFFFF ;_like2+904
0x0596	0xFFFF ;_like2+906
0x0598	0xFFFF ;_like2+908
0x059A	0xFFFF ;_like2+910
0x059C	0xFFFF ;_like2+912
0x059E	0xFFFF ;_like2+914
0x05A0	0xFFFF ;_like2+916
0x05A2	0xFFFF ;_like2+918
0x05A4	0xFFFF ;_like2+920
0x05A6	0xFFFF ;_like2+922
0x05A8	0xFFFF ;_like2+924
0x05AA	0xFFFF ;_like2+926
0x05AC	0xFFFF ;_like2+928
0x05AE	0xFFFF ;_like2+930
0x05B0	0xFFFF ;_like2+932
0x05B2	0xFFFF ;_like2+934
0x05B4	0xFFFF ;_like2+936
0x05B6	0xFFFF ;_like2+938
0x05B8	0xFFFF ;_like2+940
0x05BA	0xFFFF ;_like2+942
0x05BC	0xFFFF ;_like2+944
0x05BE	0xFFFF ;_like2+946
0x05C0	0xFFFF ;_like2+948
0x05C2	0xFFFF ;_like2+950
0x05C4	0xFEFF ;_like2+952
0x05C6	0xFCFC ;_like2+954
0x05C8	0xFCFC ;_like2+956
0x05CA	0xFCFF ;_like2+958
0x05CC	0xFCFC ;_like2+960
0x05CE	0xFFFC ;_like2+962
0x05D0	0xFCFF ;_like2+964
0x05D2	0xFCFC ;_like2+966
0x05D4	0xFFFC ;_like2+968
0x05D6	0xFCFC ;_like2+970
0x05D8	0xFCFC ;_like2+972
0x05DA	0xFFFD ;_like2+974
0x05DC	0xFCFE ;_like2+976
0x05DE	0xFCFC ;_like2+978
0x05E0	0xFCFC ;_like2+980
0x05E2	0xFFFC ;_like2+982
0x05E4	0xFFFF ;_like2+984
0x05E6	0xF0FF ;_like2+986
0x05E8	0xF0F0 ;_like2+988
0x05EA	0xF0F0 ;_like2+990
0x05EC	0xF0F0 ;_like2+992
0x05EE	0xF0F0 ;_like2+994
0x05F0	0xF9F0 ;_like2+996
0x05F2	0xF9F9 ;_like2+998
0x05F4	0xF1F9 ;_like2+1000
0x05F6	0xF3F1 ;_like2+1002
0x05F8	0xF7F7 ;_like2+1004
0x05FA	0xF7F7 ;_like2+1006
0x05FC	0xF7F7 ;_like2+1008
0x05FE	0xF7F7 ;_like2+1010
0x0600	0xF3F7 ;_like2+1012
0x0602	0xFCF9 ;_like2+1014
0x0604	0xFFFC ;_like2+1016
0x0606	0xFFFF ;_like2+1018
0x0608	0xFFFF ;_like2+1020
0x060A	0xFFFF ;_like2+1022
; end of _like2
;GLCD.c,40 :: _ARABDUINO2
0x060C	0xFFFF ;_ARABDUINO2+0
0x060E	0xFFFF ;_ARABDUINO2+2
0x0610	0xFFFF ;_ARABDUINO2+4
0x0612	0xFFFF ;_ARABDUINO2+6
0x0614	0xFFFF ;_ARABDUINO2+8
0x0616	0xFFFF ;_ARABDUINO2+10
0x0618	0xFFFF ;_ARABDUINO2+12
0x061A	0xFFFF ;_ARABDUINO2+14
0x061C	0xFFFF ;_ARABDUINO2+16
0x061E	0xFFFF ;_ARABDUINO2+18
0x0620	0xFFFF ;_ARABDUINO2+20
0x0622	0xFFFF ;_ARABDUINO2+22
0x0624	0xFFFF ;_ARABDUINO2+24
0x0626	0xFFFF ;_ARABDUINO2+26
0x0628	0xFFFF ;_ARABDUINO2+28
0x062A	0xFFFF ;_ARABDUINO2+30
0x062C	0xFFFF ;_ARABDUINO2+32
0x062E	0xFFFF ;_ARABDUINO2+34
0x0630	0xFFFF ;_ARABDUINO2+36
0x0632	0xFFFF ;_ARABDUINO2+38
0x0634	0xFFFF ;_ARABDUINO2+40
0x0636	0xFFFF ;_ARABDUINO2+42
0x0638	0xFFFF ;_ARABDUINO2+44
0x063A	0xFFFF ;_ARABDUINO2+46
0x063C	0xFFFF ;_ARABDUINO2+48
0x063E	0xFFFF ;_ARABDUINO2+50
0x0640	0xFFFF ;_ARABDUINO2+52
0x0642	0xFFFF ;_ARABDUINO2+54
0x0644	0xFFFF ;_ARABDUINO2+56
0x0646	0xFFFF ;_ARABDUINO2+58
0x0648	0xFFFF ;_ARABDUINO2+60
0x064A	0xFFFF ;_ARABDUINO2+62
0x064C	0xFFFF ;_ARABDUINO2+64
0x064E	0xFFFF ;_ARABDUINO2+66
0x0650	0xFFFF ;_ARABDUINO2+68
0x0652	0xFFFF ;_ARABDUINO2+70
0x0654	0xFFFF ;_ARABDUINO2+72
0x0656	0xFFFF ;_ARABDUINO2+74
0x0658	0xFFFF ;_ARABDUINO2+76
0x065A	0xFFFF ;_ARABDUINO2+78
0x065C	0xFFFF ;_ARABDUINO2+80
0x065E	0xFFFF ;_ARABDUINO2+82
0x0660	0xFFFF ;_ARABDUINO2+84
0x0662	0xFFFF ;_ARABDUINO2+86
0x0664	0xFFFF ;_ARABDUINO2+88
0x0666	0xFFFF ;_ARABDUINO2+90
0x0668	0xFFFF ;_ARABDUINO2+92
0x066A	0xFFFF ;_ARABDUINO2+94
0x066C	0xFFFF ;_ARABDUINO2+96
0x066E	0xFFFF ;_ARABDUINO2+98
0x0670	0xFFFF ;_ARABDUINO2+100
0x0672	0xFFFF ;_ARABDUINO2+102
0x0674	0xFFFF ;_ARABDUINO2+104
0x0676	0xFFFF ;_ARABDUINO2+106
0x0678	0xFFFF ;_ARABDUINO2+108
0x067A	0xFFFF ;_ARABDUINO2+110
0x067C	0xFFFF ;_ARABDUINO2+112
0x067E	0xFFFF ;_ARABDUINO2+114
0x0680	0xFFFF ;_ARABDUINO2+116
0x0682	0xFFFF ;_ARABDUINO2+118
0x0684	0xFFFF ;_ARABDUINO2+120
0x0686	0xFFFF ;_ARABDUINO2+122
0x0688	0xFFFF ;_ARABDUINO2+124
0x068A	0xFFFF ;_ARABDUINO2+126
0x068C	0xFFFF ;_ARABDUINO2+128
0x068E	0xFFFF ;_ARABDUINO2+130
0x0690	0xFFFF ;_ARABDUINO2+132
0x0692	0xFFFF ;_ARABDUINO2+134
0x0694	0xFFFF ;_ARABDUINO2+136
0x0696	0xFFFF ;_ARABDUINO2+138
0x0698	0xFFFF ;_ARABDUINO2+140
0x069A	0x3FBF ;_ARABDUINO2+142
0x069C	0xBF3F ;_ARABDUINO2+144
0x069E	0x7FBF ;_ARABDUINO2+146
0x06A0	0xFFFF ;_ARABDUINO2+148
0x06A2	0xFFFF ;_ARABDUINO2+150
0x06A4	0x7FFF ;_ARABDUINO2+152
0x06A6	0xBFBF ;_ARABDUINO2+154
0x06A8	0x3FBF ;_ARABDUINO2+156
0x06AA	0x7F7F ;_ARABDUINO2+158
0x06AC	0xBFFF ;_ARABDUINO2+160
0x06AE	0x3F3F ;_ARABDUINO2+162
0x06B0	0xFFBF ;_ARABDUINO2+164
0x06B2	0xFFFF ;_ARABDUINO2+166
0x06B4	0xFF3F ;_ARABDUINO2+168
0x06B6	0xFFFF ;_ARABDUINO2+170
0x06B8	0x3FBF ;_ARABDUINO2+172
0x06BA	0xFFBF ;_ARABDUINO2+174
0x06BC	0xBFFF ;_ARABDUINO2+176
0x06BE	0x3F3F ;_ARABDUINO2+178
0x06C0	0xBFBF ;_ARABDUINO2+180
0x06C2	0x3FBF ;_ARABDUINO2+182
0x06C4	0xFFFF ;_ARABDUINO2+184
0x06C6	0x3FBF ;_ARABDUINO2+186
0x06C8	0xBF3F ;_ARABDUINO2+188
0x06CA	0x7FBF ;_ARABDUINO2+190
0x06CC	0xFFFF ;_ARABDUINO2+192
0x06CE	0xFFFF ;_ARABDUINO2+194
0x06D0	0x3FBF ;_ARABDUINO2+196
0x06D2	0xBF3F ;_ARABDUINO2+198
0x06D4	0xBFBF ;_ARABDUINO2+200
0x06D6	0xFF3F ;_ARABDUINO2+202
0x06D8	0xBFFF ;_ARABDUINO2+204
0x06DA	0x3F3F ;_ARABDUINO2+206
0x06DC	0xBFBF ;_ARABDUINO2+208
0x06DE	0x3FBF ;_ARABDUINO2+210
0x06E0	0x7F7F ;_ARABDUINO2+212
0x06E2	0xFFFF ;_ARABDUINO2+214
0x06E4	0xFFFF ;_ARABDUINO2+216
0x06E6	0xBFFF ;_ARABDUINO2+218
0x06E8	0x3F3F ;_ARABDUINO2+220
0x06EA	0xBFBF ;_ARABDUINO2+222
0x06EC	0x7F3F ;_ARABDUINO2+224
0x06EE	0xBFFF ;_ARABDUINO2+226
0x06F0	0x3F3F ;_ARABDUINO2+228
0x06F2	0xFFBF ;_ARABDUINO2+230
0x06F4	0xBFFF ;_ARABDUINO2+232
0x06F6	0xBF3F ;_ARABDUINO2+234
0x06F8	0xFFFF ;_ARABDUINO2+236
0x06FA	0xFFFF ;_ARABDUINO2+238
0x06FC	0xFFFF ;_ARABDUINO2+240
0x06FE	0xFFFF ;_ARABDUINO2+242
0x0700	0xFFFF ;_ARABDUINO2+244
0x0702	0xFFFF ;_ARABDUINO2+246
0x0704	0xFFFF ;_ARABDUINO2+248
0x0706	0xFFFF ;_ARABDUINO2+250
0x0708	0xFFFF ;_ARABDUINO2+252
0x070A	0xFFFF ;_ARABDUINO2+254
0x070C	0xFFFF ;_ARABDUINO2+256
0x070E	0xFFFF ;_ARABDUINO2+258
0x0710	0xFFFF ;_ARABDUINO2+260
0x0712	0xFFFF ;_ARABDUINO2+262
0x0714	0xFFFF ;_ARABDUINO2+264
0x0716	0xFFFF ;_ARABDUINO2+266
0x0718	0xFFFF ;_ARABDUINO2+268
0x071A	0x007F ;_ARABDUINO2+270
0x071C	0x7700 ;_ARABDUINO2+272
0x071E	0xF8F7 ;_ARABDUINO2+274
0x0720	0xFFFC ;_ARABDUINO2+276
0x0722	0xE1FF ;_ARABDUINO2+278
0x0724	0x9F80 ;_ARABDUINO2+280
0x0726	0x7F3F ;_ARABDUINO2+282
0x0728	0x7F7F ;_ARABDUINO2+284
0x072A	0x80BE ;_ARABDUINO2+286
0x072C	0xFFE1 ;_ARABDUINO2+288
0x072E	0xF0FE ;_ARABDUINO2+290
0x0730	0x0F81 ;_ARABDUINO2+292
0x0732	0xFCE3 ;_ARABDUINO2+294
0x0734	0xE0F8 ;_ARABDUINO2+296
0x0736	0x9F07 ;_ARABDUINO2+298
0x0738	0xFEE1 ;_ARABDUINO2+300
0x073A	0xFFFF ;_ARABDUINO2+302
0x073C	0x7FFF ;_ARABDUINO2+304
0x073E	0x0000 ;_ARABDUINO2+306
0x0740	0x7B7B ;_ARABDUINO2+308
0x0742	0x3F71 ;_ARABDUINO2+310
0x0744	0xFFDF ;_ARABDUINO2+312
0x0746	0x007F ;_ARABDUINO2+314
0x0748	0x7700 ;_ARABDUINO2+316
0x074A	0x88E7 ;_ARABDUINO2+318
0x074C	0x7F3C ;_ARABDUINO2+320
0x074E	0xFFFF ;_ARABDUINO2+322
0x0750	0x007F ;_ARABDUINO2+324
0x0752	0x7B00 ;_ARABDUINO2+326
0x0754	0x717B ;_ARABDUINO2+328
0x0756	0xDF3F ;_ARABDUINO2+330
0x0758	0x7FFF ;_ARABDUINO2+332
0x075A	0x0000 ;_ARABDUINO2+334
0x075C	0x7F7F ;_ARABDUINO2+336
0x075E	0xBF7F ;_ARABDUINO2+338
0x0760	0xC09E ;_ARABDUINO2+340
0x0762	0xFFF1 ;_ARABDUINO2+342
0x0764	0xFFFF ;_ARABDUINO2+344
0x0766	0x7FFF ;_ARABDUINO2+346
0x0768	0x0000 ;_ARABDUINO2+348
0x076A	0x7B7B ;_ARABDUINO2+350
0x076C	0x8670 ;_ARABDUINO2+352
0x076E	0xFFCF ;_ARABDUINO2+354
0x0770	0x7CFF ;_ARABDUINO2+356
0x0772	0x0178 ;_ARABDUINO2+358
0x0774	0x7C03 ;_ARABDUINO2+360
0x0776	0xFFFF ;_ARABDUINO2+362
0x0778	0xFFFF ;_ARABDUINO2+364
0x077A	0xFFFF ;_ARABDUINO2+366
0x077C	0xFFFF ;_ARABDUINO2+368
0x077E	0xFFFF ;_ARABDUINO2+370
0x0780	0xFFFF ;_ARABDUINO2+372
0x0782	0xFFFF ;_ARABDUINO2+374
0x0784	0xFFFF ;_ARABDUINO2+376
0x0786	0xFFFF ;_ARABDUINO2+378
0x0788	0xFFFF ;_ARABDUINO2+380
0x078A	0xFFFF ;_ARABDUINO2+382
0x078C	0xFFFF ;_ARABDUINO2+384
0x078E	0xFFFF ;_ARABDUINO2+386
0x0790	0xFFFF ;_ARABDUINO2+388
0x0792	0xFFFF ;_ARABDUINO2+390
0x0794	0xFFFF ;_ARABDUINO2+392
0x0796	0xFFFF ;_ARABDUINO2+394
0x0798	0xFFFF ;_ARABDUINO2+396
0x079A	0xFFFF ;_ARABDUINO2+398
0x079C	0xFFFF ;_ARABDUINO2+400
0x079E	0xFFFF ;_ARABDUINO2+402
0x07A0	0xFFFF ;_ARABDUINO2+404
0x07A2	0xFFFF ;_ARABDUINO2+406
0x07A4	0xFFFF ;_ARABDUINO2+408
0x07A6	0xFFFF ;_ARABDUINO2+410
0x07A8	0xFFFF ;_ARABDUINO2+412
0x07AA	0xFFFF ;_ARABDUINO2+414
0x07AC	0xFFFF ;_ARABDUINO2+416
0x07AE	0xFFFF ;_ARABDUINO2+418
0x07B0	0xFFFF ;_ARABDUINO2+420
0x07B2	0xFFFF ;_ARABDUINO2+422
0x07B4	0xFFFF ;_ARABDUINO2+424
0x07B6	0xFFFF ;_ARABDUINO2+426
0x07B8	0xFFFF ;_ARABDUINO2+428
0x07BA	0xFFFF ;_ARABDUINO2+430
0x07BC	0xFFFF ;_ARABDUINO2+432
0x07BE	0xFFFF ;_ARABDUINO2+434
0x07C0	0xFFFF ;_ARABDUINO2+436
0x07C2	0xFFFF ;_ARABDUINO2+438
0x07C4	0xFFFF ;_ARABDUINO2+440
0x07C6	0xFFFF ;_ARABDUINO2+442
0x07C8	0xFFFF ;_ARABDUINO2+444
0x07CA	0xFFFF ;_ARABDUINO2+446
0x07CC	0xFFFF ;_ARABDUINO2+448
0x07CE	0xFFFF ;_ARABDUINO2+450
0x07D0	0xFFFF ;_ARABDUINO2+452
0x07D2	0xFFFF ;_ARABDUINO2+454
0x07D4	0xFFFF ;_ARABDUINO2+456
0x07D6	0xFFFF ;_ARABDUINO2+458
0x07D8	0xFFFF ;_ARABDUINO2+460
0x07DA	0xFFFF ;_ARABDUINO2+462
0x07DC	0xFFFF ;_ARABDUINO2+464
0x07DE	0xFFFF ;_ARABDUINO2+466
0x07E0	0xFFFF ;_ARABDUINO2+468
0x07E2	0xFFFF ;_ARABDUINO2+470
0x07E4	0xFFFF ;_ARABDUINO2+472
0x07E6	0xFFFF ;_ARABDUINO2+474
0x07E8	0xFFFF ;_ARABDUINO2+476
0x07EA	0xFFFF ;_ARABDUINO2+478
0x07EC	0xFFFF ;_ARABDUINO2+480
0x07EE	0xFFFF ;_ARABDUINO2+482
0x07F0	0xFFFF ;_ARABDUINO2+484
0x07F2	0xFFFF ;_ARABDUINO2+486
0x07F4	0xFFFF ;_ARABDUINO2+488
0x07F6	0xFFFF ;_ARABDUINO2+490
0x07F8	0xFFFF ;_ARABDUINO2+492
0x07FA	0xFFFF ;_ARABDUINO2+494
0x07FC	0xFFFF ;_ARABDUINO2+496
0x07FE	0xFFFF ;_ARABDUINO2+498
0x0800	0xFFFF ;_ARABDUINO2+500
0x0802	0xFFFF ;_ARABDUINO2+502
0x0804	0xFFFF ;_ARABDUINO2+504
0x0806	0xFFFF ;_ARABDUINO2+506
0x0808	0xFFFF ;_ARABDUINO2+508
0x080A	0xFFFF ;_ARABDUINO2+510
0x080C	0xFFFF ;_ARABDUINO2+512
0x080E	0xFFFF ;_ARABDUINO2+514
0x0810	0xFFFF ;_ARABDUINO2+516
0x0812	0xFFFF ;_ARABDUINO2+518
0x0814	0xFFFF ;_ARABDUINO2+520
0x0816	0xFFFF ;_ARABDUINO2+522
0x0818	0xFFFF ;_ARABDUINO2+524
0x081A	0xFFFF ;_ARABDUINO2+526
0x081C	0xFFFF ;_ARABDUINO2+528
0x081E	0xFFFF ;_ARABDUINO2+530
0x0820	0xFFFF ;_ARABDUINO2+532
0x0822	0xFFFF ;_ARABDUINO2+534
0x0824	0xFFFF ;_ARABDUINO2+536
0x0826	0xFFFF ;_ARABDUINO2+538
0x0828	0xFFFF ;_ARABDUINO2+540
0x082A	0xFFFF ;_ARABDUINO2+542
0x082C	0xFFFF ;_ARABDUINO2+544
0x082E	0xFFFF ;_ARABDUINO2+546
0x0830	0xFFFF ;_ARABDUINO2+548
0x0832	0xFFFF ;_ARABDUINO2+550
0x0834	0xFFFF ;_ARABDUINO2+552
0x0836	0xFFFF ;_ARABDUINO2+554
0x0838	0xFFFF ;_ARABDUINO2+556
0x083A	0xFFFF ;_ARABDUINO2+558
0x083C	0xFFFF ;_ARABDUINO2+560
0x083E	0xFFFF ;_ARABDUINO2+562
0x0840	0xFFFF ;_ARABDUINO2+564
0x0842	0xFFFF ;_ARABDUINO2+566
0x0844	0xFFFF ;_ARABDUINO2+568
0x0846	0x03FF ;_ARABDUINO2+570
0x0848	0x0303 ;_ARABDUINO2+572
0x084A	0x7303 ;_ARABDUINO2+574
0x084C	0xF773 ;_ARABDUINO2+576
0x084E	0xF7F7 ;_ARABDUINO2+578
0x0850	0x7F8F ;_ARABDUINO2+580
0x0852	0xFFFF ;_ARABDUINO2+582
0x0854	0xFFFF ;_ARABDUINO2+584
0x0856	0xFFFF ;_ARABDUINO2+586
0x0858	0xFFFF ;_ARABDUINO2+588
0x085A	0xFFFF ;_ARABDUINO2+590
0x085C	0xFFFF ;_ARABDUINO2+592
0x085E	0xFFFF ;_ARABDUINO2+594
0x0860	0xFFFF ;_ARABDUINO2+596
0x0862	0xFFFF ;_ARABDUINO2+598
0x0864	0xFFFF ;_ARABDUINO2+600
0x0866	0xFFFF ;_ARABDUINO2+602
0x0868	0xFFFF ;_ARABDUINO2+604
0x086A	0xFFFF ;_ARABDUINO2+606
0x086C	0xFFFF ;_ARABDUINO2+608
0x086E	0xFFFF ;_ARABDUINO2+610
0x0870	0xFFFF ;_ARABDUINO2+612
0x0872	0xFFFF ;_ARABDUINO2+614
0x0874	0xFFFF ;_ARABDUINO2+616
0x0876	0xFFFF ;_ARABDUINO2+618
0x0878	0xFFFF ;_ARABDUINO2+620
0x087A	0xFFFF ;_ARABDUINO2+622
0x087C	0xFFFF ;_ARABDUINO2+624
0x087E	0xFFFF ;_ARABDUINO2+626
0x0880	0xFFFF ;_ARABDUINO2+628
0x0882	0xFFFF ;_ARABDUINO2+630
0x0884	0xFFFF ;_ARABDUINO2+632
0x0886	0xFFFF ;_ARABDUINO2+634
0x0888	0xFFFF ;_ARABDUINO2+636
0x088A	0xFFFF ;_ARABDUINO2+638
0x088C	0xFFFF ;_ARABDUINO2+640
0x088E	0xFFFF ;_ARABDUINO2+642
0x0890	0xFFFF ;_ARABDUINO2+644
0x0892	0xFFFF ;_ARABDUINO2+646
0x0894	0xFFFF ;_ARABDUINO2+648
0x0896	0x1FFF ;_ARABDUINO2+650
0x0898	0x0707 ;_ARABDUINO2+652
0x089A	0x0787 ;_ARABDUINO2+654
0x089C	0x1F07 ;_ARABDUINO2+656
0x089E	0xFFFF ;_ARABDUINO2+658
0x08A0	0x07FF ;_ARABDUINO2+660
0x08A2	0x0707 ;_ARABDUINO2+662
0x08A4	0xC7C7 ;_ARABDUINO2+664
0x08A6	0xC7C7 ;_ARABDUINO2+666
0x08A8	0x0F07 ;_ARABDUINO2+668
0x08AA	0xFF1F ;_ARABDUINO2+670
0x08AC	0xFFFF ;_ARABDUINO2+672
0x08AE	0x071F ;_ARABDUINO2+674
0x08B0	0x8707 ;_ARABDUINO2+676
0x08B2	0x0707 ;_ARABDUINO2+678
0x08B4	0xFF1F ;_ARABDUINO2+680
0x08B6	0xFFFF ;_ARABDUINO2+682
0x08B8	0x0707 ;_ARABDUINO2+684
0x08BA	0x4707 ;_ARABDUINO2+686
0x08BC	0x4747 ;_ARABDUINO2+688
0x08BE	0x0747 ;_ARABDUINO2+690
0x08C0	0x1F0F ;_ARABDUINO2+692
0x08C2	0xFFFF ;_ARABDUINO2+694
0x08C4	0xFFFF ;_ARABDUINO2+696
0x08C6	0x1803 ;_ARABDUINO2+698
0x08C8	0x1818 ;_ARABDUINO2+700
0x08CA	0x0000 ;_ARABDUINO2+702
0x08CC	0x0100 ;_ARABDUINO2+704
0x08CE	0xE3C3 ;_ARABDUINO2+706
0x08D0	0x063F ;_ARABDUINO2+708
0x08D2	0xFFC3 ;_ARABDUINO2+710
0x08D4	0x01FF ;_ARABDUINO2+712
0x08D6	0x0101 ;_ARABDUINO2+714
0x08D8	0xFFFF ;_ARABDUINO2+716
0x08DA	0xFFFF ;_ARABDUINO2+718
0x08DC	0x0101 ;_ARABDUINO2+720
0x08DE	0xFF01 ;_ARABDUINO2+722
0x08E0	0x0101 ;_ARABDUINO2+724
0x08E2	0xFF01 ;_ARABDUINO2+726
0x08E4	0x0101 ;_ARABDUINO2+728
0x08E6	0x0701 ;_ARABDUINO2+730
0x08E8	0x3F0F ;_ARABDUINO2+732
0x08EA	0x7F3F ;_ARABDUINO2+734
0x08EC	0x0101 ;_ARABDUINO2+736
0x08EE	0xFF01 ;_ARABDUINO2+738
0x08F0	0x070F ;_ARABDUINO2+740
0x08F2	0xC103 ;_ARABDUINO2+742
0x08F4	0xF1F1 ;_ARABDUINO2+744
0x08F6	0xC1F1 ;_ARABDUINO2+746
0x08F8	0x0703 ;_ARABDUINO2+748
0x08FA	0xFF0F ;_ARABDUINO2+750
0x08FC	0xFFFF ;_ARABDUINO2+752
0x08FE	0xFFFF ;_ARABDUINO2+754
0x0900	0xFFFF ;_ARABDUINO2+756
0x0902	0xFFFF ;_ARABDUINO2+758
0x0904	0xFFFF ;_ARABDUINO2+760
0x0906	0xFFFF ;_ARABDUINO2+762
0x0908	0xFFFF ;_ARABDUINO2+764
0x090A	0xFFFF ;_ARABDUINO2+766
0x090C	0xFFFF ;_ARABDUINO2+768
0x090E	0xFFFF ;_ARABDUINO2+770
0x0910	0xFFFF ;_ARABDUINO2+772
0x0912	0xFFFF ;_ARABDUINO2+774
0x0914	0xCFFF ;_ARABDUINO2+776
0x0916	0xC0C0 ;_ARABDUINO2+778
0x0918	0xE3E0 ;_ARABDUINO2+780
0x091A	0xE3E3 ;_ARABDUINO2+782
0x091C	0xC0E0 ;_ARABDUINO2+784
0x091E	0xCFC0 ;_ARABDUINO2+786
0x0920	0xC0FF ;_ARABDUINO2+788
0x0922	0xC0C0 ;_ARABDUINO2+790
0x0924	0xF8F8 ;_ARABDUINO2+792
0x0926	0xC0F0 ;_ARABDUINO2+794
0x0928	0xC4C0 ;_ARABDUINO2+796
0x092A	0xFFDE ;_ARABDUINO2+798
0x092C	0xC0CF ;_ARABDUINO2+800
0x092E	0xE0C0 ;_ARABDUINO2+802
0x0930	0xE3E3 ;_ARABDUINO2+804
0x0932	0xE0E3 ;_ARABDUINO2+806
0x0934	0xC0C0 ;_ARABDUINO2+808
0x0936	0xFFCF ;_ARABDUINO2+810
0x0938	0xC0C0 ;_ARABDUINO2+812
0x093A	0xC4C0 ;_ARABDUINO2+814
0x093C	0xC4C4 ;_ARABDUINO2+816
0x093E	0xC0C4 ;_ARABDUINO2+818
0x0940	0xE1C0 ;_ARABDUINO2+820
0x0942	0xFFFF ;_ARABDUINO2+822
0x0944	0xFFFF ;_ARABDUINO2+824
0x0946	0xC7F0 ;_ARABDUINO2+826
0x0948	0xC3C7 ;_ARABDUINO2+828
0x094A	0xF0C3 ;_ARABDUINO2+830
0x094C	0xF0F0 ;_ARABDUINO2+832
0x094E	0xF8F8 ;_ARABDUINO2+834
0x0950	0xFEFC ;_ARABDUINO2+836
0x0952	0xFFFF ;_ARABDUINO2+838
0x0954	0xF0FF ;_ARABDUINO2+840
0x0956	0xE0E0 ;_ARABDUINO2+842
0x0958	0xE1E1 ;_ARABDUINO2+844
0x095A	0xE1E1 ;_ARABDUINO2+846
0x095C	0xE0E0 ;_ARABDUINO2+848
0x095E	0xFFF0 ;_ARABDUINO2+850
0x0960	0xE0E0 ;_ARABDUINO2+852
0x0962	0xFFE0 ;_ARABDUINO2+854
0x0964	0xE0E0 ;_ARABDUINO2+856
0x0966	0xFFE0 ;_ARABDUINO2+858
0x0968	0xFFFF ;_ARABDUINO2+860
0x096A	0xFCFE ;_ARABDUINO2+862
0x096C	0xE0E0 ;_ARABDUINO2+864
0x096E	0xFFE0 ;_ARABDUINO2+866
0x0970	0xFCFE ;_ARABDUINO2+868
0x0972	0xE0F0 ;_ARABDUINO2+870
0x0974	0xE1E1 ;_ARABDUINO2+872
0x0976	0xE0E1 ;_ARABDUINO2+874
0x0978	0xFCF0 ;_ARABDUINO2+876
0x097A	0xFFFE ;_ARABDUINO2+878
0x097C	0xFFFF ;_ARABDUINO2+880
0x097E	0xFFFF ;_ARABDUINO2+882
0x0980	0xFFFF ;_ARABDUINO2+884
0x0982	0xFFFF ;_ARABDUINO2+886
0x0984	0xFFFF ;_ARABDUINO2+888
0x0986	0xFFFF ;_ARABDUINO2+890
0x0988	0xFFFF ;_ARABDUINO2+892
0x098A	0xFFFF ;_ARABDUINO2+894
0x098C	0xFFFF ;_ARABDUINO2+896
0x098E	0xFFFF ;_ARABDUINO2+898
0x0990	0xFFFF ;_ARABDUINO2+900
0x0992	0xFFFF ;_ARABDUINO2+902
0x0994	0xFFFF ;_ARABDUINO2+904
0x0996	0xFFFF ;_ARABDUINO2+906
0x0998	0xFFFF ;_ARABDUINO2+908
0x099A	0xFFFF ;_ARABDUINO2+910
0x099C	0xFFFF ;_ARABDUINO2+912
0x099E	0xFFFF ;_ARABDUINO2+914
0x09A0	0xFFFF ;_ARABDUINO2+916
0x09A2	0xFFFF ;_ARABDUINO2+918
0x09A4	0xFFFF ;_ARABDUINO2+920
0x09A6	0xFFFF ;_ARABDUINO2+922
0x09A8	0xFFFF ;_ARABDUINO2+924
0x09AA	0xFFFF ;_ARABDUINO2+926
0x09AC	0xFFFF ;_ARABDUINO2+928
0x09AE	0xFFFF ;_ARABDUINO2+930
0x09B0	0xFFFF ;_ARABDUINO2+932
0x09B2	0xFFFF ;_ARABDUINO2+934
0x09B4	0xFFFF ;_ARABDUINO2+936
0x09B6	0xFFFF ;_ARABDUINO2+938
0x09B8	0xFFFF ;_ARABDUINO2+940
0x09BA	0xFFFF ;_ARABDUINO2+942
0x09BC	0xFFFF ;_ARABDUINO2+944
0x09BE	0xFFFF ;_ARABDUINO2+946
0x09C0	0xFFFF ;_ARABDUINO2+948
0x09C2	0xFFFF ;_ARABDUINO2+950
0x09C4	0xFFFF ;_ARABDUINO2+952
0x09C6	0xFFFF ;_ARABDUINO2+954
0x09C8	0xFFFF ;_ARABDUINO2+956
0x09CA	0xFFFF ;_ARABDUINO2+958
0x09CC	0xFFFF ;_ARABDUINO2+960
0x09CE	0xFFFF ;_ARABDUINO2+962
0x09D0	0xFFFF ;_ARABDUINO2+964
0x09D2	0xFFFF ;_ARABDUINO2+966
0x09D4	0xFFFF ;_ARABDUINO2+968
0x09D6	0xFFFF ;_ARABDUINO2+970
0x09D8	0xFFFF ;_ARABDUINO2+972
0x09DA	0xFFFF ;_ARABDUINO2+974
0x09DC	0xFFFF ;_ARABDUINO2+976
0x09DE	0xFFFF ;_ARABDUINO2+978
0x09E0	0xFFFF ;_ARABDUINO2+980
0x09E2	0xFFFF ;_ARABDUINO2+982
0x09E4	0xFFFF ;_ARABDUINO2+984
0x09E6	0xFFFF ;_ARABDUINO2+986
0x09E8	0xFFFF ;_ARABDUINO2+988
0x09EA	0xFFFF ;_ARABDUINO2+990
0x09EC	0xFFFF ;_ARABDUINO2+992
0x09EE	0xFFFF ;_ARABDUINO2+994
0x09F0	0xFFFF ;_ARABDUINO2+996
0x09F2	0xFFFF ;_ARABDUINO2+998
0x09F4	0xFFFF ;_ARABDUINO2+1000
0x09F6	0xFFFF ;_ARABDUINO2+1002
0x09F8	0xFFFF ;_ARABDUINO2+1004
0x09FA	0xFFFF ;_ARABDUINO2+1006
0x09FC	0xFFFF ;_ARABDUINO2+1008
0x09FE	0xFFFF ;_ARABDUINO2+1010
0x0A00	0xFFFF ;_ARABDUINO2+1012
0x0A02	0xFFFF ;_ARABDUINO2+1014
0x0A04	0xFFFF ;_ARABDUINO2+1016
0x0A06	0xFFFF ;_ARABDUINO2+1018
0x0A08	0xFFFF ;_ARABDUINO2+1020
0x0A0A	0xFFFF ;_ARABDUINO2+1022
; end of _ARABDUINO2
Symbol List:
//** Routines locations **
//ADDRESS    SIZE    PROCEDURE
//----------------------------------------------
0x001C      [10]    _Delay_10us
0x0026      [10]    __Lib_Glcd_Strobe
0x0030      [36]    _Glcd_Set_X
0x0054      [26]    _Glcd_Set_Side
0x006E      [14]    _Glcd_Write_Data
0x007C      [14]    _Glcd_Set_Page
0x008A      [82]    _Glcd_Fill
0x00DC      [62]    _Glcd_Init
0x011A      [16]    ___CC2DW
0x012A     [136]    _Glcd_Image
0x01B2      [90]    _main
//** Variables locations ** 
//ADDRESS    SIZE    VARIABLE
//----------------------------------------------
0x0000       [1]    FLASH_Erase_64_SaveINTCON_L0
0x0000       [1]    SPI1_Write_tmp_L0
0x0000       [1]    __Lib_SoftI2C_PutZerosToLATScl_temp_scl_L0
0x0000       [1]    UART1_Init_tmp_L0
0x0000       [1]    EEPROM_Write_SaveINTCON_L0
0x0000       [1]    __Lib_SoftI2C_PutZerosToLATSda_temp_sda_L0
0x0000       [1]    R0
0x0001       [1]    sort_channels_i_L0
0x0001       [1]    FLASH_Write_8_i_L0
0x0001       [1]    UART1_Read___tmp_UART1_Read_L0
0x0001       [1]    __Lib_TFT_16bit_JPEG_FileReadBytes_Result_L0
0x0001       [1]    updatedata_loopc_L0
0x0001       [2]    FLASH_Read_N_Bytes_i_L0
0x0001       [1]    __Lib_TFT_JPEG_FileRead_i_L0
0x0001       [1]    FLASH_Erase_Write_64_i_L0
0x0001       [1]    R1
0x0001       [1]    __Lib_TFT_16bit_JPEG_FileRead_i_L0
0x0001       [1]    I2C1_Rd_tmp_L0
0x0001       [1]    __Lib_TFT_JPEG_FileReadBytes_Result_L0
0x0001       [1]    deletechannel_maxindex_L0
0x0001       [1]    __Lib_PS2_Wait_Falling_nsample_L0
0x0001       [1]    ispunct_rslt_L0
0x0002       [1]    FLASH_Write_8_SaveINTCON_L0
0x0002       [2]    memchr_s_L0
0x0002       [1]    sort_channels_j_L0
0x0002       [2]    memset_pp_L0
0x0002       [1]    R2
0x0002       [2]    strlen_cp_L0
0x0002       [1]    FLASH_Erase_Write_64_j_L0
0x0002       [2]    pinmode_vport_L0
0x0002       [2]    digitalwrite_vport_L0
0x0002       [2]    memcpy_dd_L0
0x0003       [1]    sort_channels_minindex_L0
0x0003       [1]    R3
0x0003       [1]    FLASH_Erase_Write_64_SaveINTCON_L0
0x0003       [2]    memmove_tt_L0
0x0003       [2]    Ltrim_original_L0
0x0004       [2]    strcpy_cp_L0
0x0004       [2]    strncat_cp_L0
0x0004       [2]    strcat_cp_L0
0x0004       [2]    frexp_pom_L0
0x0004       [2]    strncpy_cp_L0
0x0004       [2]    memcpy_ss_L0
0x0004       [1]    sort_channels_minvalue_L0
0x0004       [1]    R4
0x0005       [2]    LongIntToHex_input_half_L0
0x0005       [1]    R5
0x0005       [2]    memmove_ff_L0
0x0005       [2]    Ltrim_p_L0
0x0005       [4]    micros__time_L0
0x0005       [2]    LongWordToHex_input_half_L0
0x0006       [2]    digitalread_vport_L0
0x0006       [1]    R6
0x0007       [1]    R7
0x0007       [1]    __Lib_TFT_16bit_JPEG_GenerateHuffmanTables_bLength_L0
0x0007       [1]    __Lib_TFT_JPEG_GenerateHuffmanTables_bLength_L0
0x0008       [1]    R8
0x0008       [1]    __Lib_TFT_JPEG_GenerateHuffmanTables_bTable_L0
0x0008       [1]    __Lib_TFT_16bit_JPEG_GenerateHuffmanTables_bTable_L0
0x0009       [1]    micros__reg_L0
0x0009       [1]    R9
0x000A       [1]    R10
0x000B       [1]    R11
0x000C       [1]    R12
0x000D       [1]    R13
0x000E       [1]    R14
0x000F       [1]    R15
0x0010       [1]    R16
0x0011       [1]    R17
0x0012       [1]    R18
0x0013       [1]    R19
0x0014       [1]    R20
0x0015       [1]    __Lib_Glcd_FontInitialized
0x0016       [2]    __Lib_Glcd_ExternalFontSet
0x0018       [3]    FARG_Glcd_Image_image
0x0018       [1]    FARG_Glcd_Fill_pattern
0x0019       [1]    Glcd_Fill_yy_L0
0x001A       [1]    Glcd_Fill_page_L0
0x001B       [1]    Glcd_Image_col_L0
0x001C       [1]    Glcd_Image_pg_L0
0x001D       [2]    Glcd_Image_clan_niza_L0
0x001F       [1]    FARG_Glcd_Set_Side_x_pos
0x001F       [1]    FARG_Glcd_Write_Data_ddata
0x001F       [1]    FARG_Glcd_Set_Page_page
0x001F       [1]    FARG_Glcd_Set_X_x_pos
0x0F80       [0]    OSC2_bit
0x0F80       [0]    AN4_bit
0x0F80       [0]    AN3_bit
0x0F80       [0]    AN2_bit
0x0F80       [0]    AN1_bit
0x0F80       [1]    PORTA
0x0F80       [0]    AN0_bit
0x0F80       [0]    RA5_bit
0x0F80       [0]    RA1_bit
0x0F80       [0]    RA6_bit
0x0F80       [0]    RA2_bit
0x0F80       [0]    RA3_bit
0x0F80       [0]    RA4_bit
0x0F80       [0]    RA0_bit
0x0F80       [0]    T0CKI_bit
0x0F80       [0]    VREFP_bit
0x0F80       [0]    VREFM_bit
0x0F80       [0]    LVDIN_bit
0x0F80       [0]    CLKO_bit
0x0F80       [0]    SS_bit
0x0F81       [0]    PGM_bit
0x0F81       [0]    CCP2_PORTB_bit
0x0F81       [0]    PGD_bit
0x0F81       [0]    PGC_bit
0x0F81       [0]    INT2_bit
0x0F81       [1]    GLCD_DataPort
0x0F81       [1]    PORTB
0x0F81       [0]    INT1_bit
0x0F81       [0]    INT0_bit
0x0F81       [0]    RB2_bit
0x0F81       [0]    RB3_bit
0x0F81       [0]    RB0_bit
0x0F81       [0]    RB1_bit
0x0F81       [0]    RB4_bit
0x0F81       [0]    RB7_bit
0x0F81       [0]    CCP2A_bit
0x0F81       [0]    RB5_bit
0x0F81       [0]    RB6_bit
0x0F82       [0]    RX__bit
0x0F82       [1]    PORTC
0x0F82       [0]    RC0_bit
0x0F82       [0]    RC2_bit
0x0F82       [0]    RC1_bit
0x0F82       [0]    T1CKI_bit
0x0F82       [0]    SCL_bit
0x0F82       [0]    SDA_bit
0x0F82       [0]    CK_bit
0x0F82       [0]    CCP2_PORTC_bit
0x0F82       [0]    CCP1_bit
0x0F82       [0]    SDI_bit
0x0F82       [0]    SDO_bit
0x0F82       [0]    TX_bit
0x0F82       [0]    T1OSI_bit
0x0F82       [0]    SCK_bit
0x0F82       [0]    T1OSO_bit
0x0F82       [0]    RC4_bit
0x0F82       [0]    RC5_bit
0x0F82       [0]    RC3_bit
0x0F82       [0]    RC7_bit
0x0F82       [0]    RC6_bit
0x0F83       [0]    RD1_bit
0x0F83       [0]    RD0_bit
0x0F83       [0]    GLCD_RS
0x0F83       [0]    GLCD_CS1
0x0F83       [0]    GLCD_CS2
0x0F83       [0]    GLCD_RST
0x0F83       [0]    GLCD_EN
0x0F83       [0]    GLCD_RW
0x0F83       [0]    RD7_bit
0x0F83       [0]    RD4_bit
0x0F83       [0]    RD3_bit
0x0F83       [0]    RD2_bit
0x0F83       [0]    RD6_bit
0x0F83       [0]    RD5_bit
0x0F83       [1]    PORTD
0x0F83       [0]    PSP2_bit
0x0F83       [0]    PSP3_bit
0x0F83       [0]    PSP1_bit
0x0F83       [0]    PSP0_bit
0x0F83       [0]    PSP6_bit
0x0F83       [0]    PSP5_bit
0x0F83       [0]    PSP7_bit
0x0F83       [0]    PSP4_bit
0x0F84       [0]    AN5_bit
0x0F84       [0]    AN6_bit
0x0F84       [0]    CS_bit
0x0F84       [0]    RE1_bit
0x0F84       [0]    RE0_bit
0x0F84       [0]    WR_bit
0x0F84       [0]    AN7_bit
0x0F84       [0]    RE2_bit
0x0F84       [0]    RD_bit
0x0F84       [1]    PORTE
0x0F89       [0]    LATA4_bit
0x0F89       [0]    LATA2_bit
0x0F89       [0]    LATA6_bit
0x0F89       [0]    LATA1_bit
0x0F89       [0]    LATA3_bit
0x0F89       [0]    LATA0_bit
0x0F89       [1]    LATA
0x0F89       [0]    LATA5_bit
0x0F8A       [0]    LATB0_bit
0x0F8A       [1]    LATB
0x0F8A       [0]    LATB5_bit
0x0F8A       [0]    LATB3_bit
0x0F8A       [0]    LATB4_bit
0x0F8A       [0]    LATB7_bit
0x0F8A       [0]    LATB2_bit
0x0F8A       [0]    LATB6_bit
0x0F8A       [0]    LATB1_bit
0x0F8B       [1]    LATC
0x0F8B       [0]    LATC3_bit
0x0F8B       [0]    LATC4_bit
0x0F8B       [0]    LATC2_bit
0x0F8B       [0]    LATC0_bit
0x0F8B       [0]    LATC7_bit
0x0F8B       [0]    LATC1_bit
0x0F8B       [0]    LATC5_bit
0x0F8B       [0]    LATC6_bit
0x0F8C       [1]    LATD
0x0F8C       [0]    LATD7_bit
0x0F8C       [0]    LATD6_bit
0x0F8C       [0]    LATD2_bit
0x0F8C       [0]    LATD0_bit
0x0F8C       [0]    LATD1_bit
0x0F8C       [0]    LATD3_bit
0x0F8C       [0]    LATD5_bit
0x0F8C       [0]    LATD4_bit
0x0F8D       [0]    LATE0_bit
0x0F8D       [1]    LATE
0x0F8D       [0]    LATE2_bit
0x0F8D       [0]    LATE1_bit
0x0F92       [0]    TRISA6_bit
0x0F92       [0]    TRISA4_bit
0x0F92       [1]    TRISA
0x0F92       [0]    TRISA3_bit
0x0F92       [0]    TRISA1_bit
0x0F92       [0]    TRISA5_bit
0x0F92       [0]    TRISA0_bit
0x0F92       [0]    TRISA2_bit
0x0F93       [0]    TRISB4_bit
0x0F93       [0]    TRISB7_bit
0x0F93       [0]    TRISB3_bit
0x0F93       [0]    TRISB2_bit
0x0F93       [1]    TRISB
0x0F93       [0]    TRISB0_bit
0x0F93       [0]    TRISB6_bit
0x0F93       [0]    TRISB1_bit
0x0F93       [0]    TRISB5_bit
0x0F93       [0]    CCP2_TRISB_bit
0x0F94       [1]    TRISC
0x0F94       [0]    TRISC7_bit
0x0F94       [0]    TRISC1_bit
0x0F94       [0]    TRISC4_bit
0x0F94       [0]    TRISC5_bit
0x0F94       [0]    TRISC2_bit
0x0F94       [0]    CCP2_TRISC_bit
0x0F94       [0]    TRISC3_bit
0x0F94       [0]    TRISC6_bit
0x0F94       [0]    TRISC0_bit
0x0F95       [0]    GLCD_RW_Direction
0x0F95       [0]    TRISD2_bit
0x0F95       [0]    GLCD_RS_Direction
0x0F95       [0]    TRISD3_bit
0x0F95       [0]    TRISD5_bit
0x0F95       [0]    GLCD_CS1_Direction
0x0F95       [0]    GLCD_CS2_Direction
0x0F95       [0]    GLCD_EN_Direction
0x0F95       [0]    TRISD7_bit
0x0F95       [0]    TRISD4_bit
0x0F95       [0]    GLCD_RST_Direction
0x0F95       [1]    TRISD
0x0F95       [0]    TRISD1_bit
0x0F95       [0]    TRISD6_bit
0x0F95       [0]    TRISD0_bit
0x0F96       [0]    OBF_TRISE_bit
0x0F96       [0]    IBF_TRISE_bit
0x0F96       [0]    PSPMODE_TRISE_bit
0x0F96       [0]    IBOV_TRISE_bit
0x0F96       [1]    TRISE
0x0F96       [0]    TRISE2_bit
0x0F96       [0]    TRISE0_bit
0x0F96       [0]    TRISE1_bit
0x0F9D       [0]    CCP1IE_bit
0x0F9D       [0]    SSPIE_bit
0x0F9D       [0]    TMR1IE_bit
0x0F9D       [1]    PIE1
0x0F9D       [0]    TMR2IE_bit
0x0F9D       [0]    PSPIE_bit
0x0F9D       [0]    RCIE_bit
0x0F9D       [0]    ADIE_bit
0x0F9D       [0]    TXIE_bit
0x0F9E       [0]    CCP1IF_bit
0x0F9E       [0]    TMR1IF_bit
0x0F9E       [0]    TMR2IF_bit
0x0F9E       [1]    PIR1
0x0F9E       [0]    RCIF_bit
0x0F9E       [0]    ADIF_bit
0x0F9E       [0]    PSPIF_bit
0x0F9E       [0]    SSPIF_bit
0x0F9E       [0]    TXIF_bit
0x0F9F       [0]    ADIP_bit
0x0F9F       [0]    RCIP_bit
0x0F9F       [1]    IPR1
0x0F9F       [0]    PSPIP_bit
0x0F9F       [0]    TXIP_bit
0x0F9F       [0]    TMR2IP_bit
0x0F9F       [0]    TMR1IP_bit
0x0F9F       [0]    SSPIP_bit
0x0F9F       [0]    CCP1IP_bit
0x0FA0       [0]    EEIE_bit
0x0FA0       [1]    PIE2
0x0FA0       [0]    BCLIE_bit
0x0FA0       [0]    CCP2IE_bit
0x0FA0       [0]    TMR3IE_bit
0x0FA0       [0]    LVDIE_bit
0x0FA1       [0]    BCLIF_bit
0x0FA1       [0]    EEIF_bit
0x0FA1       [1]    PIR2
0x0FA1       [0]    CCP2IF_bit
0x0FA1       [0]    TMR3IF_bit
0x0FA1       [0]    LVDIF_bit
0x0FA2       [0]    EEIP_bit
0x0FA2       [1]    IPR2
0x0FA2       [0]    BCLIP_bit
0x0FA2       [0]    CCP2IP_bit
0x0FA2       [0]    TMR3IP_bit
0x0FA2       [0]    LVDIP_bit
0x0FA6       [0]    CFGS_bit
0x0FA6       [0]    EEPGD_bit
0x0FA6       [1]    EECON1
0x0FA6       [0]    WREN_bit
0x0FA6       [0]    WR_EECON1_bit
0x0FA6       [0]    RD_EECON1_bit
0x0FA6       [0]    FREE_bit
0x0FA6       [0]    WRERR_bit
0x0FA7       [1]    EECON2
0x0FA8       [1]    EEDATA
0x0FA9       [1]    EEADR
0x0FAB       [0]    RC8_9_bit
0x0FAB       [1]    RCSTA
0x0FAB       [0]    RC9_bit
0x0FAB       [0]    NOT_RC8_bit
0x0FAB       [0]    FERR_bit
0x0FAB       [0]    ADDEN_bit
0x0FAB       [0]    RX9D_bit
0x0FAB       [0]    OERR_bit
0x0FAB       [0]    CREN_bit
0x0FAB       [0]    SPEN_bit
0x0FAB       [0]    RCD8_bit
0x0FAB       [0]    SREN_bit
0x0FAB       [0]    RX9_bit
0x0FAC       [0]    CSRC_bit
0x0FAC       [0]    TXEN_bit
0x0FAC       [0]    TX9_bit
0x0FAC       [0]    NOT_TX8_bit
0x0FAC       [0]    TX8_9_bit
0x0FAC       [0]    TXD8_bit
0x0FAC       [0]    BRGH_bit
0x0FAC       [1]    TXSTA
0x0FAC       [0]    TX9D_bit
0x0FAC       [0]    TRMT_bit
0x0FAC       [0]    SYNC_bit
0x0FAD       [1]    TXREG
0x0FAE       [1]    RCREG
0x0FAF       [1]    SPBRG
0x0FB1       [1]    T3CON
0x0FB1       [0]    T3SYNC_bit
0x0FB1       [0]    RD16_bit
0x0FB1       [0]    T3CKPS0_bit
0x0FB1       [0]    T3INSYNC_bit
0x0FB1       [0]    T3CKPS1_bit
0x0FB1       [0]    TMR3CS_bit
0x0FB1       [0]    TMR3ON_bit
0x0FB1       [0]    NOT_T3SYNC_bit
0x0FB1       [0]    T3CCP2_bit
0x0FB1       [0]    T3CCP1_bit
0x0FB2       [1]    TMR3L
0x0FB3       [1]    TMR3H
0x0FBA       [0]    CCP2X_bit
0x0FBA       [0]    CCP2Y_bit
0x0FBA       [1]    CCP2CON
0x0FBA       [0]    DCCPX_bit
0x0FBA       [0]    CCP2M0_bit
0x0FBA       [0]    CCP2M1_bit
0x0FBA       [0]    CCP2M2_bit
0x0FBA       [0]    DC2B1_bit
0x0FBA       [0]    DC2B0_bit
0x0FBA       [0]    CCP2M3_bit
0x0FBB       [1]    CCPR2L
0x0FBB       [2]    CCPR2
0x0FBC       [1]    CCPR2H
0x0FBD       [1]    CCP1CON
0x0FBD       [0]    CCP1X_bit
0x0FBD       [0]    CCP1M3_bit
0x0FBD       [0]    DC1B0_bit
0x0FBD       [0]    DC1B1_bit
0x0FBD       [0]    CCP1M0_bit
0x0FBD       [0]    CCP1M1_bit
0x0FBD       [0]    CCP1M2_bit
0x0FBD       [0]    CCP1Y_bit
0x0FBE       [2]    CCPR1
0x0FBE       [1]    CCPR1L
0x0FBF       [1]    CCPR1H
0x0FC1       [0]    PCFG0_bit
0x0FC1       [0]    ADFM_bit
0x0FC1       [0]    ADCS2_bit
0x0FC1       [1]    ADCON1
0x0FC1       [0]    PCFG2_bit
0x0FC1       [0]    PCFG1_bit
0x0FC1       [0]    PCFG3_bit
0x0FC2       [1]    ADCON0
0x0FC2       [0]    ADCS1_bit
0x0FC2       [0]    ADCS0_bit
0x0FC2       [0]    NOT_DONE_bit
0x0FC2       [0]    GO_DONE_bit
0x0FC2       [0]    DONE_bit
0x0FC2       [0]    CHS2_bit
0x0FC2       [0]    GO_NOT_DONE_bit
0x0FC2       [0]    ADON_bit
0x0FC2       [0]    GO_bit
0x0FC2       [0]    CHS1_bit
0x0FC2       [0]    CHS0_bit
0x0FC3       [2]    ADRES
0x0FC3       [1]    ADRESL
0x0FC4       [1]    ADRESH
0x0FC5       [0]    ACKSTAT_bit
0x0FC5       [0]    ACKDT_bit
0x0FC5       [0]    GCEN_bit
0x0FC5       [1]    SSPCON2
0x0FC5       [0]    ACKEN_bit
0x0FC5       [0]    SEN_bit
0x0FC5       [0]    RSEN_bit
0x0FC5       [0]    RCEN_bit
0x0FC5       [0]    PEN_bit
0x0FC6       [0]    CKP_bit
0x0FC6       [0]    SSPEN_bit
0x0FC6       [0]    SSPOV_bit
0x0FC6       [0]    SSPM2_bit
0x0FC6       [0]    SSPM3_bit
0x0FC6       [0]    WCOL_bit
0x0FC6       [0]    SSPM1_bit
0x0FC6       [0]    SSPM0_bit
0x0FC6       [1]    SSPCON1
0x0FC7       [0]    D_A_bit
0x0FC7       [0]    I2C_DAT_bit
0x0FC7       [1]    SSPSTAT
0x0FC7       [0]    R_W_bit
0x0FC7       [0]    READ_WRITE_bit
0x0FC7       [0]    DATA_ADDRESS_bit
0x0FC7       [0]    NOT_WRITE_bit
0x0FC7       [0]    I2C_DATA_bit
0x0FC7       [0]    R_bit
0x0FC7       [0]    D_bit
0x0FC7       [0]    NOT_ADDRESS_bit
0x0FC7       [0]    R_NOT_W_bit
0x0FC7       [0]    S_bit
0x0FC7       [0]    P_bit
0x0FC7       [0]    D_NOT_A_bit
0x0FC7       [0]    BF_bit
0x0FC7       [0]    UA_bit
0x0FC7       [0]    I2C_STOP__bit
0x0FC7       [0]    CKE_bit
0x0FC7       [0]    NOT_W_bit
0x0FC7       [0]    NOT_A_bit
0x0FC7       [0]    I2C_START__bit
0x0FC7       [0]    I2C_READ_bit
0x0FC7       [0]    SMP_bit
0x0FC8       [1]    SSPADD
0x0FC9       [1]    SSPBUF
0x0FCA       [0]    TMR2ON_bit
0x0FCA       [0]    T2CKPS0_bit
0x0FCA       [0]    T2CKPS1_bit
0x0FCA       [0]    TOUTPS2_bit
0x0FCA       [0]    TOUTPS3_bit
0x0FCA       [0]    TOUTPS1_bit
0x0FCA       [1]    T2CON
0x0FCA       [0]    TOUTPS0_bit
0x0FCB       [1]    PR2
0x0FCC       [1]    TMR2
0x0FCD       [0]    T1OSCEN_bit
0x0FCD       [0]    RD16_T1CON_bit
0x0FCD       [0]    T1SYNC_bit
0x0FCD       [0]    TMR1ON_bit
0x0FCD       [0]    TMR1CS_bit
0x0FCD       [0]    NOT_T1SYNC_bit
0x0FCD       [0]    T1INSYNC_bit
0x0FCD       [1]    T1CON
0x0FCD       [0]    T1CKPS0_bit
0x0FCD       [0]    T1CKPS1_bit
0x0FCE       [1]    TMR1L
0x0FCF       [1]    TMR1H
0x0FD0       [0]    NOT_RI_bit
0x0FD0       [0]    IPEN_bit
0x0FD0       [0]    BOR_bit
0x0FD0       [0]    NOT_TO_bit
0x0FD0       [0]    NOT_BOR_bit
0x0FD0       [0]    NOT_POR_bit
0x0FD0       [0]    NOT_PD_bit
0x0FD0       [0]    RI_bit
0x0FD0       [0]    NOT_IPEN_bit
0x0FD0       [1]    RCON
0x0FD0       [0]    POR_bit
0x0FD0       [0]    PD_bit
0x0FD0       [0]    TO__bit
0x0FD1       [1]    WDTCON
0x0FD1       [0]    SWDTEN_bit
0x0FD1       [0]    SWDTE_bit
0x0FD2       [1]    LVDCON
0x0FD2       [0]    LVDL1_bit
0x0FD2       [0]    LVDL2_bit
0x0FD2       [0]    LVDL3_bit
0x0FD2       [0]    LVDEN_bit
0x0FD2       [0]    IRVST_bit
0x0FD2       [0]    LVDL0_bit
0x0FD3       [1]    OSCCON
0x0FD3       [0]    SCS_bit
0x0FD5       [0]    T0PS1_bit
0x0FD5       [0]    T0PS0_bit
0x0FD5       [1]    T0CON
0x0FD5       [0]    T0PS2_bit
0x0FD5       [0]    TMR0ON_bit
0x0FD5       [0]    T0SE_bit
0x0FD5       [0]    PSA_bit
0x0FD5       [0]    T08BIT_bit
0x0FD5       [0]    T0CS_bit
0x0FD6       [1]    TMR0L
0x0FD7       [1]    TMR0H
0x0FD8       [1]    STATUS
0x0FD8       [0]    N_bit
0x0FD8       [0]    DC_bit
0x0FD8       [0]    C_bit
0x0FD8       [0]    OV_bit
0x0FD8       [0]    Z_bit
0x0FD9       [2]    FSR2
0x0FD9       [2]    FSR2PTR
0x0FD9       [1]    FSR2L
0x0FDA       [1]    FSR2H
0x0FDB       [1]    PLUSW2
0x0FDC       [1]    PREINC2
0x0FDD       [1]    POSTDEC2
0x0FDE       [1]    POSTINC2
0x0FDF       [1]    INDF2
0x0FE0       [1]    BSR
0x0FE1       [2]    FSR1
0x0FE1       [2]    FSR1PTR
0x0FE1       [1]    FSR1L
0x0FE2       [1]    FSR1H
0x0FE3       [1]    PLUSW1
0x0FE4       [1]    PREINC1
0x0FE5       [1]    POSTDEC1
0x0FE6       [1]    POSTINC1
0x0FE7       [1]    INDF1
0x0FE8       [1]    WREG
0x0FE9       [2]    FSR0
0x0FE9       [2]    FSR0PTR
0x0FE9       [1]    FSR0L
0x0FEA       [1]    FSR0H
0x0FEB       [1]    PLUSW0
0x0FEC       [1]    PREINC0
0x0FED       [1]    POSTDEC0
0x0FEE       [1]    POSTINC0
0x0FEF       [1]    INDF0
0x0FF0       [0]    INT2IP_bit
0x0FF0       [0]    INT1F_bit
0x0FF0       [0]    INT2F_bit
0x0FF0       [0]    INT1IE_bit
0x0FF0       [0]    INT1IP_bit
0x0FF0       [0]    INT2IE_bit
0x0FF0       [0]    INT1E_bit
0x0FF0       [0]    INT2P_bit
0x0FF0       [0]    INT2IF_bit
0x0FF0       [0]    INT1IF_bit
0x0FF0       [0]    INT2E_bit
0x0FF0       [0]    INT1P_bit
0x0FF0       [1]    INTCON3
0x0FF1       [0]    TMR0IP_bit
0x0FF1       [0]    RBIP_bit
0x0FF1       [0]    T0IP_bit
0x0FF1       [0]    RBPU_bit
0x0FF1       [1]    INTCON2
0x0FF1       [0]    NOT_RBPU_bit
0x0FF1       [0]    INTEDG2_bit
0x0FF1       [0]    INTEDG1_bit
0x0FF1       [0]    INTEDG0_bit
0x0FF2       [0]    RBIE_bit
0x0FF2       [0]    INT0IE_bit
0x0FF2       [0]    TMR0IF_bit
0x0FF2       [0]    RBIF_bit
0x0FF2       [0]    INT0IF_bit
0x0FF2       [0]    GIEH_bit
0x0FF2       [1]    INTCON
0x0FF2       [1]    INTCON1
0x0FF2       [0]    PEIE_GIEL_bit
0x0FF2       [0]    GIE_bit
0x0FF2       [0]    GIEL_bit
0x0FF2       [0]    TMR0IE_bit
0x0FF2       [0]    INT0E_bit
0x0FF2       [0]    T0IE_bit
0x0FF2       [0]    PEIE_bit
0x0FF2       [0]    GIE_GIEH_bit
0x0FF2       [0]    INT0F_bit
0x0FF2       [0]    T0IF_bit
0x0FF3       [2]    PROD
0x0FF3       [1]    PRODL
0x0FF4       [1]    PRODH
0x0FF5       [1]    TABLAT
0x0FF6       [3]    TBLPTR
0x0FF6       [1]    TBLPTRL
0x0FF7       [1]    TBLPTRH
0x0FF8       [0]    TBLPTRU2_bit
0x0FF8       [0]    TBLPTRU1_bit
0x0FF8       [0]    ACSS_bit
0x0FF8       [0]    TBLPTRU4_bit
0x0FF8       [0]    TBLPTRU3_bit
0x0FF8       [1]    TBLPTRU
0x0FF8       [0]    TBLPTRU0_bit
0x0FF9       [1]    PCL
0x0FF9       [1]    PC
0x0FFA       [1]    PCLATH
0x0FFB       [0]    PCU2_bit
0x0FFB       [0]    PCU3_bit
0x0FFB       [0]    PCU4_bit
0x0FFB       [1]    PCLATU
0x0FFB       [0]    PCU0_bit
0x0FFB       [0]    PCU1_bit
0x0FFC       [0]    SP1_bit
0x0FFC       [0]    SP0_bit
0x0FFC       [0]    STKOVF_bit
0x0FFC       [0]    SP4_bit
0x0FFC       [0]    SP3_bit
0x0FFC       [0]    SP2_bit
0x0FFC       [0]    STKFUL_bit
0x0FFC       [0]    STKPTR0_bit
0x0FFC       [1]    STKPTR
0x0FFC       [0]    STKUNF_bit
0x0FFC       [0]    STKPTR3_bit
0x0FFC       [0]    STKPTR4_bit
0x0FFC       [0]    STKPTR1_bit
0x0FFC       [0]    STKPTR2_bit
0x0FFD       [1]    TOSL
0x0FFE       [1]    TOSH
0x0FFF       [1]    TOSU
//** Constants locations ** 
//ADDRESS    SIZE    CONSTANT
//----------------------------------------------
0x020C    [1024]    _like2
0x060C    [1024]    _ARABDUINO2
//** Label List: ** 
//----------------------------------------------
  L_main0
  L_main1
  L_main2
  L_main3
  _main
  L_Delay_10us0
  L_Delay_22us1
  L_Delay_50us2
  L_Delay_80us3
  L_Delay_500us4
  L_Delay_5500us5
  L_Delay_1ms6
  L_Delay_5ms7
  L_Delay_8ms8
  L_Delay_100ms9
  L_Delay_10ms10
  L_Delay_1sec11
  L____Boot_Delay4k12
  L____Boot_Delay8k13
  L____Boot_Delay12k14
  L____Boot_Delay16k15
  L____Boot_Delay24k16
  L____Boot_Delay32k17
  L____Boot_Delay48k18
  L____Boot_Delay64k19
  L____Boot_Delay128k20
  L_Delay_Cyc21
  L_Delay_Cyc22
  L_VDelay_ms23
  L_VDelay_ms24
  L_VDelay_ms25
  L_VDelay_Advanced_ms26
  L_VDelay_Advanced_ms27
  L_VDelay_Advanced_ms28
  _Get_Fosc_kHz
  _Delay_1us
  _Delay_10us
  _Delay_22us
  _Delay_50us
  _Delay_80us
  _Delay_500us
  _Delay_5500us
  _Delay_1ms
  _Delay_5ms
  _Delay_8ms
  _Delay_100ms
  _Delay_10ms
  _Delay_1sec
  ____Boot_Delay4k
  ____Boot_Delay8k
  ____Boot_Delay12k
  ____Boot_Delay16k
  ____Boot_Delay24k
  ____Boot_Delay32k
  ____Boot_Delay48k
  ____Boot_Delay64k
  ____Boot_Delay128k
  _Delay_Cyc
  _VDelay_ms
  L__VDelay_ms29
  L__VDelay_ms30
  L__VDelay_ms31
  _VDelay_Advanced_ms
  L__VDelay_Advanced_ms32
  L__VDelay_Advanced_ms33
  L__VDelay_Advanced_ms34
  L_Glcd_Set_Side0
  L_Glcd_Set_Side1
  L_Glcd_Fill2
  L_Glcd_Fill3
  L_Glcd_Fill4
  L_Glcd_Fill5
  L_Glcd_Fill6
  L_Glcd_Fill7
  L_Glcd_Fill8
  L_Glcd_Fill9
  L_Glcd_Fill10
  L_Glcd_Fill11
  L_Glcd_Fill12
  L_Glcd_Fill13
  L_Glcd_Write_Char14
  L_Glcd_Write_Char15
  L_Glcd_Write_Char16
  L_Glcd_Write_Char17
  L_Glcd_Write_Char18
  L_Glcd_Write_Char19
  L_Glcd_Write_Char20
  L_Glcd_Write_Char21
  L_Glcd_Write_Char22
  L_Glcd_Write_Char23
  L_Glcd_Write_Char24
  L_Glcd_Write_Char25
  L_Glcd_Write_Char26
  L_Glcd_Write_Char27
  L_Glcd_Write_Text28
  L_Glcd_Write_Text29
  L_Glcd_Write_Text30
  L_Glcd_Write_Const_Text31
  L_Glcd_Write_Const_Text32
  L_Glcd_Write_Const_Text33
  L_Glcd_Dot34
  L_Glcd_Dot35
  L_Glcd_Dot36
  L_Glcd_Dot37
  L_Glcd_Dot38
  L_Glcd_Dot39
  L_Glcd_Dot40
  L_Glcd_Dot41
  L_Glcd_Line42
  L_Glcd_Line43
  L_Glcd_Line44
  L_Glcd_Line45
  L_Glcd_Line46
  L_Glcd_Line47
  L_Glcd_Line48
  L_Glcd_Line49
  L_Glcd_Line50
  L_Glcd_Line51
  L_Glcd_Line52
  L_Glcd_Line53
  L_Glcd_Line54
  L_Glcd_Line55
  L_Glcd_Line56
  L_Glcd_Line57
  L_Glcd_Line58
  L_Glcd_Line59
  L_Glcd_Line60
  L_Glcd_Line61
  L_Glcd_H_Line62
  L_Glcd_H_Line63
  L_Glcd_H_Line64
  L_Glcd_H_Line65
  L_Glcd_H_Line66
  L_Glcd_H_Line67
  L_Glcd_H_Line68
  L_Glcd_H_Line69
  L_Glcd_H_Line70
  L_Glcd_H_Line71
  L_Glcd_V_Line72
  L_Glcd_V_Line73
  L_Glcd_V_Line74
  L_Glcd_V_Line75
  L_Glcd_V_Line76
  L_Glcd_V_Line77
  L_Glcd_V_Line78
  L_Glcd_V_Line79
  L_Glcd_V_Line80
  L_Glcd_V_Line81
  L_Glcd_Circle82
  L_Glcd_Circle83
  L_Glcd_Circle84
  L_Glcd_Circle85
  L_Glcd_Circle86
  L_Glcd_Circle87
  L_Glcd_Circle88
  L_Glcd_Circle89
  L_Glcd_Circle_Fill90
  L_Glcd_Circle_Fill91
  L_Glcd_Circle_Fill92
  L_Glcd_Circle_Fill93
  L_Glcd_Circle_Fill94
  L_Glcd_Circle_Fill95
  L_Glcd_Circle_Fill96
  L_Glcd_Circle_Fill97
  L_Glcd_Circle_Fill98
  L_Glcd_Circle_Fill99
  L_Glcd_Image100
  L_Glcd_Image101
  L_Glcd_Image102
  L_Glcd_Image103
  L_Glcd_Image104
  L_Glcd_Image105
  L_Glcd_Image106
  L_Glcd_Image107
  L_Glcd_Rectangle_Round_Edges108
  L_Glcd_Rectangle_Round_Edges109
  L_Glcd_Rectangle_Round_Edges110
  L_Glcd_Rectangle_Round_Edges111
  L_Glcd_Rectangle_Round_Edges112
  L_Glcd_Rectangle_Round_Edges113
  L_Glcd_Rectangle_Round_Edges114
  L_Glcd_Rectangle_Round_Edges115
  L_Glcd_Rectangle_Round_Edges116
  L_Glcd_Rectangle_Round_Edges117
  L_Glcd_Rectangle_Round_Edges118
  L_Glcd_Rectangle_Round_Edges119
  L_Glcd_Rectangle_Round_Edges120
  L_Glcd_Box121
  L_Glcd_Box122
  L_Glcd_Box123
  L_Glcd_Rectangle_Round_Edges_Fill124
  L_Glcd_Rectangle_Round_Edges_Fill125
  L_Glcd_Rectangle_Round_Edges_Fill126
  L_Glcd_Rectangle_Round_Edges_Fill127
  L_Glcd_Rectangle_Round_Edges_Fill128
  L_Glcd_Rectangle_Round_Edges_Fill129
  L_Glcd_Rectangle_Round_Edges_Fill130
  L_Glcd_Rectangle_Round_Edges_Fill131
  L_Glcd_Rectangle_Round_Edges_Fill132
  L_Glcd_Rectangle_Round_Edges_Fill133
  L_Glcd_Rectangle_Round_Edges_Fill134
  L_Glcd_Rectangle_Round_Edges_Fill135
  L_Glcd_Rectangle_Round_Edges_Fill136
  L_Glcd_Rectangle_Round_Edges_Fill137
  L_Glcd_PartialImage138
  L_Glcd_PartialImage139
  L_Glcd_PartialImage140
  L_Glcd_PartialImage141
  L_Glcd_PartialImage142
  L_Glcd_PartialImage143
  L_Glcd_PartialImage144
  L_Glcd_PartialImage145
  L_Glcd_PartialImage146
  L_Glcd_PartialImage147
  L_Glcd_PartialImage148
  L_Glcd_PartialImage149
  L_Glcd_PartialImage150
  L_Glcd_PartialImage151
  L_Glcd_PartialImage152
  L_Glcd_PartialImage153
  L_Glcd_PartialImage154
  L_Glcd_PartialImage155
  L_Glcd_PartialImage156
  L_Glcd_PartialImage157
  L_Glcd_PartialImage158
  L_Glcd_PartialImage159
  L_Glcd_PartialImage160
  L_Glcd_PartialImage161
  L_Glcd_PartialImage162
  L_Glcd_PartialImage163
  L_Glcd_PartialImage164
  L_Glcd_PartialImage165
  L_Glcd_PartialImage166
  L___Lib_Glcd__Glcd_getHeader167
  L___Lib_Glcd__Glcd_getHeader168
  L___Lib_Glcd__Glcd_getHeader169
  L___Lib_Glcd__Glcd_getHeader170
  L___Lib_Glcd__Glcd_getHeader171
  L___Lib_Glcd__Glcd_Write_Char_AdvE172
  L___Lib_Glcd__Glcd_Write_Char_AdvE173
  L___Lib_Glcd__Glcd_Write_Char_AdvE174
  L___Lib_Glcd__Glcd_Write_Char_AdvE175
  L___Lib_Glcd__Glcd_Write_Char_AdvE176
  L___Lib_Glcd__Glcd_Write_Char_AdvE177
  L___Lib_Glcd__Glcd_Write_Char_AdvE178
  L___Lib_Glcd__Glcd_Write_Char_AdvE179
  L___Lib_Glcd__Glcd_Write_Char_AdvE180
  L___Lib_Glcd__Glcd_Write_Char_AdvE181
  L___Lib_Glcd__Glcd_Write_Char_AdvE182
  L___Lib_Glcd__Glcd_Write_Char_AdvE183
  L___Lib_Glcd__Glcd_Write_Char_AdvE184
  L___Lib_Glcd__Glcd_Write_Char_AdvE185
  L___Lib_Glcd__Glcd_Write_Char_AdvE186
  L___Lib_Glcd__Glcd_Write_Char_AdvE187
  L___Lib_Glcd__Glcd_Write_Char_AdvE188
  L___Lib_Glcd__Glcd_Write_Char_AdvE189
  L___Lib_Glcd__Glcd_Write_Char_AdvE190
  L___Lib_Glcd__Glcd_Write_Char_AdvE191
  L___Lib_Glcd__Glcd_Write_Char_AdvE192
  L___Lib_Glcd__Glcd_Write_Char_AdvE193
  L___Lib_Glcd__Glcd_Write_Char_AdvE194
  L___Lib_Glcd__Glcd_Write_Char_AdvE195
  L___Lib_Glcd__Glcd_Write_Char_AdvE196
  L___Lib_Glcd__Glcd_Write_Char_Adv197
  L___Lib_Glcd__Glcd_Write_Char_Adv198
  L___Lib_Glcd__Glcd_Write_Char_Adv199
  L___Lib_Glcd__Glcd_Write_Char_Adv200
  L___Lib_Glcd__Glcd_Write_Char_Adv201
  L___Lib_Glcd__Glcd_Write_Char_Adv202
  L___Lib_Glcd__Glcd_Write_Char_Adv203
  L___Lib_Glcd__Glcd_Write_Char_Adv204
  L___Lib_Glcd__Glcd_Write_Char_Adv205
  L___Lib_Glcd__Glcd_Write_Char_Adv206
  L___Lib_Glcd__Glcd_Write_Char_Adv207
  L___Lib_Glcd__Glcd_Write_Char_Adv208
  L___Lib_Glcd__Glcd_Write_Char_Adv209
  L___Lib_Glcd__Glcd_Write_Char_Adv210
  L___Lib_Glcd__Glcd_Write_Char_Adv211
  L___Lib_Glcd__Glcd_Write_Char_Adv212
  L___Lib_Glcd__Glcd_Write_Char_Adv213
  L___Lib_Glcd__Glcd_Write_Char_Adv214
  L___Lib_Glcd__Glcd_Write_Char_Adv215
  L___Lib_Glcd__Glcd_Write_Char_Adv216
  L___Lib_Glcd__Glcd_Write_Char_Adv217
  L___Lib_Glcd__Glcd_Write_Char_Return_Pos218
  L___Lib_Glcd__Glcd_Write_Char_Return_Pos219
  L___Lib_Glcd__Glcd_Write_Char_Return_Pos220
  L___Lib_Glcd__Glcd_Write_Char_Return_PosE221
  L___Lib_Glcd__Glcd_Write_Char_Return_PosE222
  L_Glcd_Write_Text_Return_Pos223
  L_Glcd_Write_Text_Return_Pos224
  L_Glcd_Write_Text_Return_Pos225
  L_Glcd_Write_Text_Return_Pos226
  L_Glcd_Write_Text_Return_Pos227
  L_Glcd_Write_Text_Return_Pos228
  L_Glcd_Write_Const_Text_Return_Pos229
  L_Glcd_Write_Const_Text_Return_Pos230
  L_Glcd_Write_Const_Text_Return_Pos231
  L_Glcd_Write_Const_Text_Return_Pos232
  L_Glcd_Write_Const_Text_Return_Pos233
  L_Glcd_Write_Const_Text_Return_Pos234
  L_Glcd_Write_Char_Adv235
  L_Glcd_Write_Char_Adv236
  L_Glcd_Write_Char_Adv237
  L_Glcd_Write_Char_Adv238
  L_Glcd_Write_Text_Adv239
  L_Glcd_Write_Text_Adv240
  L_Glcd_Write_Text_Adv241
  L_Glcd_Write_Text_Adv242
  L_Glcd_Write_Text_Adv243
  L_Glcd_Write_Text_Adv244
  L_Glcd_Write_Const_Text_Adv245
  L_Glcd_Write_Const_Text_Adv246
  L_Glcd_Write_Const_Text_Adv247
  L_Glcd_Write_Const_Text_Adv248
  L_Glcd_Write_Const_Text_Adv249
  L_Glcd_Write_Const_Text_Adv250
  L_Glcd_Ext_Image251
  L_Glcd_Ext_Image252
  L_Glcd_Ext_Image253
  L_Glcd_Ext_Image254
  L_Glcd_Ext_Image255
  L_Glcd_Ext_Image256
  L_Glcd_Ext_Image257
  L_Glcd_Ext_Image258
  L_Glcd_Ext_Image259
  L_Glcd_Ext_Image260
  L_Glcd_Ext_PartialImage261
  L_Glcd_Ext_PartialImage262
  L_Glcd_Ext_PartialImage263
  L_Glcd_Ext_PartialImage264
  L_Glcd_Ext_PartialImage265
  L_Glcd_Ext_PartialImage266
  L_Glcd_Ext_PartialImage267
  L_Glcd_Ext_PartialImage268
  L_Glcd_Ext_PartialImage269
  L_Glcd_Ext_PartialImage270
  L_Glcd_Ext_PartialImage271
  L_Glcd_Ext_PartialImage272
  L_Glcd_Ext_PartialImage273
  L_Glcd_Ext_PartialImage274
  L_Glcd_Ext_PartialImage275
  L_Glcd_Ext_PartialImage276
  L_Glcd_Ext_PartialImage277
  L_Glcd_Ext_PartialImage278
  L_Glcd_Ext_PartialImage279
  L_Glcd_Ext_PartialImage280
  L_Glcd_Ext_PartialImage281
  L_Glcd_Ext_PartialImage282
  L_Glcd_Ext_PartialImage283
  L_Glcd_Ext_PartialImage284
  L_Glcd_Ext_PartialImage285
  L_Glcd_Ext_PartialImage286
  L_Glcd_Ext_PartialImage287
  L_Glcd_Ext_PartialImage288
  L_Glcd_Ext_PartialImage289
  L_Glcd_Ext_PartialImage290
  L_Glcd_Ext_PartialImage291
  L_Glcd_Ext_PartialImage292
  L_Glcd_Ext_PartialImage293
  L_Glcd_Ext_PartialImage294
  L_Glcd_Ext_PartialImage295
  L_Glcd_Ext_PartialImage296
  L_Glcd_Ext_PartialImage297
  L_Glcd_Ext_PartialImage298
  L__Glcd_Dot299
  L__Glcd_H_Line300
  L__Glcd_V_Line301
  L__Glcd_PartialImage302
  L__Glcd_PartialImage303
  L__Glcd_PartialImage304
  L__Glcd_Ext_PartialImage305
  L__Glcd_Ext_PartialImage306
  L__Glcd_Ext_PartialImage307
  L__Glcd_Ext_PartialImage308
  L__Glcd_Ext_PartialImage309
  L__Glcd_Ext_PartialImage310
  L_end_Strobe
  __Lib_Glcd_Strobe
  L_end_Glcd_Set_Page
  _Glcd_Set_Page
  L_end_Glcd_Set_Side
  _Glcd_Set_Side
  L_end_Glcd_Set_X
  _Glcd_Set_X
  L_end_Glcd_Read_Data
  _Glcd_Read_Data
  L_end_Glcd_Write_Data
  _Glcd_Write_Data
  L_end_Glcd_Fill
  _Glcd_Fill
  L_end_Glcd_Init
  _Glcd_Init
  L_end_Glcd_Set_Font
  _Glcd_Set_Font
  L_end_Glcd_Write_Char
  _Glcd_Write_Char
  L_end_Glcd_Write_Text
  _Glcd_Write_Text
  L_end_Glcd_Write_Const_Text
  _Glcd_Write_Const_Text
  L_end_Glcd_Dot
  _Glcd_Dot
  L__Glcd_Dot324
  L__Glcd_Dot325
  L_end_Glcd_Line
  _Glcd_Line
  L__Glcd_Line327
  L__Glcd_Line328
  L__Glcd_Line329
  L__Glcd_Line330
  L__Glcd_Line331
  L__Glcd_Line332
  L__Glcd_Line333
  L__Glcd_Line334
  L__Glcd_Line335
  L__Glcd_Line336
  L__Glcd_Line337
  L__Glcd_Line338
  L__Glcd_Line339
  L__Glcd_Line340
  L__Glcd_Line341
  L_end_Glcd_H_Line
  _Glcd_H_Line
  L_end_Glcd_V_Line
  _Glcd_V_Line
  L_end_Glcd_Circle
  _Glcd_Circle
  L__Glcd_Circle345
  L__Glcd_Circle346
  L__Glcd_Circle347
  L__Glcd_Circle348
  L__Glcd_Circle349
  L__Glcd_Circle350
  L_end_Glcd_Circle_Fill
  _Glcd_Circle_Fill
  L__Glcd_Circle_Fill352
  L__Glcd_Circle_Fill353
  L__Glcd_Circle_Fill354
  L__Glcd_Circle_Fill355
  L__Glcd_Circle_Fill356
  L__Glcd_Circle_Fill357
  L__Glcd_Circle_Fill358
  L__Glcd_Circle_Fill359
  L_end_Glcd_Image
  _Glcd_Image
  L_end_Glcd_Rectangle
  _Glcd_Rectangle
  L_end_Glcd_Rectangle_Round_Edges
  _Glcd_Rectangle_Round_Edges
  L__Glcd_Rectangle_Round_Edges363
  L__Glcd_Rectangle_Round_Edges364
  L__Glcd_Rectangle_Round_Edges365
  L__Glcd_Rectangle_Round_Edges366
  L__Glcd_Rectangle_Round_Edges367
  L__Glcd_Rectangle_Round_Edges368
  L__Glcd_Rectangle_Round_Edges369
  L__Glcd_Rectangle_Round_Edges370
  L__Glcd_Rectangle_Round_Edges371
  L_end_Glcd_Box
  _Glcd_Box
  L_end_Glcd_Rectangle_Round_Edges_Fill
  _Glcd_Rectangle_Round_Edges_Fill
  L__Glcd_Rectangle_Round_Edges_Fill374
  L__Glcd_Rectangle_Round_Edges_Fill375
  L__Glcd_Rectangle_Round_Edges_Fill376
  L__Glcd_Rectangle_Round_Edges_Fill377
  L__Glcd_Rectangle_Round_Edges_Fill378
  L__Glcd_Rectangle_Round_Edges_Fill379
  L__Glcd_Rectangle_Round_Edges_Fill380
  L__Glcd_Rectangle_Round_Edges_Fill381
  L__Glcd_Rectangle_Round_Edges_Fill382
  L__Glcd_Rectangle_Round_Edges_Fill383
  L_end_Glcd_PartialImage
  _Glcd_PartialImage
  L__Glcd_PartialImage385
  L__Glcd_PartialImage386
  L__Glcd_PartialImage387
  L__Glcd_PartialImage388
  L__Glcd_PartialImage389
  L__Glcd_PartialImage390
  L__Glcd_PartialImage391
  L__Glcd_PartialImage392
  L__Glcd_PartialImage393
  L__Glcd_PartialImage394
  L__Glcd_PartialImage395
  L__Glcd_PartialImage396
  L__Glcd_PartialImage397
  L__Glcd_PartialImage398
  L__Glcd_PartialImage399
  L__Glcd_PartialImage400
  L__Glcd_PartialImage401
  L__Glcd_PartialImage402
  L__Glcd_PartialImage403
  L__Glcd_PartialImage404
  L__Glcd_PartialImage405
  L__Glcd_PartialImage406
  L__Glcd_PartialImage407
  L__Glcd_PartialImage408
  L__Glcd_PartialImage409
  L__Glcd_PartialImage410
  L_end_Glcd_Set_Ext_Buffer
  _Glcd_Set_Ext_Buffer
  L_end__Glcd_getHeader
  __Lib_Glcd__Glcd_getHeader
  L___Lib_Glcd__Glcd_getHeader413
  L___Lib_Glcd__Glcd_getHeader414
  L_end_Glcd_Set_Font_Adv
  _Glcd_Set_Font_Adv
  L_end_Glcd_Set_Ext_Font_Adv
  _Glcd_Set_Ext_Font_Adv
  L_end__Glcd_Write_Char_AdvE
  __Lib_Glcd__Glcd_Write_Char_AdvE
  L___Lib_Glcd__Glcd_Write_Char_AdvE418
  L___Lib_Glcd__Glcd_Write_Char_AdvE419
  L___Lib_Glcd__Glcd_Write_Char_AdvE420
  L___Lib_Glcd__Glcd_Write_Char_AdvE421
  L___Lib_Glcd__Glcd_Write_Char_AdvE422
  L___Lib_Glcd__Glcd_Write_Char_AdvE423
  L___Lib_Glcd__Glcd_Write_Char_AdvE424
  L___Lib_Glcd__Glcd_Write_Char_AdvE425
  L_end__Glcd_Write_Char_Adv
  __Lib_Glcd__Glcd_Write_Char_Adv
  L___Lib_Glcd__Glcd_Write_Char_Adv427
  L___Lib_Glcd__Glcd_Write_Char_Adv428
  L___Lib_Glcd__Glcd_Write_Char_Adv429
  L___Lib_Glcd__Glcd_Write_Char_Adv430
  L_end__Glcd_Write_Char_Return_Pos
  __Lib_Glcd__Glcd_Write_Char_Return_Pos
  L___Lib_Glcd__Glcd_Write_Char_Return_Pos432
  L___Lib_Glcd__Glcd_Write_Char_Return_Pos433
  L_end__Glcd_Write_Char_Return_PosE
  __Lib_Glcd__Glcd_Write_Char_Return_PosE
  L___Lib_Glcd__Glcd_Write_Char_Return_PosE435
  L___Lib_Glcd__Glcd_Write_Char_Return_PosE436
  L_end_Glcd_Move_Cursor
  __Lib_Glcd_Glcd_Move_Cursor
  L_end_Glcd_Write_Text_Return_Pos
  _Glcd_Write_Text_Return_Pos
  L__Glcd_Write_Text_Return_Pos439
  L__Glcd_Write_Text_Return_Pos440
  L_end_Glcd_Write_Const_Text_Return_Pos
  _Glcd_Write_Const_Text_Return_Pos
  L__Glcd_Write_Const_Text_Return_Pos442
  L__Glcd_Write_Const_Text_Return_Pos443
  L_end_Glcd_Write_Char_Adv
  _Glcd_Write_Char_Adv
  L__Glcd_Write_Char_Adv445
  L__Glcd_Write_Char_Adv446
  L_end_Glcd_Write_Text_Adv
  _Glcd_Write_Text_Adv
  L__Glcd_Write_Text_Adv448
  L__Glcd_Write_Text_Adv449
  L_end_Glcd_Write_Const_Text_Adv
  _Glcd_Write_Const_Text_Adv
  L__Glcd_Write_Const_Text_Adv451
  L__Glcd_Write_Const_Text_Adv452
  L_end_Glcd_Ext_Image
  _Glcd_Ext_Image
  L__Glcd_Ext_Image454
  L__Glcd_Ext_Image455
  L__Glcd_Ext_Image456
  L__Glcd_Ext_Image457
  L__Glcd_Ext_Image458
  L_end_Glcd_Ext_PartialImage
  _Glcd_Ext_PartialImage
  L__Glcd_Ext_PartialImage460
  L__Glcd_Ext_PartialImage461
  L__Glcd_Ext_PartialImage462
  L__Glcd_Ext_PartialImage463
  L__Glcd_Ext_PartialImage464
  L__Glcd_Ext_PartialImage465
  L__Glcd_Ext_PartialImage466
  L__Glcd_Ext_PartialImage467
  L__Glcd_Ext_PartialImage468
  L__Glcd_Ext_PartialImage469
  L__Glcd_Ext_PartialImage470
  L__Glcd_Ext_PartialImage471
  L__Glcd_Ext_PartialImage472
  L__Glcd_Ext_PartialImage473
  L__Glcd_Ext_PartialImage474
  L__Glcd_Ext_PartialImage475
  L__Glcd_Ext_PartialImage476
  L__Glcd_Ext_PartialImage477
  L__Glcd_Ext_PartialImage478
  L__Glcd_Ext_PartialImage479
  L__Glcd_Ext_PartialImage480
  L__Glcd_Ext_PartialImage481
  L__Glcd_Ext_PartialImage482
  L__Glcd_Ext_PartialImage483
  L__Glcd_Ext_PartialImage484
  L__Glcd_Ext_PartialImage485
  L__Glcd_Ext_PartialImage486
  L__Glcd_Ext_PartialImage487
  L__Glcd_Ext_PartialImage488
  L__Glcd_Ext_PartialImage489
  _CC2D_Loop1
  _CC2DL_Loop1
  L_loopCA2AWs
  L_loopCCA2AWs
  L_loopCS2Ss
  L_CS2Send
  L_loopCCS2Ss
  L_CCS2Send
  L_loopFZinSWs
  L_longjmp7
  L_end___CC2D
  ___CC2D
  L_end___CC2DW
  ___CC2DW
  L_end___CA2AW
  ___CA2AW
  L_end___CCA2AW
  ___CCA2AW
  L_end___CS2S
  ___CS2S
  L_end___CCS2S
  ___CCS2S
  L_end___FZinS
  ___FZinS
  L_end_____DoIFC
  _____DoIFC
  L_end_Swap
  _Swap
  L_end_setjmp
  _setjmp
  L_end_longjmp
  _longjmp
